{"C:\\Users\\Shawon\\amarshop\\backend\\src\\app.controller.ts": {"path":"C:\\Users\\Shawon\\amarshop\\backend\\src\\app.controller.ts","statementMap":{"0":{"start":{"line":1,"column":0},"end":{"line":1,"column":49}},"1":{"start":{"line":2,"column":0},"end":{"line":2,"column":43}},"2":{"start":{"line":5,"column":7},"end":{"line":12,"column":null}},"3":{"start":{"line":6,"column":31},"end":{"line":6,"column":43}},"4":{"start":{"line":10,"column":4},"end":{"line":10,"column":38}},"5":{"start":{"line":5,"column":13},"end":{"line":5,"column":26}},"6":{"start":{"line":9,"column":2},"end":{"line":11,"column":null}},"7":{"start":{"line":5,"column":13},"end":{"line":12,"column":null}}},"fnMap":{"0":{"name":"(anonymous_2)","decl":{"start":{"line":6,"column":2},"end":{"line":6,"column":31}},"loc":{"start":{"line":6,"column":53},"end":{"line":6,"column":57}}},"1":{"name":"(anonymous_3)","decl":{"start":{"line":9,"column":2},"end":{"line":9,"column":10}},"loc":{"start":{"line":9,"column":10},"end":{"line":11,"column":3}}}},"branchMap":{"0":{"loc":{"start":{"line":6,"column":43},"end":{"line":6,"column":56}},"type":"cond-expr","locations":[{"start":{"line":6,"column":53},"end":{"line":6,"column":56}},{"start":{"line":6,"column":53},"end":{"line":6,"column":56}}]},"1":{"loc":{"start":{"line":6,"column":43},"end":{"line":6,"column":53}},"type":"binary-expr","locations":[{"start":{"line":6,"column":43},"end":{"line":6,"column":56}},{"start":{"line":6,"column":43},"end":{"line":6,"column":53}}]}},"s":{"0":1,"1":1,"2":1,"3":1,"4":1,"5":1,"6":1,"7":1},"f":{"0":1,"1":1},"b":{"0":[1,0],"1":[1,1]}}
,"C:\\Users\\Shawon\\amarshop\\backend\\src\\app.module.ts": {"path":"C:\\Users\\Shawon\\amarshop\\backend\\src\\app.module.ts","statementMap":{"0":{"start":{"line":1,"column":0},"end":{"line":1,"column":40}},"1":{"start":{"line":2,"column":0},"end":{"line":2,"column":46}},"2":{"start":{"line":3,"column":0},"end":{"line":3,"column":68}},"3":{"start":{"line":4,"column":0},"end":{"line":4,"column":41}},"4":{"start":{"line":5,"column":0},"end":{"line":5,"column":68}},"5":{"start":{"line":6,"column":0},"end":{"line":6,"column":74}},"6":{"start":{"line":7,"column":0},"end":{"line":7,"column":56}},"7":{"start":{"line":8,"column":0},"end":{"line":8,"column":56}},"8":{"start":{"line":9,"column":0},"end":{"line":9,"column":62}},"9":{"start":{"line":10,"column":0},"end":{"line":10,"column":68}},"10":{"start":{"line":11,"column":0},"end":{"line":11,"column":62}},"11":{"start":{"line":12,"column":0},"end":{"line":12,"column":59}},"12":{"start":{"line":13,"column":0},"end":{"line":13,"column":62}},"13":{"start":{"line":14,"column":0},"end":{"line":14,"column":71}},"14":{"start":{"line":15,"column":0},"end":{"line":15,"column":65}},"15":{"start":{"line":16,"column":0},"end":{"line":16,"column":80}},"16":{"start":{"line":17,"column":0},"end":{"line":17,"column":62}},"17":{"start":{"line":18,"column":0},"end":{"line":18,"column":53}},"18":{"start":{"line":19,"column":0},"end":{"line":19,"column":68}},"19":{"start":{"line":20,"column":0},"end":{"line":20,"column":50}},"20":{"start":{"line":21,"column":0},"end":{"line":21,"column":71}},"21":{"start":{"line":22,"column":0},"end":{"line":22,"column":74}},"22":{"start":{"line":23,"column":0},"end":{"line":23,"column":71}},"23":{"start":{"line":24,"column":0},"end":{"line":24,"column":56}},"24":{"start":{"line":25,"column":0},"end":{"line":25,"column":53}},"25":{"start":{"line":26,"column":0},"end":{"line":26,"column":77}},"26":{"start":{"line":27,"column":0},"end":{"line":27,"column":65}},"27":{"start":{"line":28,"column":0},"end":{"line":28,"column":50}},"28":{"start":{"line":29,"column":0},"end":{"line":29,"column":71}},"29":{"start":{"line":30,"column":0},"end":{"line":30,"column":49}},"30":{"start":{"line":31,"column":0},"end":{"line":31,"column":43}},"31":{"start":{"line":32,"column":0},"end":{"line":32,"column":null}},"32":{"start":{"line":36,"column":0},"end":{"line":36,"column":56}},"33":{"start":{"line":84,"column":7},"end":{"line":84,"column":null}},"34":{"start":{"line":84,"column":13},"end":{"line":84,"column":22}},"35":{"start":{"line":84,"column":13},"end":{"line":84,"column":null}}},"fnMap":{},"branchMap":{},"s":{"0":0,"1":0,"2":0,"3":0,"4":0,"5":0,"6":0,"7":0,"8":0,"9":0,"10":0,"11":0,"12":0,"13":0,"14":0,"15":0,"16":0,"17":0,"18":0,"19":0,"20":0,"21":0,"22":0,"23":0,"24":0,"25":0,"26":0,"27":0,"28":0,"29":0,"30":0,"31":0,"32":0,"33":0,"34":0,"35":0},"f":{},"b":{}}
,"C:\\Users\\Shawon\\amarshop\\backend\\src\\app.service.ts": {"path":"C:\\Users\\Shawon\\amarshop\\backend\\src\\app.service.ts","statementMap":{"0":{"start":{"line":1,"column":0},"end":{"line":1,"column":44}},"1":{"start":{"line":4,"column":7},"end":{"line":8,"column":null}},"2":{"start":{"line":6,"column":4},"end":{"line":6,"column":26}},"3":{"start":{"line":4,"column":13},"end":{"line":4,"column":23}},"4":{"start":{"line":4,"column":13},"end":{"line":8,"column":null}}},"fnMap":{"0":{"name":"(anonymous_1)","decl":{"start":{"line":5,"column":2},"end":{"line":5,"column":10}},"loc":{"start":{"line":5,"column":10},"end":{"line":7,"column":3}}}},"branchMap":{},"s":{"0":1,"1":1,"2":1,"3":1,"4":1},"f":{"0":1},"b":{}}
,"C:\\Users\\Shawon\\amarshop\\backend\\src\\error-tracking.ts": {"path":"C:\\Users\\Shawon\\amarshop\\backend\\src\\error-tracking.ts","statementMap":{"0":{"start":{"line":12,"column":0},"end":{"line":12,"column":16}},"1":{"start":{"line":52,"column":0},"end":{"line":52,"column":16}},"2":{"start":{"line":73,"column":0},"end":{"line":73,"column":16}},"3":{"start":{"line":81,"column":0},"end":{"line":81,"column":16}},"4":{"start":{"line":1,"column":0},"end":{"line":1,"column":39}},"5":{"start":{"line":2,"column":0},"end":{"line":2,"column":47}},"6":{"start":{"line":16,"column":2},"end":{"line":49,"column":5}},"7":{"start":{"line":17,"column":4},"end":{"line":21,"column":5}},"8":{"start":{"line":18,"column":6},"end":{"line":20,"column":9}},"9":{"start":{"line":22,"column":4},"end":{"line":28,"column":5}},"10":{"start":{"line":23,"column":26},"end":{"line":23,"column":56}},"11":{"start":{"line":24,"column":6},"end":{"line":24,"column":42}},"12":{"start":{"line":25,"column":6},"end":{"line":25,"column":35}},"13":{"start":{"line":26,"column":6},"end":{"line":26,"column":38}},"14":{"start":{"line":27,"column":6},"end":{"line":27,"column":78}},"15":{"start":{"line":29,"column":4},"end":{"line":31,"column":5}},"16":{"start":{"line":30,"column":6},"end":{"line":30,"column":55}},"17":{"start":{"line":32,"column":4},"end":{"line":36,"column":5}},"18":{"start":{"line":33,"column":6},"end":{"line":35,"column":8}},"19":{"start":{"line":34,"column":8},"end":{"line":34,"column":32}},"20":{"start":{"line":37,"column":4},"end":{"line":41,"column":5}},"21":{"start":{"line":38,"column":6},"end":{"line":40,"column":8}},"22":{"start":{"line":39,"column":8},"end":{"line":39,"column":34}},"23":{"start":{"line":43,"column":4},"end":{"line":46,"column":5}},"24":{"start":{"line":44,"column":6},"end":{"line":44,"column":54}},"25":{"start":{"line":45,"column":6},"end":{"line":45,"column":54}},"26":{"start":{"line":48,"column":4},"end":{"line":48,"column":35}},"27":{"start":{"line":53,"column":2},"end":{"line":70,"column":5}},"28":{"start":{"line":54,"column":4},"end":{"line":58,"column":5}},"29":{"start":{"line":55,"column":6},"end":{"line":57,"column":9}},"30":{"start":{"line":59,"column":4},"end":{"line":63,"column":5}},"31":{"start":{"line":60,"column":6},"end":{"line":62,"column":8}},"32":{"start":{"line":61,"column":8},"end":{"line":61,"column":32}},"33":{"start":{"line":64,"column":4},"end":{"line":68,"column":5}},"34":{"start":{"line":65,"column":6},"end":{"line":67,"column":8}},"35":{"start":{"line":66,"column":8},"end":{"line":66,"column":34}},"36":{"start":{"line":69,"column":4},"end":{"line":69,"column":35}},"37":{"start":{"line":78,"column":2},"end":{"line":78,"column":34}},"38":{"start":{"line":82,"column":2},"end":{"line":82,"column":23}}},"fnMap":{"0":{"name":"captureError","decl":{"start":{"line":12,"column":16},"end":{"line":12,"column":28}},"loc":{"start":{"line":14,"column":24},"end":{"line":50,"column":1}}},"1":{"name":"(anonymous_10)","decl":{"start":{"line":16,"column":19},"end":{"line":16,"column":20}},"loc":{"start":{"line":16,"column":29},"end":{"line":49,"column":3}}},"2":{"name":"(anonymous_11)","decl":{"start":{"line":33,"column":43},"end":{"line":33,"column":44}},"loc":{"start":{"line":34,"column":8},"end":{"line":34,"column":32}}},"3":{"name":"(anonymous_12)","decl":{"start":{"line":38,"column":44},"end":{"line":38,"column":45}},"loc":{"start":{"line":39,"column":8},"end":{"line":39,"column":34}}},"4":{"name":"captureMessage","decl":{"start":{"line":52,"column":16},"end":{"line":52,"column":30}},"loc":{"start":{"line":52,"column":70},"end":{"line":71,"column":1}}},"5":{"name":"(anonymous_14)","decl":{"start":{"line":53,"column":19},"end":{"line":53,"column":20}},"loc":{"start":{"line":53,"column":29},"end":{"line":70,"column":3}}},"6":{"name":"(anonymous_15)","decl":{"start":{"line":60,"column":43},"end":{"line":60,"column":44}},"loc":{"start":{"line":61,"column":8},"end":{"line":61,"column":32}}},"7":{"name":"(anonymous_16)","decl":{"start":{"line":65,"column":44},"end":{"line":65,"column":45}},"loc":{"start":{"line":66,"column":8},"end":{"line":66,"column":34}}},"8":{"name":"setUserContext","decl":{"start":{"line":73,"column":16},"end":{"line":73,"column":30}},"loc":{"start":{"line":77,"column":1},"end":{"line":79,"column":1}}},"9":{"name":"clearUserContext","decl":{"start":{"line":81,"column":16},"end":{"line":81,"column":32}},"loc":{"start":{"line":81,"column":32},"end":{"line":83,"column":1}}}},"branchMap":{"0":{"loc":{"start":{"line":17,"column":4},"end":{"line":21,"column":5}},"type":"if","locations":[{"start":{"line":17,"column":4},"end":{"line":21,"column":5}},{"start":{},"end":{}}]},"1":{"loc":{"start":{"line":22,"column":4},"end":{"line":28,"column":5}},"type":"if","locations":[{"start":{"line":22,"column":4},"end":{"line":28,"column":5}},{"start":{},"end":{}}]},"2":{"loc":{"start":{"line":22,"column":8},"end":{"line":22,"column":53}},"type":"binary-expr","locations":[{"start":{"line":22,"column":8},"end":{"line":22,"column":24}},{"start":{"line":22,"column":28},"end":{"line":22,"column":53}}]},"3":{"loc":{"start":{"line":29,"column":4},"end":{"line":31,"column":5}},"type":"if","locations":[{"start":{"line":29,"column":4},"end":{"line":31,"column":5}},{"start":{},"end":{}}]},"4":{"loc":{"start":{"line":32,"column":4},"end":{"line":36,"column":5}},"type":"if","locations":[{"start":{"line":32,"column":4},"end":{"line":36,"column":5}},{"start":{},"end":{}}]},"5":{"loc":{"start":{"line":37,"column":4},"end":{"line":41,"column":5}},"type":"if","locations":[{"start":{"line":37,"column":4},"end":{"line":41,"column":5}},{"start":{},"end":{}}]},"6":{"loc":{"start":{"line":43,"column":4},"end":{"line":46,"column":5}},"type":"if","locations":[{"start":{"line":43,"column":4},"end":{"line":46,"column":5}},{"start":{},"end":{}}]},"7":{"loc":{"start":{"line":54,"column":4},"end":{"line":58,"column":5}},"type":"if","locations":[{"start":{"line":54,"column":4},"end":{"line":58,"column":5}},{"start":{},"end":{}}]},"8":{"loc":{"start":{"line":59,"column":4},"end":{"line":63,"column":5}},"type":"if","locations":[{"start":{"line":59,"column":4},"end":{"line":63,"column":5}},{"start":{},"end":{}}]},"9":{"loc":{"start":{"line":64,"column":4},"end":{"line":68,"column":5}},"type":"if","locations":[{"start":{"line":64,"column":4},"end":{"line":68,"column":5}},{"start":{},"end":{}}]}},"s":{"0":0,"1":0,"2":0,"3":0,"4":0,"5":0,"6":0,"7":0,"8":0,"9":0,"10":0,"11":0,"12":0,"13":0,"14":0,"15":0,"16":0,"17":0,"18":0,"19":0,"20":0,"21":0,"22":0,"23":0,"24":0,"25":0,"26":0,"27":0,"28":0,"29":0,"30":0,"31":0,"32":0,"33":0,"34":0,"35":0,"36":0,"37":0,"38":0},"f":{"0":0,"1":0,"2":0,"3":0,"4":0,"5":0,"6":0,"7":0,"8":0,"9":0},"b":{"0":[0,0],"1":[0,0],"2":[0,0],"3":[0,0],"4":[0,0],"5":[0,0],"6":[0,0],"7":[0,0],"8":[0,0],"9":[0,0]}}
,"C:\\Users\\Shawon\\amarshop\\backend\\src\\main.ts": {"path":"C:\\Users\\Shawon\\amarshop\\backend\\src\\main.ts","statementMap":{"0":{"start":{"line":1,"column":0},"end":{"line":1,"column":43}},"1":{"start":{"line":2,"column":0},"end":{"line":2,"column":48}},"2":{"start":{"line":3,"column":0},"end":{"line":3,"column":41}},"3":{"start":{"line":4,"column":0},"end":{"line":4,"column":null}},"4":{"start":{"line":8,"column":0},"end":{"line":8,"column":79}},"5":{"start":{"line":9,"column":0},"end":{"line":9,"column":67}},"6":{"start":{"line":10,"column":0},"end":{"line":10,"column":28}},"7":{"start":{"line":11,"column":0},"end":{"line":11,"column":41}},"8":{"start":{"line":14,"column":13},"end":{"line":14,"column":23}},"9":{"start":{"line":15,"column":2},"end":{"line":15,"column":79}},"10":{"start":{"line":16,"column":2},"end":{"line":16,"column":23}},"11":{"start":{"line":17,"column":2},"end":{"line":20,"column":4}},"12":{"start":{"line":22,"column":13},"end":{"line":22,"column":23}},"13":{"start":{"line":23,"column":2},"end":{"line":26,"column":4}},"14":{"start":{"line":27,"column":14},"end":{"line":27,"column":49}},"15":{"start":{"line":28,"column":2},"end":{"line":31,"column":4}},"16":{"start":{"line":34,"column":26},"end":{"line":34,"column":78}},"17":{"start":{"line":35,"column":2},"end":{"line":39,"column":3}},"18":{"start":{"line":36,"column":4},"end":{"line":38,"column":5}},"19":{"start":{"line":37,"column":6},"end":{"line":37,"column":75}},"20":{"start":{"line":42,"column":2},"end":{"line":83,"column":4}},"21":{"start":{"line":86,"column":2},"end":{"line":86,"column":51}},"22":{"start":{"line":89,"column":25},"end":{"line":93,"column":33}},"23":{"start":{"line":90,"column":53},"end":{"line":90,"column":61}},"24":{"start":{"line":95,"column":2},"end":{"line":110,"column":5}},"25":{"start":{"line":113,"column":2},"end":{"line":119,"column":4}},"26":{"start":{"line":122,"column":2},"end":{"line":122,"column":80}},"27":{"start":{"line":125,"column":22},"end":{"line":125,"column":42}},"28":{"start":{"line":126,"column":2},"end":{"line":137,"column":5}},"29":{"start":{"line":127,"column":4},"end":{"line":134,"column":5}},"30":{"start":{"line":131,"column":6},"end":{"line":131,"column":27}},"31":{"start":{"line":132,"column":6},"end":{"line":132,"column":27}},"32":{"start":{"line":133,"column":6},"end":{"line":133,"column":13}},"33":{"start":{"line":135,"column":4},"end":{"line":135,"column":50}},"34":{"start":{"line":136,"column":4},"end":{"line":136,"column":38}},"35":{"start":{"line":139,"column":15},"end":{"line":139,"column":39}},"36":{"start":{"line":140,"column":2},"end":{"line":140,"column":25}},"37":{"start":{"line":141,"column":2},"end":{"line":141,"column":69}},"38":{"start":{"line":144,"column":0},"end":{"line":144,"column":17}}},"fnMap":{"0":{"name":"bootstrap","decl":{"start":{"line":13,"column":15},"end":{"line":13,"column":24}},"loc":{"start":{"line":13,"column":24},"end":{"line":142,"column":1}}},"1":{"name":"(anonymous_2)","decl":{"start":{"line":90,"column":46},"end":{"line":90,"column":47}},"loc":{"start":{"line":90,"column":53},"end":{"line":90,"column":61}}},"2":{"name":"(anonymous_3)","decl":{"start":{"line":126,"column":30},"end":{"line":126,"column":35}},"loc":{"start":{"line":126,"column":59},"end":{"line":137,"column":3}}}},"branchMap":{"0":{"loc":{"start":{"line":36,"column":4},"end":{"line":38,"column":5}},"type":"if","locations":[{"start":{"line":36,"column":4},"end":{"line":38,"column":5}},{"start":{},"end":{}}]},"1":{"loc":{"start":{"line":89,"column":25},"end":{"line":93,"column":33}},"type":"cond-expr","locations":[{"start":{"line":90,"column":6},"end":{"line":90,"column":62}},{"start":{"line":91,"column":6},"end":{"line":93,"column":33}}]},"2":{"loc":{"start":{"line":91,"column":6},"end":{"line":93,"column":33}},"type":"cond-expr","locations":[{"start":{"line":92,"column":8},"end":{"line":92,"column":39}},{"start":{"line":93,"column":8},"end":{"line":93,"column":33}}]},"3":{"loc":{"start":{"line":127,"column":4},"end":{"line":134,"column":5}},"type":"if","locations":[{"start":{"line":127,"column":4},"end":{"line":134,"column":5}},{"start":{},"end":{}}]},"4":{"loc":{"start":{"line":128,"column":6},"end":{"line":129,"column":68}},"type":"binary-expr","locations":[{"start":{"line":128,"column":6},"end":{"line":128,"column":43}},{"start":{"line":129,"column":6},"end":{"line":129,"column":68}}]},"5":{"loc":{"start":{"line":139,"column":15},"end":{"line":139,"column":39}},"type":"binary-expr","locations":[{"start":{"line":139,"column":15},"end":{"line":139,"column":31}},{"start":{"line":139,"column":35},"end":{"line":139,"column":39}}]}},"s":{"0":0,"1":0,"2":0,"3":0,"4":0,"5":0,"6":0,"7":0,"8":0,"9":0,"10":0,"11":0,"12":0,"13":0,"14":0,"15":0,"16":0,"17":0,"18":0,"19":0,"20":0,"21":0,"22":0,"23":0,"24":0,"25":0,"26":0,"27":0,"28":0,"29":0,"30":0,"31":0,"32":0,"33":0,"34":0,"35":0,"36":0,"37":0,"38":0},"f":{"0":0,"1":0,"2":0},"b":{"0":[0,0],"1":[0,0],"2":[0,0],"3":[0,0],"4":[0,0],"5":[0,0]}}
,"C:\\Users\\Shawon\\amarshop\\backend\\src\\common\\health.controller.ts": {"path":"C:\\Users\\Shawon\\amarshop\\backend\\src\\common\\health.controller.ts","statementMap":{"0":{"start":{"line":1,"column":0},"end":{"line":1,"column":61}},"1":{"start":{"line":2,"column":0},"end":{"line":2,"column":49}},"2":{"start":{"line":5,"column":7},"end":{"line":31,"column":null}},"3":{"start":{"line":6,"column":22},"end":{"line":6,"column":37}},"4":{"start":{"line":9,"column":4},"end":{"line":14,"column":5}},"5":{"start":{"line":10,"column":6},"end":{"line":10,"column":51}},"6":{"start":{"line":11,"column":6},"end":{"line":11,"column":51}},"7":{"start":{"line":13,"column":6},"end":{"line":13,"column":41}},"8":{"start":{"line":18,"column":4},"end":{"line":29,"column":5}},"9":{"start":{"line":19,"column":6},"end":{"line":25,"column":7}},"10":{"start":{"line":23,"column":8},"end":{"line":23,"column":49}},"11":{"start":{"line":24,"column":8},"end":{"line":24,"column":53}},"12":{"start":{"line":26,"column":6},"end":{"line":26,"column":51}},"13":{"start":{"line":28,"column":6},"end":{"line":28,"column":41}},"14":{"start":{"line":5,"column":13},"end":{"line":5,"column":30}},"15":{"start":{"line":5,"column":13},"end":{"line":31,"column":null}},"16":{"start":{"line":34,"column":7},"end":{"line":83,"column":null}},"17":{"start":{"line":36,"column":12},"end":{"line":36,"column":27}},"18":{"start":{"line":37,"column":12},"end":{"line":37,"column":21}},"19":{"start":{"line":42,"column":15},"end":{"line":42,"column":49}},"20":{"start":{"line":43,"column":18},"end":{"line":43,"column":49}},"21":{"start":{"line":45,"column":6},"end":{"line":46,"column":66}},"22":{"start":{"line":48,"column":4},"end":{"line":52,"column":6}},"23":{"start":{"line":57,"column":15},"end":{"line":57,"column":49}},"24":{"start":{"line":58,"column":4},"end":{"line":61,"column":6}},"25":{"start":{"line":66,"column":4},"end":{"line":69,"column":6}},"26":{"start":{"line":74,"column":15},"end":{"line":74,"column":49}},"27":{"start":{"line":75,"column":18},"end":{"line":75,"column":49}},"28":{"start":{"line":77,"column":4},"end":{"line":81,"column":6}},"29":{"start":{"line":34,"column":13},"end":{"line":34,"column":29}},"30":{"start":{"line":41,"column":8},"end":{"line":53,"column":null}},"31":{"start":{"line":56,"column":8},"end":{"line":62,"column":null}},"32":{"start":{"line":65,"column":2},"end":{"line":70,"column":null}},"33":{"start":{"line":73,"column":8},"end":{"line":82,"column":null}},"34":{"start":{"line":34,"column":13},"end":{"line":83,"column":null}}},"fnMap":{"0":{"name":"(anonymous_2)","decl":{"start":{"line":6,"column":2},"end":{"line":6,"column":22}},"loc":{"start":{"line":6,"column":50},"end":{"line":6,"column":54}}},"1":{"name":"(anonymous_3)","decl":{"start":{"line":8,"column":2},"end":{"line":8,"column":7}},"loc":{"start":{"line":8,"column":21},"end":{"line":15,"column":3}}},"2":{"name":"(anonymous_4)","decl":{"start":{"line":17,"column":2},"end":{"line":17,"column":7}},"loc":{"start":{"line":17,"column":18},"end":{"line":30,"column":3}}},"3":{"name":"(anonymous_5)","decl":{"start":{"line":35,"column":2},"end":{"line":35,"column":null}},"loc":{"start":{"line":37,"column":38},"end":{"line":38,"column":6}}},"4":{"name":"(anonymous_6)","decl":{"start":{"line":41,"column":8},"end":{"line":41,"column":13}},"loc":{"start":{"line":41,"column":13},"end":{"line":53,"column":3}}},"5":{"name":"(anonymous_7)","decl":{"start":{"line":56,"column":8},"end":{"line":56,"column":17}},"loc":{"start":{"line":56,"column":17},"end":{"line":62,"column":3}}},"6":{"name":"(anonymous_8)","decl":{"start":{"line":65,"column":2},"end":{"line":65,"column":10}},"loc":{"start":{"line":65,"column":10},"end":{"line":70,"column":3}}},"7":{"name":"(anonymous_9)","decl":{"start":{"line":73,"column":8},"end":{"line":73,"column":20}},"loc":{"start":{"line":73,"column":20},"end":{"line":82,"column":3}}}},"branchMap":{"0":{"loc":{"start":{"line":19,"column":6},"end":{"line":25,"column":7}},"type":"if","locations":[{"start":{"line":19,"column":6},"end":{"line":25,"column":7}},{"start":{},"end":{}}]},"1":{"loc":{"start":{"line":20,"column":8},"end":{"line":21,"column":41}},"type":"binary-expr","locations":[{"start":{"line":20,"column":8},"end":{"line":20,"column":58}},{"start":{"line":21,"column":8},"end":{"line":21,"column":41}}]},"2":{"loc":{"start":{"line":6,"column":37},"end":{"line":6,"column":53}},"type":"cond-expr","locations":[{"start":{"line":6,"column":50},"end":{"line":6,"column":53}},{"start":{"line":6,"column":50},"end":{"line":6,"column":53}}]},"3":{"loc":{"start":{"line":6,"column":37},"end":{"line":6,"column":50}},"type":"binary-expr","locations":[{"start":{"line":6,"column":37},"end":{"line":6,"column":53}},{"start":{"line":6,"column":37},"end":{"line":6,"column":50}}]},"4":{"loc":{"start":{"line":45,"column":6},"end":{"line":46,"column":66}},"type":"binary-expr","locations":[{"start":{"line":45,"column":6},"end":{"line":45,"column":24}},{"start":{"line":46,"column":7},"end":{"line":46,"column":28}},{"start":{"line":46,"column":32},"end":{"line":46,"column":65}}]},"5":{"loc":{"start":{"line":49,"column":14},"end":{"line":49,"column":44}},"type":"cond-expr","locations":[{"start":{"line":49,"column":22},"end":{"line":49,"column":31}},{"start":{"line":49,"column":34},"end":{"line":49,"column":44}}]},"6":{"loc":{"start":{"line":59,"column":14},"end":{"line":59,"column":56}},"type":"cond-expr","locations":[{"start":{"line":59,"column":35},"end":{"line":59,"column":42}},{"start":{"line":59,"column":45},"end":{"line":59,"column":56}}]},"7":{"loc":{"start":{"line":36,"column":27},"end":{"line":36,"column":null}},"type":"cond-expr","locations":[{"start":{"line":36,"column":40},"end":{"line":36,"column":null}},{"start":{"line":36,"column":40},"end":{"line":36,"column":null}}]},"8":{"loc":{"start":{"line":36,"column":27},"end":{"line":36,"column":40}},"type":"binary-expr","locations":[{"start":{"line":36,"column":27},"end":{"line":36,"column":null}},{"start":{"line":36,"column":27},"end":{"line":36,"column":40}}]}},"s":{"0":0,"1":0,"2":0,"3":0,"4":0,"5":0,"6":0,"7":0,"8":0,"9":0,"10":0,"11":0,"12":0,"13":0,"14":0,"15":0,"16":0,"17":0,"18":0,"19":0,"20":0,"21":0,"22":0,"23":0,"24":0,"25":0,"26":0,"27":0,"28":0,"29":0,"30":0,"31":0,"32":0,"33":0,"34":0},"f":{"0":0,"1":0,"2":0,"3":0,"4":0,"5":0,"6":0,"7":0},"b":{"0":[0,0],"1":[0,0],"2":[0,0],"3":[0,0],"4":[0,0,0],"5":[0,0],"6":[0,0],"7":[0,0],"8":[0,0]}}
,"C:\\Users\\Shawon\\amarshop\\backend\\src\\common\\prisma.service.ts": {"path":"C:\\Users\\Shawon\\amarshop\\backend\\src\\common\\prisma.service.ts","statementMap":{"0":{"start":{"line":1,"column":0},"end":{"line":1,"column":75}},"1":{"start":{"line":2,"column":0},"end":{"line":2,"column":46}},"2":{"start":{"line":3,"column":0},"end":{"line":3,"column":46}},"3":{"start":{"line":4,"column":0},"end":{"line":4,"column":26}},"4":{"start":{"line":5,"column":0},"end":{"line":5,"column":47}},"5":{"start":{"line":8,"column":7},"end":{"line":37,"column":null}},"6":{"start":{"line":14,"column":6},"end":{"line":15,"column":71}},"7":{"start":{"line":17,"column":16},"end":{"line":17,"column":36}},"8":{"start":{"line":18,"column":17},"end":{"line":24,"column":6}},"9":{"start":{"line":26,"column":20},"end":{"line":26,"column":38}},"10":{"start":{"line":27,"column":4},"end":{"line":27,"column":23}},"11":{"start":{"line":12,"column":22},"end":{"line":12,"column":37}},"12":{"start":{"line":31,"column":4},"end":{"line":31,"column":26}},"13":{"start":{"line":35,"column":4},"end":{"line":35,"column":29}},"14":{"start":{"line":8,"column":13},"end":{"line":8,"column":26}},"15":{"start":{"line":8,"column":13},"end":{"line":37,"column":null}}},"fnMap":{"0":{"name":"(anonymous_2)","decl":{"start":{"line":12,"column":2},"end":{"line":12,"column":22}},"loc":{"start":{"line":12,"column":50},"end":{"line":28,"column":3}}},"1":{"name":"(anonymous_3)","decl":{"start":{"line":30,"column":2},"end":{"line":30,"column":7}},"loc":{"start":{"line":30,"column":20},"end":{"line":32,"column":3}}},"2":{"name":"(anonymous_4)","decl":{"start":{"line":34,"column":2},"end":{"line":34,"column":7}},"loc":{"start":{"line":34,"column":23},"end":{"line":36,"column":3}}}},"branchMap":{"0":{"loc":{"start":{"line":14,"column":6},"end":{"line":15,"column":71}},"type":"binary-expr","locations":[{"start":{"line":14,"column":6},"end":{"line":14,"column":76}},{"start":{"line":15,"column":6},"end":{"line":15,"column":71}}]},"1":{"loc":{"start":{"line":12,"column":37},"end":{"line":12,"column":null}},"type":"cond-expr","locations":[{"start":{"line":12,"column":50},"end":{"line":12,"column":null}},{"start":{"line":12,"column":50},"end":{"line":12,"column":null}}]},"2":{"loc":{"start":{"line":12,"column":37},"end":{"line":12,"column":50}},"type":"binary-expr","locations":[{"start":{"line":12,"column":37},"end":{"line":12,"column":null}},{"start":{"line":12,"column":37},"end":{"line":12,"column":50}}]}},"s":{"0":6,"1":6,"2":6,"3":6,"4":6,"5":6,"6":0,"7":0,"8":0,"9":0,"10":0,"11":0,"12":0,"13":0,"14":6,"15":6},"f":{"0":0,"1":0,"2":0},"b":{"0":[0,0],"1":[6,0],"2":[6,6]}}
,"C:\\Users\\Shawon\\amarshop\\backend\\src\\common\\types.ts": {"path":"C:\\Users\\Shawon\\amarshop\\backend\\src\\common\\types.ts","statementMap":{"0":{"start":{"line":1,"column":0},"end":{"line":1,"column":null}},"1":{"start":{"line":2,"column":2},"end":{"line":2,"column":null}},"2":{"start":{"line":3,"column":2},"end":{"line":3,"column":null}},"3":{"start":{"line":4,"column":2},"end":{"line":4,"column":null}},"4":{"start":{"line":5,"column":2},"end":{"line":5,"column":null}},"5":{"start":{"line":6,"column":2},"end":{"line":6,"column":null}},"6":{"start":{"line":7,"column":2},"end":{"line":7,"column":null}},"7":{"start":{"line":8,"column":2},"end":{"line":8,"column":null}},"8":{"start":{"line":11,"column":0},"end":{"line":11,"column":null}},"9":{"start":{"line":12,"column":2},"end":{"line":12,"column":null}},"10":{"start":{"line":13,"column":2},"end":{"line":13,"column":null}},"11":{"start":{"line":14,"column":2},"end":{"line":14,"column":null}},"12":{"start":{"line":15,"column":2},"end":{"line":15,"column":null}},"13":{"start":{"line":16,"column":2},"end":{"line":16,"column":null}},"14":{"start":{"line":17,"column":2},"end":{"line":17,"column":null}},"15":{"start":{"line":18,"column":2},"end":{"line":18,"column":null}},"16":{"start":{"line":19,"column":2},"end":{"line":19,"column":null}},"17":{"start":{"line":20,"column":2},"end":{"line":20,"column":null}},"18":{"start":{"line":23,"column":0},"end":{"line":23,"column":null}},"19":{"start":{"line":24,"column":2},"end":{"line":24,"column":null}},"20":{"start":{"line":25,"column":2},"end":{"line":25,"column":null}},"21":{"start":{"line":26,"column":2},"end":{"line":26,"column":null}},"22":{"start":{"line":27,"column":2},"end":{"line":27,"column":null}},"23":{"start":{"line":28,"column":2},"end":{"line":28,"column":null}}},"fnMap":{"0":{"name":"(anonymous_0)","decl":{"start":{"line":1,"column":0},"end":{"line":1,"column":12}},"loc":{"start":{"line":1,"column":25},"end":{"line":9,"column":1}}},"1":{"name":"(anonymous_1)","decl":{"start":{"line":11,"column":0},"end":{"line":11,"column":12}},"loc":{"start":{"line":11,"column":23},"end":{"line":21,"column":1}}},"2":{"name":"(anonymous_2)","decl":{"start":{"line":23,"column":0},"end":{"line":23,"column":12}},"loc":{"start":{"line":23,"column":25},"end":{"line":29,"column":1}}}},"branchMap":{"0":{"loc":{"start":{"line":1,"column":12},"end":{"line":1,"column":null}},"type":"binary-expr","locations":[{"start":{"line":1,"column":12},"end":{"line":1,"column":25}},{"start":{"line":1,"column":25},"end":{"line":1,"column":null}}]},"1":{"loc":{"start":{"line":11,"column":12},"end":{"line":11,"column":null}},"type":"binary-expr","locations":[{"start":{"line":11,"column":12},"end":{"line":11,"column":23}},{"start":{"line":11,"column":23},"end":{"line":11,"column":null}}]},"2":{"loc":{"start":{"line":23,"column":12},"end":{"line":23,"column":null}},"type":"binary-expr","locations":[{"start":{"line":23,"column":12},"end":{"line":23,"column":25}},{"start":{"line":23,"column":25},"end":{"line":23,"column":null}}]}},"s":{"0":1,"1":1,"2":1,"3":1,"4":1,"5":1,"6":1,"7":1,"8":1,"9":1,"10":1,"11":1,"12":1,"13":1,"14":1,"15":1,"16":1,"17":1,"18":1,"19":1,"20":1,"21":1,"22":1,"23":1},"f":{"0":1,"1":1,"2":1},"b":{"0":[1,1],"1":[1,1],"2":[1,1]}}
,"C:\\Users\\Shawon\\amarshop\\backend\\src\\common\\decorators\\current-user.decorator.ts": {"path":"C:\\Users\\Shawon\\amarshop\\backend\\src\\common\\decorators\\current-user.decorator.ts","statementMap":{"0":{"start":{"line":1,"column":0},"end":{"line":1,"column":72}},"1":{"start":{"line":3,"column":13},"end":{"line":9,"column":2}},"2":{"start":{"line":5,"column":20},"end":{"line":5,"column":51}},"3":{"start":{"line":6,"column":4},"end":{"line":6,"column":42}},"4":{"start":{"line":6,"column":14},"end":{"line":6,"column":42}},"5":{"start":{"line":7,"column":4},"end":{"line":7,"column":24}}},"fnMap":{"0":{"name":"(anonymous_0)","decl":{"start":{"line":4,"column":2},"end":{"line":4,"column":3}},"loc":{"start":{"line":4,"column":54},"end":{"line":8,"column":3}}}},"branchMap":{"0":{"loc":{"start":{"line":6,"column":4},"end":{"line":6,"column":42}},"type":"if","locations":[{"start":{"line":6,"column":4},"end":{"line":6,"column":42}},{"start":{},"end":{}}]}},"s":{"0":0,"1":0,"2":0,"3":0,"4":0,"5":0},"f":{"0":0},"b":{"0":[0,0]}}
,"C:\\Users\\Shawon\\amarshop\\backend\\src\\common\\decorators\\roles.decorator.ts": {"path":"C:\\Users\\Shawon\\amarshop\\backend\\src\\common\\decorators\\roles.decorator.ts","statementMap":{"0":{"start":{"line":1,"column":0},"end":{"line":1,"column":45}},"1":{"start":{"line":3,"column":13},"end":{"line":3,"column":33}},"2":{"start":{"line":4,"column":21},"end":{"line":4,"column":74}},"3":{"start":{"line":4,"column":45},"end":{"line":4,"column":74}},"4":{"start":{"line":4,"column":13},"end":{"line":4,"column":21}}},"fnMap":{"0":{"name":"(anonymous_0)","decl":{"start":{"line":4,"column":21},"end":{"line":4,"column":22}},"loc":{"start":{"line":4,"column":45},"end":{"line":4,"column":74}}}},"branchMap":{},"s":{"0":0,"1":0,"2":0,"3":0,"4":0},"f":{"0":0},"b":{}}
,"C:\\Users\\Shawon\\amarshop\\backend\\src\\common\\guards\\api-key.guard.ts": {"path":"C:\\Users\\Shawon\\amarshop\\backend\\src\\common\\guards\\api-key.guard.ts","statementMap":{"0":{"start":{"line":1,"column":0},"end":{"line":1,"column":null}},"1":{"start":{"line":9,"column":0},"end":{"line":9,"column":41}},"2":{"start":{"line":10,"column":0},"end":{"line":10,"column":77}},"3":{"start":{"line":13,"column":7},"end":{"line":75,"column":null}},"4":{"start":{"line":14,"column":27},"end":{"line":14,"column":null}},"5":{"start":{"line":20,"column":12},"end":{"line":20,"column":23}},"6":{"start":{"line":21,"column":12},"end":{"line":21,"column":30}},"7":{"start":{"line":25,"column":20},"end":{"line":25,"column":55}},"8":{"start":{"line":26,"column":19},"end":{"line":26,"column":47}},"9":{"start":{"line":28,"column":4},"end":{"line":30,"column":5}},"10":{"start":{"line":29,"column":6},"end":{"line":29,"column":66}},"11":{"start":{"line":32,"column":4},"end":{"line":73,"column":5}},"12":{"start":{"line":33,"column":25},"end":{"line":33,"column":75}},"13":{"start":{"line":34,"column":6},"end":{"line":38,"column":8}},"14":{"start":{"line":39,"column":6},"end":{"line":39,"column":42}},"15":{"start":{"line":41,"column":18},"end":{"line":41,"column":28}},"16":{"start":{"line":42,"column":20},"end":{"line":42,"column":61}},"17":{"start":{"line":44,"column":6},"end":{"line":62,"column":7}},"18":{"start":{"line":45,"column":8},"end":{"line":55,"column":9}},"19":{"start":{"line":46,"column":27},"end":{"line":46,"column":63}},"20":{"start":{"line":47,"column":10},"end":{"line":50,"column":12}},"21":{"start":{"line":51,"column":10},"end":{"line":54,"column":12}},"22":{"start":{"line":56,"column":8},"end":{"line":56,"column":22}},"23":{"start":{"line":58,"column":8},"end":{"line":61,"column":11}},"24":{"start":{"line":64,"column":31},"end":{"line":64,"column":38}},"25":{"start":{"line":65,"column":6},"end":{"line":67,"column":25}},"26":{"start":{"line":69,"column":6},"end":{"line":69,"column":18}},"27":{"start":{"line":71,"column":6},"end":{"line":71,"column":54}},"28":{"start":{"line":71,"column":42},"end":{"line":71,"column":54}},"29":{"start":{"line":72,"column":6},"end":{"line":72,"column":57}},"30":{"start":{"line":13,"column":13},"end":{"line":13,"column":24}},"31":{"start":{"line":13,"column":13},"end":{"line":75,"column":null}}},"fnMap":{"0":{"name":"(anonymous_2)","decl":{"start":{"line":19,"column":2},"end":{"line":19,"column":null}},"loc":{"start":{"line":21,"column":46},"end":{"line":22,"column":6}}},"1":{"name":"(anonymous_3)","decl":{"start":{"line":24,"column":2},"end":{"line":24,"column":7}},"loc":{"start":{"line":24,"column":45},"end":{"line":74,"column":3}}},"2":{"name":"(anonymous_4)","decl":{"start":{"line":67,"column":15},"end":{"line":67,"column":18}},"loc":{"start":{"line":67,"column":20},"end":{"line":67,"column":23}}}},"branchMap":{"0":{"loc":{"start":{"line":28,"column":4},"end":{"line":30,"column":5}},"type":"if","locations":[{"start":{"line":28,"column":4},"end":{"line":30,"column":5}},{"start":{},"end":{}}]},"1":{"loc":{"start":{"line":44,"column":6},"end":{"line":62,"column":7}},"type":"if","locations":[{"start":{"line":44,"column":6},"end":{"line":62,"column":7}},{"start":{"line":57,"column":13},"end":{"line":62,"column":7}}]},"2":{"loc":{"start":{"line":44,"column":10},"end":{"line":44,"column":38}},"type":"binary-expr","locations":[{"start":{"line":44,"column":10},"end":{"line":44,"column":15}},{"start":{"line":44,"column":19},"end":{"line":44,"column":38}}]},"3":{"loc":{"start":{"line":45,"column":8},"end":{"line":55,"column":9}},"type":"if","locations":[{"start":{"line":45,"column":8},"end":{"line":55,"column":9}},{"start":{},"end":{}}]},"4":{"loc":{"start":{"line":71,"column":6},"end":{"line":71,"column":54}},"type":"if","locations":[{"start":{"line":71,"column":6},"end":{"line":71,"column":54}},{"start":{},"end":{}}]},"5":{"loc":{"start":{"line":20,"column":23},"end":{"line":20,"column":null}},"type":"cond-expr","locations":[{"start":{"line":20,"column":32},"end":{"line":20,"column":null}},{"start":{"line":20,"column":32},"end":{"line":20,"column":null}}]},"6":{"loc":{"start":{"line":20,"column":23},"end":{"line":20,"column":32}},"type":"binary-expr","locations":[{"start":{"line":20,"column":23},"end":{"line":20,"column":null}},{"start":{"line":20,"column":23},"end":{"line":20,"column":32}}]},"7":{"loc":{"start":{"line":20,"column":32},"end":{"line":21,"column":null}},"type":"cond-expr","locations":[{"start":{"line":21,"column":46},"end":{"line":21,"column":null}},{"start":{"line":21,"column":46},"end":{"line":21,"column":null}}]},"8":{"loc":{"start":{"line":20,"column":32},"end":{"line":21,"column":46}},"type":"binary-expr","locations":[{"start":{"line":20,"column":32},"end":{"line":21,"column":null}},{"start":{"line":21,"column":30},"end":{"line":21,"column":46}}]}},"s":{"0":0,"1":0,"2":0,"3":0,"4":0,"5":0,"6":0,"7":0,"8":0,"9":0,"10":0,"11":0,"12":0,"13":0,"14":0,"15":0,"16":0,"17":0,"18":0,"19":0,"20":0,"21":0,"22":0,"23":0,"24":0,"25":0,"26":0,"27":0,"28":0,"29":0,"30":0,"31":0},"f":{"0":0,"1":0,"2":0},"b":{"0":[0,0],"1":[0,0],"2":[0,0],"3":[0,0],"4":[0,0],"5":[0,0],"6":[0,0],"7":[0,0],"8":[0,0]}}
,"C:\\Users\\Shawon\\amarshop\\backend\\src\\common\\guards\\roles.guard.ts": {"path":"C:\\Users\\Shawon\\amarshop\\backend\\src\\common\\guards\\roles.guard.ts","statementMap":{"0":{"start":{"line":1,"column":0},"end":{"line":1,"column":75}},"1":{"start":{"line":2,"column":0},"end":{"line":2,"column":41}},"2":{"start":{"line":5,"column":7},"end":{"line":18,"column":null}},"3":{"start":{"line":6,"column":22},"end":{"line":6,"column":33}},"4":{"start":{"line":9,"column":26},"end":{"line":12,"column":6}},"5":{"start":{"line":13,"column":4},"end":{"line":13,"column":36}},"6":{"start":{"line":13,"column":24},"end":{"line":13,"column":36}},"7":{"start":{"line":14,"column":21},"end":{"line":14,"column":56}},"8":{"start":{"line":15,"column":4},"end":{"line":15,"column":49}},"9":{"start":{"line":15,"column":37},"end":{"line":15,"column":49}},"10":{"start":{"line":16,"column":4},"end":{"line":16,"column":45}},"11":{"start":{"line":5,"column":13},"end":{"line":5,"column":23}},"12":{"start":{"line":5,"column":13},"end":{"line":18,"column":null}}},"fnMap":{"0":{"name":"(anonymous_2)","decl":{"start":{"line":6,"column":2},"end":{"line":6,"column":22}},"loc":{"start":{"line":6,"column":42},"end":{"line":6,"column":46}}},"1":{"name":"(anonymous_3)","decl":{"start":{"line":8,"column":2},"end":{"line":8,"column":13}},"loc":{"start":{"line":8,"column":39},"end":{"line":17,"column":3}}}},"branchMap":{"0":{"loc":{"start":{"line":13,"column":4},"end":{"line":13,"column":36}},"type":"if","locations":[{"start":{"line":13,"column":4},"end":{"line":13,"column":36}},{"start":{},"end":{}}]},"1":{"loc":{"start":{"line":15,"column":4},"end":{"line":15,"column":49}},"type":"if","locations":[{"start":{"line":15,"column":4},"end":{"line":15,"column":49}},{"start":{},"end":{}}]},"2":{"loc":{"start":{"line":6,"column":33},"end":{"line":6,"column":45}},"type":"cond-expr","locations":[{"start":{"line":6,"column":42},"end":{"line":6,"column":45}},{"start":{"line":6,"column":42},"end":{"line":6,"column":45}}]},"3":{"loc":{"start":{"line":6,"column":33},"end":{"line":6,"column":42}},"type":"binary-expr","locations":[{"start":{"line":6,"column":33},"end":{"line":6,"column":45}},{"start":{"line":6,"column":33},"end":{"line":6,"column":42}}]}},"s":{"0":0,"1":0,"2":0,"3":0,"4":0,"5":0,"6":0,"7":0,"8":0,"9":0,"10":0,"11":0,"12":0},"f":{"0":0,"1":0},"b":{"0":[0,0],"1":[0,0],"2":[0,0],"3":[0,0]}}
,"C:\\Users\\Shawon\\amarshop\\backend\\src\\common\\guards\\throttle.guard.ts": {"path":"C:\\Users\\Shawon\\amarshop\\backend\\src\\common\\guards\\throttle.guard.ts","statementMap":{"0":{"start":{"line":1,"column":0},"end":{"line":1,"column":null}},"1":{"start":{"line":15,"column":7},"end":{"line":42,"column":null}},"2":{"start":{"line":16,"column":18},"end":{"line":16,"column":50}},"3":{"start":{"line":17,"column":27},"end":{"line":17,"column":29}},"4":{"start":{"line":18,"column":30},"end":{"line":18,"column":35}},"5":{"start":{"line":21,"column":20},"end":{"line":21,"column":55}},"6":{"start":{"line":22,"column":15},"end":{"line":22,"column":75}},"7":{"start":{"line":23,"column":16},"end":{"line":23,"column":26}},"8":{"start":{"line":25,"column":18},"end":{"line":25,"column":36}},"9":{"start":{"line":27,"column":4},"end":{"line":30,"column":5}},"10":{"start":{"line":28,"column":6},"end":{"line":28,"column":69}},"11":{"start":{"line":29,"column":6},"end":{"line":29,"column":18}},"12":{"start":{"line":32,"column":4},"end":{"line":37,"column":5}},"13":{"start":{"line":33,"column":6},"end":{"line":36,"column":8}},"14":{"start":{"line":39,"column":4},"end":{"line":39,"column":18}},"15":{"start":{"line":40,"column":4},"end":{"line":40,"column":16}},"16":{"start":{"line":15,"column":13},"end":{"line":15,"column":26}},"17":{"start":{"line":15,"column":13},"end":{"line":42,"column":null}}},"fnMap":{"0":{"name":"(anonymous_1)","decl":{"start":{"line":20,"column":2},"end":{"line":20,"column":13}},"loc":{"start":{"line":20,"column":39},"end":{"line":41,"column":3}}}},"branchMap":{"0":{"loc":{"start":{"line":22,"column":15},"end":{"line":22,"column":75}},"type":"binary-expr","locations":[{"start":{"line":22,"column":15},"end":{"line":22,"column":25}},{"start":{"line":22,"column":29},"end":{"line":22,"column":62}},{"start":{"line":22,"column":66},"end":{"line":22,"column":75}}]},"1":{"loc":{"start":{"line":27,"column":4},"end":{"line":30,"column":5}},"type":"if","locations":[{"start":{"line":27,"column":4},"end":{"line":30,"column":5}},{"start":{},"end":{}}]},"2":{"loc":{"start":{"line":27,"column":8},"end":{"line":27,"column":37}},"type":"binary-expr","locations":[{"start":{"line":27,"column":8},"end":{"line":27,"column":14}},{"start":{"line":27,"column":18},"end":{"line":27,"column":37}}]},"3":{"loc":{"start":{"line":32,"column":4},"end":{"line":37,"column":5}},"type":"if","locations":[{"start":{"line":32,"column":4},"end":{"line":37,"column":5}},{"start":{},"end":{}}]}},"s":{"0":0,"1":0,"2":0,"3":0,"4":0,"5":0,"6":0,"7":0,"8":0,"9":0,"10":0,"11":0,"12":0,"13":0,"14":0,"15":0,"16":0,"17":0},"f":{"0":0},"b":{"0":[0,0,0],"1":[0,0],"2":[0,0],"3":[0,0]}}
,"C:\\Users\\Shawon\\amarshop\\backend\\src\\common\\interceptors\\audit-log.interceptor.ts": {"path":"C:\\Users\\Shawon\\amarshop\\backend\\src\\common\\interceptors\\audit-log.interceptor.ts","statementMap":{"0":{"start":{"line":1,"column":0},"end":{"line":1,"column":null}},"1":{"start":{"line":7,"column":0},"end":{"line":7,"column":39}},"2":{"start":{"line":10,"column":7},"end":{"line":38,"column":null}},"3":{"start":{"line":11,"column":31},"end":{"line":11,"column":42}},"4":{"start":{"line":14,"column":20},"end":{"line":14,"column":55}},"5":{"start":{"line":15,"column":35},"end":{"line":15,"column":42}},"6":{"start":{"line":16,"column":17},"end":{"line":16,"column":29}},"7":{"start":{"line":18,"column":4},"end":{"line":20,"column":5}},"8":{"start":{"line":19,"column":6},"end":{"line":19,"column":27}},"9":{"start":{"line":22,"column":4},"end":{"line":36,"column":6}},"10":{"start":{"line":24,"column":8},"end":{"line":34,"column":27}},"11":{"start":{"line":10,"column":13},"end":{"line":10,"column":32}},"12":{"start":{"line":10,"column":13},"end":{"line":38,"column":null}}},"fnMap":{"0":{"name":"(anonymous_2)","decl":{"start":{"line":11,"column":2},"end":{"line":11,"column":31}},"loc":{"start":{"line":11,"column":42},"end":{"line":11,"column":46}}},"1":{"name":"(anonymous_3)","decl":{"start":{"line":13,"column":2},"end":{"line":13,"column":11}},"loc":{"start":{"line":13,"column":56},"end":{"line":37,"column":3}}},"2":{"name":"(anonymous_4)","decl":{"start":{"line":23,"column":10},"end":{"line":23,"column":13}},"loc":{"start":{"line":23,"column":15},"end":{"line":35,"column":7}}},"3":{"name":"(anonymous_5)","decl":{"start":{"line":34,"column":17},"end":{"line":34,"column":20}},"loc":{"start":{"line":34,"column":22},"end":{"line":34,"column":25}}}},"branchMap":{"0":{"loc":{"start":{"line":18,"column":4},"end":{"line":20,"column":5}},"type":"if","locations":[{"start":{"line":18,"column":4},"end":{"line":20,"column":5}},{"start":{},"end":{}}]},"1":{"loc":{"start":{"line":18,"column":8},"end":{"line":18,"column":38}},"type":"binary-expr","locations":[{"start":{"line":18,"column":8},"end":{"line":18,"column":13}},{"start":{"line":18,"column":17},"end":{"line":18,"column":38}}]},"2":{"loc":{"start":{"line":30,"column":20},"end":{"line":30,"column":54}},"type":"cond-expr","locations":[{"start":{"line":30,"column":27},"end":{"line":30,"column":47}},{"start":{"line":30,"column":50},"end":{"line":30,"column":54}}]}},"s":{"0":0,"1":0,"2":0,"3":0,"4":0,"5":0,"6":0,"7":0,"8":0,"9":0,"10":0,"11":0,"12":0},"f":{"0":0,"1":0,"2":0,"3":0},"b":{"0":[0,0],"1":[0,0],"2":[0,0]}}
,"C:\\Users\\Shawon\\amarshop\\backend\\src\\common\\interceptors\\logging.interceptor.ts": {"path":"C:\\Users\\Shawon\\amarshop\\backend\\src\\common\\interceptors\\logging.interceptor.ts","statementMap":{"0":{"start":{"line":1,"column":0},"end":{"line":1,"column":null}},"1":{"start":{"line":7,"column":0},"end":{"line":7,"column":39}},"2":{"start":{"line":8,"column":0},"end":{"line":8,"column":36}},"3":{"start":{"line":11,"column":7},"end":{"line":49,"column":null}},"4":{"start":{"line":13,"column":20},"end":{"line":13,"column":55}},"5":{"start":{"line":14,"column":22},"end":{"line":14,"column":30}},"6":{"start":{"line":15,"column":28},"end":{"line":15,"column":35}},"7":{"start":{"line":16,"column":18},"end":{"line":16,"column":28}},"8":{"start":{"line":18,"column":4},"end":{"line":18,"column":34}},"9":{"start":{"line":20,"column":4},"end":{"line":28,"column":6}},"10":{"start":{"line":30,"column":4},"end":{"line":47,"column":6}},"11":{"start":{"line":32,"column":25},"end":{"line":32,"column":61}},"12":{"start":{"line":33,"column":25},"end":{"line":33,"column":43}},"13":{"start":{"line":35,"column":8},"end":{"line":45,"column":10}},"14":{"start":{"line":11,"column":13},"end":{"line":11,"column":31}},"15":{"start":{"line":11,"column":13},"end":{"line":49,"column":null}}},"fnMap":{"0":{"name":"(anonymous_1)","decl":{"start":{"line":12,"column":2},"end":{"line":12,"column":11}},"loc":{"start":{"line":12,"column":56},"end":{"line":48,"column":3}}},"1":{"name":"(anonymous_2)","decl":{"start":{"line":31,"column":10},"end":{"line":31,"column":13}},"loc":{"start":{"line":31,"column":15},"end":{"line":46,"column":7}}}},"branchMap":{},"s":{"0":0,"1":0,"2":0,"3":0,"4":0,"5":0,"6":0,"7":0,"8":0,"9":0,"10":0,"11":0,"12":0,"13":0,"14":0,"15":0},"f":{"0":0,"1":0},"b":{}}
,"C:\\Users\\Shawon\\amarshop\\backend\\src\\common\\interceptors\\metrics.interceptor.ts": {"path":"C:\\Users\\Shawon\\amarshop\\backend\\src\\common\\interceptors\\metrics.interceptor.ts","statementMap":{"0":{"start":{"line":1,"column":0},"end":{"line":1,"column":null}},"1":{"start":{"line":7,"column":0},"end":{"line":7,"column":39}},"2":{"start":{"line":8,"column":0},"end":{"line":8,"column":56}},"3":{"start":{"line":9,"column":0},"end":{"line":9,"column":9}},"4":{"start":{"line":69,"column":9},"end":{"line":9,"column":39}},"5":{"start":{"line":12,"column":7},"end":{"line":67,"column":null}},"6":{"start":{"line":18,"column":4},"end":{"line":22,"column":7}},"7":{"start":{"line":24,"column":4},"end":{"line":29,"column":7}},"8":{"start":{"line":31,"column":4},"end":{"line":34,"column":7}},"9":{"start":{"line":38,"column":20},"end":{"line":38,"column":55}},"10":{"start":{"line":39,"column":29},"end":{"line":39,"column":36}},"11":{"start":{"line":40,"column":18},"end":{"line":40,"column":28}},"12":{"start":{"line":42,"column":4},"end":{"line":42,"column":30}},"13":{"start":{"line":44,"column":4},"end":{"line":65,"column":6}},"14":{"start":{"line":47,"column":25},"end":{"line":47,"column":72}},"15":{"start":{"line":48,"column":27},"end":{"line":48,"column":45}},"16":{"start":{"line":49,"column":10},"end":{"line":49,"column":73}},"17":{"start":{"line":50,"column":10},"end":{"line":52,"column":31}},"18":{"start":{"line":53,"column":10},"end":{"line":53,"column":36}},"19":{"start":{"line":56,"column":25},"end":{"line":56,"column":28}},"20":{"start":{"line":57,"column":27},"end":{"line":57,"column":45}},"21":{"start":{"line":58,"column":10},"end":{"line":58,"column":73}},"22":{"start":{"line":59,"column":10},"end":{"line":61,"column":31}},"23":{"start":{"line":62,"column":10},"end":{"line":62,"column":36}},"24":{"start":{"line":12,"column":13},"end":{"line":12,"column":31}},"25":{"start":{"line":12,"column":13},"end":{"line":67,"column":null}}},"fnMap":{"0":{"name":"(anonymous_2)","decl":{"start":{"line":69,"column":9},"end":{"line":69,"column":17}},"loc":{"start":{"line":69,"column":9},"end":{"line":9,"column":39}}},"1":{"name":"(anonymous_3)","decl":{"start":{"line":17,"column":2},"end":{"line":17,"column":null}},"loc":{"start":{"line":17,"column":2},"end":{"line":35,"column":3}}},"2":{"name":"(anonymous_4)","decl":{"start":{"line":37,"column":2},"end":{"line":37,"column":11}},"loc":{"start":{"line":37,"column":56},"end":{"line":66,"column":3}}},"3":{"name":"(anonymous_5)","decl":{"start":{"line":46,"column":14},"end":{"line":46,"column":17}},"loc":{"start":{"line":46,"column":19},"end":{"line":54,"column":9}}},"4":{"name":"(anonymous_6)","decl":{"start":{"line":55,"column":15},"end":{"line":55,"column":18}},"loc":{"start":{"line":55,"column":20},"end":{"line":63,"column":9}}}},"branchMap":{},"s":{"0":0,"1":0,"2":0,"3":0,"4":0,"5":0,"6":0,"7":0,"8":0,"9":0,"10":0,"11":0,"12":0,"13":0,"14":0,"15":0,"16":0,"17":0,"18":0,"19":0,"20":0,"21":0,"22":0,"23":0,"24":0,"25":0},"f":{"0":0,"1":0,"2":0,"3":0,"4":0},"b":{}}
,"C:\\Users\\Shawon\\amarshop\\backend\\src\\common\\interceptors\\rate-limit.interceptor.ts": {"path":"C:\\Users\\Shawon\\amarshop\\backend\\src\\common\\interceptors\\rate-limit.interceptor.ts","statementMap":{"0":{"start":{"line":1,"column":0},"end":{"line":1,"column":null}},"1":{"start":{"line":17,"column":42},"end":{"line":21,"column":2}},"2":{"start":{"line":24,"column":7},"end":{"line":80,"column":null}},"3":{"start":{"line":25,"column":18},"end":{"line":25,"column":71}},"4":{"start":{"line":28,"column":20},"end":{"line":28,"column":55}},"5":{"start":{"line":29,"column":16},"end":{"line":29,"column":59}},"6":{"start":{"line":30,"column":18},"end":{"line":30,"column":57}},"7":{"start":{"line":31,"column":19},"end":{"line":31,"column":44}},"8":{"start":{"line":33,"column":4},"end":{"line":33,"column":56}},"9":{"start":{"line":33,"column":35},"end":{"line":33,"column":56}},"10":{"start":{"line":35,"column":16},"end":{"line":35,"column":26}},"11":{"start":{"line":36,"column":18},"end":{"line":36,"column":37}},"12":{"start":{"line":38,"column":4},"end":{"line":64,"column":5}},"13":{"start":{"line":39,"column":6},"end":{"line":60,"column":7}},"14":{"start":{"line":40,"column":25},"end":{"line":40,"column":61}},"15":{"start":{"line":41,"column":8},"end":{"line":44,"column":10}},"16":{"start":{"line":45,"column":8},"end":{"line":45,"column":62}},"17":{"start":{"line":46,"column":8},"end":{"line":46,"column":55}},"18":{"start":{"line":47,"column":8},"end":{"line":50,"column":10}},"19":{"start":{"line":51,"column":8},"end":{"line":59,"column":10}},"20":{"start":{"line":61,"column":6},"end":{"line":61,"column":20}},"21":{"start":{"line":63,"column":6},"end":{"line":63,"column":72}},"22":{"start":{"line":66,"column":21},"end":{"line":66,"column":57}},"23":{"start":{"line":67,"column":25},"end":{"line":67,"column":44}},"24":{"start":{"line":68,"column":4},"end":{"line":68,"column":58}},"25":{"start":{"line":69,"column":4},"end":{"line":72,"column":6}},"26":{"start":{"line":73,"column":4},"end":{"line":76,"column":6}},"27":{"start":{"line":78,"column":4},"end":{"line":78,"column":25}},"28":{"start":{"line":24,"column":13},"end":{"line":24,"column":33}},"29":{"start":{"line":24,"column":13},"end":{"line":80,"column":null}}},"fnMap":{"0":{"name":"(anonymous_1)","decl":{"start":{"line":27,"column":2},"end":{"line":27,"column":11}},"loc":{"start":{"line":27,"column":56},"end":{"line":79,"column":3}}}},"branchMap":{"0":{"loc":{"start":{"line":29,"column":16},"end":{"line":29,"column":59}},"type":"binary-expr","locations":[{"start":{"line":29,"column":16},"end":{"line":29,"column":32}},{"start":{"line":29,"column":36},"end":{"line":29,"column":46}},{"start":{"line":29,"column":50},"end":{"line":29,"column":59}}]},"1":{"loc":{"start":{"line":30,"column":18},"end":{"line":30,"column":57}},"type":"binary-expr","locations":[{"start":{"line":30,"column":18},"end":{"line":30,"column":47}},{"start":{"line":30,"column":51},"end":{"line":30,"column":57}}]},"2":{"loc":{"start":{"line":31,"column":19},"end":{"line":31,"column":44}},"type":"binary-expr","locations":[{"start":{"line":31,"column":19},"end":{"line":31,"column":30}},{"start":{"line":31,"column":34},"end":{"line":31,"column":44}}]},"3":{"loc":{"start":{"line":33,"column":4},"end":{"line":33,"column":56}},"type":"if","locations":[{"start":{"line":33,"column":4},"end":{"line":33,"column":56}},{"start":{},"end":{}}]},"4":{"loc":{"start":{"line":38,"column":4},"end":{"line":64,"column":5}},"type":"if","locations":[{"start":{"line":38,"column":4},"end":{"line":64,"column":5}},{"start":{"line":62,"column":11},"end":{"line":64,"column":5}}]},"5":{"loc":{"start":{"line":38,"column":8},"end":{"line":38,"column":36}},"type":"binary-expr","locations":[{"start":{"line":38,"column":8},"end":{"line":38,"column":13}},{"start":{"line":38,"column":17},"end":{"line":38,"column":36}}]},"6":{"loc":{"start":{"line":39,"column":6},"end":{"line":60,"column":7}},"type":"if","locations":[{"start":{"line":39,"column":6},"end":{"line":60,"column":7}},{"start":{},"end":{}}]}},"s":{"0":0,"1":0,"2":0,"3":0,"4":0,"5":0,"6":0,"7":0,"8":0,"9":0,"10":0,"11":0,"12":0,"13":0,"14":0,"15":0,"16":0,"17":0,"18":0,"19":0,"20":0,"21":0,"22":0,"23":0,"24":0,"25":0,"26":0,"27":0,"28":0,"29":0},"f":{"0":0},"b":{"0":[0,0,0],"1":[0,0],"2":[0,0],"3":[0,0],"4":[0,0],"5":[0,0],"6":[0,0]}}
,"C:\\Users\\Shawon\\amarshop\\backend\\src\\common\\interceptors\\tracing.interceptor.ts": {"path":"C:\\Users\\Shawon\\amarshop\\backend\\src\\common\\interceptors\\tracing.interceptor.ts","statementMap":{"0":{"start":{"line":1,"column":0},"end":{"line":1,"column":null}},"1":{"start":{"line":7,"column":0},"end":{"line":7,"column":39}},"2":{"start":{"line":8,"column":0},"end":{"line":8,"column":59}},"3":{"start":{"line":11,"column":7},"end":{"line":45,"column":null}},"4":{"start":{"line":13,"column":20},"end":{"line":13,"column":55}},"5":{"start":{"line":14,"column":29},"end":{"line":14,"column":36}},"6":{"start":{"line":15,"column":19},"end":{"line":15,"column":53}},"7":{"start":{"line":17,"column":4},"end":{"line":43,"column":7}},"8":{"start":{"line":18,"column":6},"end":{"line":18,"column":47}},"9":{"start":{"line":19,"column":6},"end":{"line":19,"column":43}},"10":{"start":{"line":20,"column":6},"end":{"line":20,"column":70}},"11":{"start":{"line":20,"column":24},"end":{"line":20,"column":70}},"12":{"start":{"line":22,"column":20},"end":{"line":22,"column":30}},"13":{"start":{"line":24,"column":6},"end":{"line":42,"column":8}},"14":{"start":{"line":27,"column":29},"end":{"line":27,"column":65}},"15":{"start":{"line":28,"column":12},"end":{"line":28,"column":71}},"16":{"start":{"line":29,"column":12},"end":{"line":29,"column":70}},"17":{"start":{"line":30,"column":12},"end":{"line":30,"column":56}},"18":{"start":{"line":31,"column":12},"end":{"line":31,"column":23}},"19":{"start":{"line":34,"column":12},"end":{"line":34,"column":59}},"20":{"start":{"line":35,"column":12},"end":{"line":38,"column":15}},"21":{"start":{"line":39,"column":12},"end":{"line":39,"column":23}},"22":{"start":{"line":11,"column":13},"end":{"line":11,"column":31}},"23":{"start":{"line":11,"column":13},"end":{"line":45,"column":null}}},"fnMap":{"0":{"name":"(anonymous_1)","decl":{"start":{"line":12,"column":2},"end":{"line":12,"column":11}},"loc":{"start":{"line":12,"column":56},"end":{"line":44,"column":3}}},"1":{"name":"(anonymous_2)","decl":{"start":{"line":17,"column":55},"end":{"line":17,"column":56}},"loc":{"start":{"line":17,"column":64},"end":{"line":43,"column":5}}},"2":{"name":"(anonymous_3)","decl":{"start":{"line":26,"column":16},"end":{"line":26,"column":19}},"loc":{"start":{"line":26,"column":21},"end":{"line":32,"column":11}}},"3":{"name":"(anonymous_4)","decl":{"start":{"line":33,"column":17},"end":{"line":33,"column":18}},"loc":{"start":{"line":33,"column":27},"end":{"line":40,"column":11}}}},"branchMap":{"0":{"loc":{"start":{"line":20,"column":6},"end":{"line":20,"column":70}},"type":"if","locations":[{"start":{"line":20,"column":6},"end":{"line":20,"column":70}},{"start":{},"end":{}}]}},"s":{"0":0,"1":0,"2":0,"3":0,"4":0,"5":0,"6":0,"7":0,"8":0,"9":0,"10":0,"11":0,"12":0,"13":0,"14":0,"15":0,"16":0,"17":0,"18":0,"19":0,"20":0,"21":0,"22":0,"23":0},"f":{"0":0,"1":0,"2":0,"3":0},"b":{"0":[0,0]}}
,"C:\\Users\\Shawon\\amarshop\\backend\\src\\modules\\addresses\\addresses.controller.ts": {"path":"C:\\Users\\Shawon\\amarshop\\backend\\src\\modules\\addresses\\addresses.controller.ts","statementMap":{"0":{"start":{"line":1,"column":0},"end":{"line":1,"column":null}},"1":{"start":{"line":9,"column":0},"end":{"line":9,"column":45}},"2":{"start":{"line":10,"column":0},"end":{"line":10,"column":55}},"3":{"start":{"line":14,"column":7},"end":{"line":37,"column":null}},"4":{"start":{"line":15,"column":31},"end":{"line":15,"column":49}},"5":{"start":{"line":19,"column":4},"end":{"line":19,"column":57}},"6":{"start":{"line":35,"column":4},"end":{"line":35,"column":59}},"7":{"start":{"line":14,"column":13},"end":{"line":14,"column":32}},"8":{"start":{"line":18,"column":8},"end":{"line":20,"column":null}},"9":{"start":{"line":23,"column":8},"end":{"line":36,"column":null}},"10":{"start":{"line":14,"column":13},"end":{"line":37,"column":null}}},"fnMap":{"0":{"name":"(anonymous_4)","decl":{"start":{"line":15,"column":2},"end":{"line":15,"column":31}},"loc":{"start":{"line":15,"column":65},"end":{"line":15,"column":69}}},"1":{"name":"(anonymous_5)","decl":{"start":{"line":18,"column":8},"end":{"line":18,"column":18}},"loc":{"start":{"line":18,"column":38},"end":{"line":20,"column":3}}},"2":{"name":"(anonymous_6)","decl":{"start":{"line":23,"column":8},"end":{"line":23,"column":14}},"loc":{"start":{"line":33,"column":5},"end":{"line":36,"column":3}}}},"branchMap":{"0":{"loc":{"start":{"line":15,"column":49},"end":{"line":15,"column":68}},"type":"cond-expr","locations":[{"start":{"line":15,"column":65},"end":{"line":15,"column":68}},{"start":{"line":15,"column":65},"end":{"line":15,"column":68}}]},"1":{"loc":{"start":{"line":15,"column":49},"end":{"line":15,"column":65}},"type":"binary-expr","locations":[{"start":{"line":15,"column":49},"end":{"line":15,"column":68}},{"start":{"line":15,"column":49},"end":{"line":15,"column":65}}]}},"s":{"0":0,"1":0,"2":0,"3":0,"4":0,"5":0,"6":0,"7":0,"8":0,"9":0,"10":0},"f":{"0":0,"1":0,"2":0},"b":{"0":[0,0],"1":[0,0]}}
,"C:\\Users\\Shawon\\amarshop\\backend\\src\\modules\\addresses\\addresses.module.ts": {"path":"C:\\Users\\Shawon\\amarshop\\backend\\src\\modules\\addresses\\addresses.module.ts","statementMap":{"0":{"start":{"line":1,"column":0},"end":{"line":1,"column":40}},"1":{"start":{"line":2,"column":0},"end":{"line":2,"column":61}},"2":{"start":{"line":3,"column":0},"end":{"line":3,"column":55}},"3":{"start":{"line":4,"column":0},"end":{"line":4,"column":60}},"4":{"start":{"line":11,"column":7},"end":{"line":11,"column":null}},"5":{"start":{"line":11,"column":13},"end":{"line":11,"column":28}},"6":{"start":{"line":11,"column":13},"end":{"line":11,"column":null}}},"fnMap":{},"branchMap":{},"s":{"0":0,"1":0,"2":0,"3":0,"4":0,"5":0,"6":0},"f":{},"b":{}}
,"C:\\Users\\Shawon\\amarshop\\backend\\src\\modules\\addresses\\addresses.service.ts": {"path":"C:\\Users\\Shawon\\amarshop\\backend\\src\\modules\\addresses\\addresses.service.ts","statementMap":{"0":{"start":{"line":1,"column":0},"end":{"line":1,"column":44}},"1":{"start":{"line":2,"column":0},"end":{"line":2,"column":60}},"2":{"start":{"line":5,"column":7},"end":{"line":37,"column":null}},"3":{"start":{"line":6,"column":22},"end":{"line":6,"column":37}},"4":{"start":{"line":9,"column":4},"end":{"line":12,"column":7}},"5":{"start":{"line":26,"column":26},"end":{"line":28,"column":6}},"6":{"start":{"line":29,"column":4},"end":{"line":35,"column":7}},"7":{"start":{"line":5,"column":13},"end":{"line":5,"column":29}},"8":{"start":{"line":5,"column":13},"end":{"line":37,"column":null}}},"fnMap":{"0":{"name":"(anonymous_2)","decl":{"start":{"line":6,"column":2},"end":{"line":6,"column":22}},"loc":{"start":{"line":6,"column":50},"end":{"line":6,"column":54}}},"1":{"name":"(anonymous_3)","decl":{"start":{"line":8,"column":2},"end":{"line":8,"column":7}},"loc":{"start":{"line":8,"column":33},"end":{"line":13,"column":3}}},"2":{"name":"(anonymous_4)","decl":{"start":{"line":15,"column":2},"end":{"line":15,"column":7}},"loc":{"start":{"line":24,"column":5},"end":{"line":36,"column":3}}}},"branchMap":{"0":{"loc":{"start":{"line":6,"column":37},"end":{"line":6,"column":53}},"type":"cond-expr","locations":[{"start":{"line":6,"column":50},"end":{"line":6,"column":53}},{"start":{"line":6,"column":50},"end":{"line":6,"column":53}}]},"1":{"loc":{"start":{"line":6,"column":37},"end":{"line":6,"column":50}},"type":"binary-expr","locations":[{"start":{"line":6,"column":37},"end":{"line":6,"column":53}},{"start":{"line":6,"column":37},"end":{"line":6,"column":50}}]}},"s":{"0":0,"1":0,"2":0,"3":0,"4":0,"5":0,"6":0,"7":0,"8":0},"f":{"0":0,"1":0,"2":0},"b":{"0":[0,0],"1":[0,0]}}
,"C:\\Users\\Shawon\\amarshop\\backend\\src\\modules\\admin\\admin.module.ts": {"path":"C:\\Users\\Shawon\\amarshop\\backend\\src\\modules\\admin\\admin.module.ts","statementMap":{"0":{"start":{"line":1,"column":0},"end":{"line":1,"column":52}},"1":{"start":{"line":2,"column":0},"end":{"line":2,"column":60}},"2":{"start":{"line":3,"column":0},"end":{"line":3,"column":49}},"3":{"start":{"line":4,"column":0},"end":{"line":4,"column":61}},"4":{"start":{"line":5,"column":0},"end":{"line":5,"column":null}},"5":{"start":{"line":14,"column":0},"end":{"line":14,"column":null}},"6":{"start":{"line":47,"column":7},"end":{"line":47,"column":null}},"7":{"start":{"line":47,"column":13},"end":{"line":47,"column":24}},"8":{"start":{"line":47,"column":13},"end":{"line":47,"column":null}},"9":{"start":{"line":25,"column":29},"end":{"line":25,"column":39}}},"fnMap":{"0":{"name":"(anonymous_1)","decl":{"start":{"line":25,"column":23},"end":{"line":25,"column":26}},"loc":{"start":{"line":25,"column":29},"end":{"line":25,"column":39}}}},"branchMap":{},"s":{"0":0,"1":0,"2":0,"3":0,"4":0,"5":0,"6":0,"7":0,"8":0,"9":0},"f":{"0":0},"b":{}}
,"C:\\Users\\Shawon\\amarshop\\backend\\src\\modules\\admin\\controllers\\commerce.controller.ts": {"path":"C:\\Users\\Shawon\\amarshop\\backend\\src\\modules\\admin\\controllers\\commerce.controller.ts","statementMap":{"0":{"start":{"line":1,"column":0},"end":{"line":1,"column":null}},"1":{"start":{"line":12,"column":0},"end":{"line":12,"column":45}},"2":{"start":{"line":13,"column":0},"end":{"line":13,"column":64}},"3":{"start":{"line":14,"column":0},"end":{"line":14,"column":67}},"4":{"start":{"line":15,"column":0},"end":{"line":15,"column":68}},"5":{"start":{"line":16,"column":0},"end":{"line":16,"column":null}},"6":{"start":{"line":28,"column":7},"end":{"line":142,"column":null}},"7":{"start":{"line":29,"column":31},"end":{"line":29,"column":48}},"8":{"start":{"line":39,"column":4},"end":{"line":45,"column":7}},"9":{"start":{"line":50,"column":4},"end":{"line":50,"column":51}},"10":{"start":{"line":55,"column":4},"end":{"line":55,"column":55}},"11":{"start":{"line":60,"column":4},"end":{"line":60,"column":50}},"12":{"start":{"line":65,"column":4},"end":{"line":65,"column":51}},"13":{"start":{"line":70,"column":4},"end":{"line":70,"column":58}},"14":{"start":{"line":81,"column":4},"end":{"line":87,"column":7}},"15":{"start":{"line":95,"column":4},"end":{"line":95,"column":66}},"16":{"start":{"line":100,"column":4},"end":{"line":100,"column":59}},"17":{"start":{"line":105,"column":4},"end":{"line":105,"column":48}},"18":{"start":{"line":110,"column":4},"end":{"line":110,"column":52}},"19":{"start":{"line":118,"column":4},"end":{"line":118,"column":56}},"20":{"start":{"line":123,"column":4},"end":{"line":123,"column":51}},"21":{"start":{"line":134,"column":4},"end":{"line":140,"column":7}},"22":{"start":{"line":28,"column":13},"end":{"line":28,"column":36}},"23":{"start":{"line":32,"column":8},"end":{"line":46,"column":null}},"24":{"start":{"line":49,"column":8},"end":{"line":51,"column":null}},"25":{"start":{"line":54,"column":8},"end":{"line":56,"column":null}},"26":{"start":{"line":59,"column":8},"end":{"line":61,"column":null}},"27":{"start":{"line":64,"column":8},"end":{"line":66,"column":null}},"28":{"start":{"line":69,"column":8},"end":{"line":71,"column":null}},"29":{"start":{"line":74,"column":8},"end":{"line":88,"column":null}},"30":{"start":{"line":91,"column":8},"end":{"line":96,"column":null}},"31":{"start":{"line":99,"column":8},"end":{"line":101,"column":null}},"32":{"start":{"line":104,"column":8},"end":{"line":106,"column":null}},"33":{"start":{"line":109,"column":8},"end":{"line":111,"column":null}},"34":{"start":{"line":114,"column":8},"end":{"line":119,"column":null}},"35":{"start":{"line":122,"column":8},"end":{"line":124,"column":null}},"36":{"start":{"line":127,"column":8},"end":{"line":141,"column":null}},"37":{"start":{"line":28,"column":13},"end":{"line":142,"column":null}}},"fnMap":{"0":{"name":"(anonymous_4)","decl":{"start":{"line":29,"column":2},"end":{"line":29,"column":31}},"loc":{"start":{"line":29,"column":68},"end":{"line":29,"column":72}}},"1":{"name":"(anonymous_5)","decl":{"start":{"line":32,"column":8},"end":{"line":32,"column":19}},"loc":{"start":{"line":37,"column":40},"end":{"line":46,"column":3}}},"2":{"name":"(anonymous_6)","decl":{"start":{"line":49,"column":8},"end":{"line":49,"column":21}},"loc":{"start":{"line":49,"column":51},"end":{"line":51,"column":3}}},"3":{"name":"(anonymous_7)","decl":{"start":{"line":54,"column":8},"end":{"line":54,"column":21}},"loc":{"start":{"line":54,"column":76},"end":{"line":56,"column":3}}},"4":{"name":"(anonymous_8)","decl":{"start":{"line":59,"column":8},"end":{"line":59,"column":21}},"loc":{"start":{"line":59,"column":45},"end":{"line":61,"column":3}}},"5":{"name":"(anonymous_9)","decl":{"start":{"line":64,"column":8},"end":{"line":64,"column":22}},"loc":{"start":{"line":64,"column":46},"end":{"line":66,"column":3}}},"6":{"name":"(anonymous_10)","decl":{"start":{"line":69,"column":8},"end":{"line":69,"column":21}},"loc":{"start":{"line":69,"column":77},"end":{"line":71,"column":3}}},"7":{"name":"(anonymous_11)","decl":{"start":{"line":74,"column":8},"end":{"line":74,"column":17}},"loc":{"start":{"line":79,"column":28},"end":{"line":88,"column":3}}},"8":{"name":"(anonymous_12)","decl":{"start":{"line":91,"column":8},"end":{"line":91,"column":25}},"loc":{"start":{"line":93,"column":37},"end":{"line":96,"column":3}}},"9":{"name":"(anonymous_13)","decl":{"start":{"line":99,"column":8},"end":{"line":99,"column":20}},"loc":{"start":{"line":99,"column":74},"end":{"line":101,"column":3}}},"10":{"name":"(anonymous_14)","decl":{"start":{"line":104,"column":8},"end":{"line":104,"column":21}},"loc":{"start":{"line":104,"column":21},"end":{"line":106,"column":3}}},"11":{"name":"(anonymous_15)","decl":{"start":{"line":109,"column":8},"end":{"line":109,"column":22}},"loc":{"start":{"line":109,"column":53},"end":{"line":111,"column":3}}},"12":{"name":"(anonymous_16)","decl":{"start":{"line":114,"column":8},"end":{"line":114,"column":22}},"loc":{"start":{"line":116,"column":34},"end":{"line":119,"column":3}}},"13":{"name":"(anonymous_17)","decl":{"start":{"line":122,"column":8},"end":{"line":122,"column":22}},"loc":{"start":{"line":122,"column":46},"end":{"line":124,"column":3}}},"14":{"name":"(anonymous_18)","decl":{"start":{"line":127,"column":8},"end":{"line":127,"column":19}},"loc":{"start":{"line":132,"column":28},"end":{"line":141,"column":3}}}},"branchMap":{"0":{"loc":{"start":{"line":40,"column":12},"end":{"line":40,"column":37}},"type":"cond-expr","locations":[{"start":{"line":40,"column":19},"end":{"line":40,"column":33}},{"start":{"line":40,"column":36},"end":{"line":40,"column":37}}]},"1":{"loc":{"start":{"line":41,"column":13},"end":{"line":41,"column":41}},"type":"cond-expr","locations":[{"start":{"line":41,"column":21},"end":{"line":41,"column":36}},{"start":{"line":41,"column":39},"end":{"line":41,"column":41}}]},"2":{"loc":{"start":{"line":82,"column":12},"end":{"line":82,"column":37}},"type":"cond-expr","locations":[{"start":{"line":82,"column":19},"end":{"line":82,"column":33}},{"start":{"line":82,"column":36},"end":{"line":82,"column":37}}]},"3":{"loc":{"start":{"line":83,"column":13},"end":{"line":83,"column":41}},"type":"cond-expr","locations":[{"start":{"line":83,"column":21},"end":{"line":83,"column":36}},{"start":{"line":83,"column":39},"end":{"line":83,"column":41}}]},"4":{"loc":{"start":{"line":135,"column":12},"end":{"line":135,"column":37}},"type":"cond-expr","locations":[{"start":{"line":135,"column":19},"end":{"line":135,"column":33}},{"start":{"line":135,"column":36},"end":{"line":135,"column":37}}]},"5":{"loc":{"start":{"line":136,"column":13},"end":{"line":136,"column":41}},"type":"cond-expr","locations":[{"start":{"line":136,"column":21},"end":{"line":136,"column":36}},{"start":{"line":136,"column":39},"end":{"line":136,"column":41}}]},"6":{"loc":{"start":{"line":49,"column":35},"end":{"line":49,"column":null}},"type":"cond-expr","locations":[{"start":{"line":49,"column":51},"end":{"line":49,"column":null}},{"start":{"line":49,"column":51},"end":{"line":49,"column":null}}]},"7":{"loc":{"start":{"line":49,"column":35},"end":{"line":49,"column":51}},"type":"binary-expr","locations":[{"start":{"line":49,"column":35},"end":{"line":49,"column":null}},{"start":{"line":49,"column":35},"end":{"line":49,"column":51}}]},"8":{"loc":{"start":{"line":54,"column":60},"end":{"line":54,"column":null}},"type":"cond-expr","locations":[{"start":{"line":54,"column":76},"end":{"line":54,"column":null}},{"start":{"line":54,"column":76},"end":{"line":54,"column":null}}]},"9":{"loc":{"start":{"line":54,"column":60},"end":{"line":54,"column":76}},"type":"binary-expr","locations":[{"start":{"line":54,"column":60},"end":{"line":54,"column":null}},{"start":{"line":54,"column":60},"end":{"line":54,"column":76}}]},"10":{"loc":{"start":{"line":93,"column":17},"end":{"line":93,"column":null}},"type":"cond-expr","locations":[{"start":{"line":93,"column":37},"end":{"line":93,"column":null}},{"start":{"line":93,"column":37},"end":{"line":93,"column":null}}]},"11":{"loc":{"start":{"line":93,"column":17},"end":{"line":93,"column":37}},"type":"binary-expr","locations":[{"start":{"line":93,"column":17},"end":{"line":93,"column":null}},{"start":{"line":93,"column":17},"end":{"line":93,"column":37}}]},"12":{"loc":{"start":{"line":99,"column":59},"end":{"line":99,"column":null}},"type":"cond-expr","locations":[{"start":{"line":99,"column":74},"end":{"line":99,"column":null}},{"start":{"line":99,"column":74},"end":{"line":99,"column":null}}]},"13":{"loc":{"start":{"line":99,"column":59},"end":{"line":99,"column":74}},"type":"binary-expr","locations":[{"start":{"line":99,"column":59},"end":{"line":99,"column":null}},{"start":{"line":99,"column":59},"end":{"line":99,"column":74}}]},"14":{"loc":{"start":{"line":109,"column":36},"end":{"line":109,"column":null}},"type":"cond-expr","locations":[{"start":{"line":109,"column":53},"end":{"line":109,"column":null}},{"start":{"line":109,"column":53},"end":{"line":109,"column":null}}]},"15":{"loc":{"start":{"line":109,"column":36},"end":{"line":109,"column":53}},"type":"binary-expr","locations":[{"start":{"line":109,"column":36},"end":{"line":109,"column":null}},{"start":{"line":109,"column":36},"end":{"line":109,"column":53}}]},"16":{"loc":{"start":{"line":116,"column":17},"end":{"line":116,"column":null}},"type":"cond-expr","locations":[{"start":{"line":116,"column":34},"end":{"line":116,"column":null}},{"start":{"line":116,"column":34},"end":{"line":116,"column":null}}]},"17":{"loc":{"start":{"line":116,"column":17},"end":{"line":116,"column":34}},"type":"binary-expr","locations":[{"start":{"line":116,"column":17},"end":{"line":116,"column":null}},{"start":{"line":116,"column":17},"end":{"line":116,"column":34}}]},"18":{"loc":{"start":{"line":29,"column":48},"end":{"line":29,"column":71}},"type":"cond-expr","locations":[{"start":{"line":29,"column":68},"end":{"line":29,"column":71}},{"start":{"line":29,"column":68},"end":{"line":29,"column":71}}]},"19":{"loc":{"start":{"line":29,"column":48},"end":{"line":29,"column":68}},"type":"binary-expr","locations":[{"start":{"line":29,"column":48},"end":{"line":29,"column":71}},{"start":{"line":29,"column":48},"end":{"line":29,"column":68}}]}},"s":{"0":0,"1":0,"2":0,"3":0,"4":0,"5":0,"6":0,"7":0,"8":0,"9":0,"10":0,"11":0,"12":0,"13":0,"14":0,"15":0,"16":0,"17":0,"18":0,"19":0,"20":0,"21":0,"22":0,"23":0,"24":0,"25":0,"26":0,"27":0,"28":0,"29":0,"30":0,"31":0,"32":0,"33":0,"34":0,"35":0,"36":0,"37":0},"f":{"0":0,"1":0,"2":0,"3":0,"4":0,"5":0,"6":0,"7":0,"8":0,"9":0,"10":0,"11":0,"12":0,"13":0,"14":0},"b":{"0":[0,0],"1":[0,0],"2":[0,0],"3":[0,0],"4":[0,0],"5":[0,0],"6":[0,0],"7":[0,0],"8":[0,0],"9":[0,0],"10":[0,0],"11":[0,0],"12":[0,0],"13":[0,0],"14":[0,0],"15":[0,0],"16":[0,0],"17":[0,0],"18":[0,0],"19":[0,0]}}
,"C:\\Users\\Shawon\\amarshop\\backend\\src\\modules\\admin\\controllers\\dashboard.controller.ts": {"path":"C:\\Users\\Shawon\\amarshop\\backend\\src\\modules\\admin\\controllers\\dashboard.controller.ts","statementMap":{"0":{"start":{"line":1,"column":0},"end":{"line":1,"column":null}},"1":{"start":{"line":10,"column":0},"end":{"line":10,"column":45}},"2":{"start":{"line":11,"column":0},"end":{"line":11,"column":64}},"3":{"start":{"line":12,"column":0},"end":{"line":12,"column":67}},"4":{"start":{"line":13,"column":0},"end":{"line":13,"column":70}},"5":{"start":{"line":14,"column":0},"end":{"line":14,"column":43}},"6":{"start":{"line":19,"column":7},"end":{"line":50,"column":null}},"7":{"start":{"line":20,"column":31},"end":{"line":20,"column":49}},"8":{"start":{"line":24,"column":4},"end":{"line":24,"column":48}},"9":{"start":{"line":29,"column":4},"end":{"line":29,"column":48}},"10":{"start":{"line":38,"column":4},"end":{"line":38,"column":64}},"11":{"start":{"line":43,"column":4},"end":{"line":43,"column":68}},"12":{"start":{"line":48,"column":4},"end":{"line":48,"column":58}},"13":{"start":{"line":19,"column":13},"end":{"line":19,"column":37}},"14":{"start":{"line":23,"column":8},"end":{"line":25,"column":null}},"15":{"start":{"line":28,"column":8},"end":{"line":30,"column":null}},"16":{"start":{"line":33,"column":8},"end":{"line":39,"column":null}},"17":{"start":{"line":42,"column":8},"end":{"line":44,"column":null}},"18":{"start":{"line":47,"column":8},"end":{"line":49,"column":null}},"19":{"start":{"line":19,"column":13},"end":{"line":50,"column":null}}},"fnMap":{"0":{"name":"(anonymous_4)","decl":{"start":{"line":20,"column":2},"end":{"line":20,"column":31}},"loc":{"start":{"line":20,"column":70},"end":{"line":20,"column":74}}},"1":{"name":"(anonymous_5)","decl":{"start":{"line":23,"column":8},"end":{"line":23,"column":20}},"loc":{"start":{"line":23,"column":20},"end":{"line":25,"column":3}}},"2":{"name":"(anonymous_6)","decl":{"start":{"line":28,"column":8},"end":{"line":28,"column":20}},"loc":{"start":{"line":28,"column":20},"end":{"line":30,"column":3}}},"3":{"name":"(anonymous_7)","decl":{"start":{"line":33,"column":8},"end":{"line":33,"column":18}},"loc":{"start":{"line":36,"column":28},"end":{"line":39,"column":3}}},"4":{"name":"(anonymous_8)","decl":{"start":{"line":42,"column":8},"end":{"line":42,"column":22}},"loc":{"start":{"line":42,"column":53},"end":{"line":44,"column":3}}},"5":{"name":"(anonymous_9)","decl":{"start":{"line":47,"column":8},"end":{"line":47,"column":30}},"loc":{"start":{"line":47,"column":30},"end":{"line":49,"column":3}}}},"branchMap":{"0":{"loc":{"start":{"line":42,"column":36},"end":{"line":42,"column":null}},"type":"cond-expr","locations":[{"start":{"line":42,"column":53},"end":{"line":42,"column":null}},{"start":{"line":42,"column":53},"end":{"line":42,"column":null}}]},"1":{"loc":{"start":{"line":42,"column":36},"end":{"line":42,"column":53}},"type":"binary-expr","locations":[{"start":{"line":42,"column":36},"end":{"line":42,"column":null}},{"start":{"line":42,"column":36},"end":{"line":42,"column":53}}]},"2":{"loc":{"start":{"line":20,"column":49},"end":{"line":20,"column":73}},"type":"cond-expr","locations":[{"start":{"line":20,"column":70},"end":{"line":20,"column":73}},{"start":{"line":20,"column":70},"end":{"line":20,"column":73}}]},"3":{"loc":{"start":{"line":20,"column":49},"end":{"line":20,"column":70}},"type":"binary-expr","locations":[{"start":{"line":20,"column":49},"end":{"line":20,"column":73}},{"start":{"line":20,"column":49},"end":{"line":20,"column":70}}]}},"s":{"0":0,"1":0,"2":0,"3":0,"4":0,"5":0,"6":0,"7":0,"8":0,"9":0,"10":0,"11":0,"12":0,"13":0,"14":0,"15":0,"16":0,"17":0,"18":0,"19":0},"f":{"0":0,"1":0,"2":0,"3":0,"4":0,"5":0},"b":{"0":[0,0],"1":[0,0],"2":[0,0],"3":[0,0]}}
,"C:\\Users\\Shawon\\amarshop\\backend\\src\\modules\\admin\\controllers\\finance.controller.ts": {"path":"C:\\Users\\Shawon\\amarshop\\backend\\src\\modules\\admin\\controllers\\finance.controller.ts","statementMap":{"0":{"start":{"line":1,"column":0},"end":{"line":1,"column":null}},"1":{"start":{"line":11,"column":0},"end":{"line":11,"column":45}},"2":{"start":{"line":12,"column":0},"end":{"line":12,"column":64}},"3":{"start":{"line":13,"column":0},"end":{"line":13,"column":67}},"4":{"start":{"line":14,"column":0},"end":{"line":14,"column":66}},"5":{"start":{"line":15,"column":0},"end":{"line":15,"column":null}},"6":{"start":{"line":26,"column":7},"end":{"line":136,"column":null}},"7":{"start":{"line":27,"column":31},"end":{"line":27,"column":47}},"8":{"start":{"line":31,"column":4},"end":{"line":31,"column":53}},"9":{"start":{"line":40,"column":4},"end":{"line":44,"column":7}},"10":{"start":{"line":49,"column":4},"end":{"line":49,"column":55}},"11":{"start":{"line":57,"column":4},"end":{"line":57,"column":65}},"12":{"start":{"line":65,"column":4},"end":{"line":68,"column":7}},"13":{"start":{"line":73,"column":4},"end":{"line":73,"column":50}},"14":{"start":{"line":78,"column":4},"end":{"line":78,"column":54}},"15":{"start":{"line":86,"column":4},"end":{"line":86,"column":76}},"16":{"start":{"line":94,"column":4},"end":{"line":97,"column":7}},"17":{"start":{"line":102,"column":4},"end":{"line":102,"column":48}},"18":{"start":{"line":110,"column":4},"end":{"line":113,"column":7}},"19":{"start":{"line":122,"column":4},"end":{"line":126,"column":7}},"20":{"start":{"line":134,"column":4},"end":{"line":134,"column":68}},"21":{"start":{"line":26,"column":13},"end":{"line":26,"column":35}},"22":{"start":{"line":30,"column":8},"end":{"line":32,"column":null}},"23":{"start":{"line":35,"column":8},"end":{"line":45,"column":null}},"24":{"start":{"line":48,"column":8},"end":{"line":50,"column":null}},"25":{"start":{"line":53,"column":8},"end":{"line":58,"column":null}},"26":{"start":{"line":61,"column":8},"end":{"line":69,"column":null}},"27":{"start":{"line":72,"column":8},"end":{"line":74,"column":null}},"28":{"start":{"line":77,"column":8},"end":{"line":79,"column":null}},"29":{"start":{"line":82,"column":8},"end":{"line":87,"column":null}},"30":{"start":{"line":90,"column":8},"end":{"line":98,"column":null}},"31":{"start":{"line":101,"column":8},"end":{"line":103,"column":null}},"32":{"start":{"line":106,"column":8},"end":{"line":114,"column":null}},"33":{"start":{"line":117,"column":8},"end":{"line":127,"column":null}},"34":{"start":{"line":130,"column":8},"end":{"line":135,"column":null}},"35":{"start":{"line":26,"column":13},"end":{"line":136,"column":null}}},"fnMap":{"0":{"name":"(anonymous_4)","decl":{"start":{"line":27,"column":2},"end":{"line":27,"column":31}},"loc":{"start":{"line":27,"column":66},"end":{"line":27,"column":70}}},"1":{"name":"(anonymous_5)","decl":{"start":{"line":30,"column":8},"end":{"line":30,"column":27}},"loc":{"start":{"line":30,"column":27},"end":{"line":32,"column":3}}},"2":{"name":"(anonymous_6)","decl":{"start":{"line":35,"column":8},"end":{"line":35,"column":22}},"loc":{"start":{"line":38,"column":
[...]
ine":499,"column":22},"end":{"line":501,"column":6}},"110":{"start":{"line":502,"column":4},"end":{"line":502,"column":71}},"111":{"start":{"line":502,"column":20},"end":{"line":502,"column":71}},"112":{"start":{"line":504,"column":18},"end":{"line":504,"column":54}},"113":{"start":{"line":505,"column":24},"end":{"line":505,"column":66}},"114":{"start":{"line":507,"column":23},"end":{"line":507,"column":38}},"115":{"start":{"line":508,"column":4},"end":{"line":508,"column":36}},"116":{"start":{"line":508,"column":16},"end":{"line":508,"column":36}},"117":{"start":{"line":510,"column":17},"end":{"line":513,"column":6}},"118":{"start":{"line":515,"column":30},"end":{"line":515,"column":32}},"119":{"start":{"line":516,"column":4},"end":{"line":526,"column":5}},"120":{"start":{"line":517,"column":6},"end":{"line":525,"column":7}},"121":{"start":{"line":518,"column":8},"end":{"line":524,"column":11}},"122":{"start":{"line":528,"column":4},"end":{"line":537,"column":7}},"123":{"start":{"line":541,"column":22},"end":{"line":543,"column":6}},"124":{"start":{"line":544,"column":4},"end":{"line":544,"column":71}},"125":{"start":{"line":544,"column":20},"end":{"line":544,"column":71}},"126":{"start":{"line":546,"column":16},"end":{"line":548,"column":6}},"127":{"start":{"line":549,"column":4},"end":{"line":549,"column":59}},"128":{"start":{"line":549,"column":14},"end":{"line":549,"column":59}},"129":{"start":{"line":551,"column":21},"end":{"line":553,"column":6}},"130":{"start":{"line":554,"column":4},"end":{"line":554,"column":71}},"131":{"start":{"line":554,"column":18},"end":{"line":554,"column":71}},"132":{"start":{"line":556,"column":4},"end":{"line":558,"column":7}},"133":{"start":{"line":560,"column":4},"end":{"line":560,"column":49}},"134":{"start":{"line":564,"column":22},"end":{"line":566,"column":6}},"135":{"start":{"line":567,"column":4},"end":{"line":567,"column":71}},"136":{"start":{"line":567,"column":20},"end":{"line":567,"column":71}},"137":{"start":{"line":568,"column":4},"end":{"line":569,"column":56}},"138":{"start":{"line":569,"column":6},"end":{"line":569,"column":56}},"139":{"start":{"line":571,"column":4},"end":{"line":588,"column":7}},"140":{"start":{"line":590,"column":4},"end":{"line":590,"column":60}},"141":{"start":{"line":594,"column":23},"end":{"line":594,"column":25}},"142":{"start":{"line":595,"column":4},"end":{"line":595,"column":53}},"143":{"start":{"line":595,"column":21},"end":{"line":595,"column":53}},"144":{"start":{"line":596,"column":4},"end":{"line":604,"column":7}},"145":{"start":{"line":608,"column":23},"end":{"line":608,"column":25}},"146":{"start":{"line":609,"column":4},"end":{"line":609,"column":53}},"147":{"start":{"line":609,"column":21},"end":{"line":609,"column":53}},"148":{"start":{"line":610,"column":4},"end":{"line":620,"column":7}},"149":{"start":{"line":624,"column":23},"end":{"line":624,"column":25}},"150":{"start":{"line":625,"column":4},"end":{"line":625,"column":53}},"151":{"start":{"line":625,"column":21},"end":{"line":625,"column":53}},"152":{"start":{"line":626,"column":4},"end":{"line":633,"column":7}},"153":{"start":{"line":637,"column":17},"end":{"line":649,"column":6}},"154":{"start":{"line":650,"column":4},"end":{"line":660,"column":8}},"155":{"start":{"line":650,"column":28},"end":{"line":660,"column":6}},"156":{"start":{"line":654,"column":38},"end":{"line":659,"column":8}},"157":{"start":{"line":9,"column":13},"end":{"line":9,"column":23}},"158":{"start":{"line":9,"column":13},"end":{"line":662,"column":null}}},"fnMap":{"0":{"name":"(anonymous_2)","decl":{"start":{"line":12,"column":2},"end":{"line":12,"column":22}},"loc":{"start":{"line":12,"column":50},"end":{"line":14,"column":3}}},"1":{"name":"(anonymous_3)","decl":{"start":{"line":16,"column":2},"end":{"line":16,"column":7}},"loc":{"start":{"line":16,"column":49},"end":{"line":79,"column":3}}},"2":{"name":"(anonymous_4)","decl":{"start":{"line":59,"column":40},"end":{"line":59,"column":41}},"loc":{"start":{"line":59,"column":50},"end":{"line":59,"column":64}}},"3":{"name":"(anonymous_5)","decl":{"start":{"line":60,"column":43},"end":{"line":60,"column":44}},"loc":{"start":{"line":60,"column":53},"end":{"line":60,"column":70}}},"4":{"name":"(anonymous_6)","decl":{"start":{"line":81,"column":2},"end":{"line":81,"column":7}},"loc":{"start":{"line":81,"column":45},"end":{"line":97,"column":3}}},"5":{"name":"(anonymous_7)","decl":{"start":{"line":88,"column":14},"end":{"line":88,"column":15}},"loc":{"start":{"line":88,"column":21},"end":{"line":88,"column":48}}},"6":{"name":"(anonymous_8)","decl":{"start":{"line":89,"column":11},"end":{"line":89,"column":12}},"loc":{"start":{"line":89,"column":19},"end":{"line":96,"column":8}}},"7":{"name":"(anonymous_9)","decl":{"start":{"line":99,"column":2},"end":{"line":99,"column":7}},"loc":{"start":{"line":99,"column":57},"end":{"line":106,"column":3}}},"8":{"name":"(anonymous_10)","decl":{"start":{"line":108,"column":2},"end":{"line":108,"column":7}},"loc":{"start":{"line":112,"column":3},"end":{"line":134,"column":3}}},"9":{"name":"(anonymous_11)","decl":{"start":{"line":123,"column":33},"end":{"line":123,"column":34}},"loc":{"start":{"line":123,"column":44},"end":{"line":127,"column":12}}},"10":{"name":"(anonymous_12)","decl":{"start":{"line":136,"column":2},"end":{"line":136,"column":7}},"loc":{"start":{"line":143,"column":7},"end":{"line":238,"column":3}}},"11":{"name":"(anonymous_13)","decl":{"start":{"line":154,"column":41},"end":{"line":154,"column":42}},"loc":{"start":{"line":154,"column":48},"end":{"line":154,"column":75}}},"12":{"name":"(anonymous_14)","decl":{"start":{"line":220,"column":42},"end":{"line":220,"column":43}},"loc":{"start":{"line":220,"column":48},"end":{"line":223,"column":5}}},"13":{"name":"(anonymous_15)","decl":{"start":{"line":221,"column":32},"end":{"line":221,"column":33}},"loc":{"start":{"line":221,"column":39},"end":{"line":221,"column":63}}},"14":{"name":"(anonymous_16)","decl":{"start":{"line":240,"column":2},"end":{"line":240,"column":7}},"loc":{"start":{"line":240,"column":43},"end":{"line":310,"column":3}}},"15":{"name":"(anonymous_17)","decl":{"start":{"line":312,"column":2},"end":{"line":312,"column":7}},"loc":{"start":{"line":312,"column":57},"end":{"line":365,"column":3}}},"16":{"name":"(anonymous_18)","decl":{"start":{"line":367,"column":2},"end":{"line":367,"column":7}},"loc":{"start":{"line":369,"column":52},"end":{"line":404,"column":3}}},"17":{"name":"(anonymous_19)","decl":{"start":{"line":387,"column":28},"end":{"line":387,"column":29}},"loc":{"start":{"line":387,"column":36},"end":{"line":390,"column":12}}},"18":{"name":"(anonymous_20)","decl":{"start":{"line":406,"column":2},"end":{"line":406,"column":7}},"loc":{"start":{"line":409,"column":60},"end":{"line":496,"column":3}}},"19":{"name":"(anonymous_21)","decl":{"start":{"line":428,"column":36},"end":{"line":428,"column":37}},"loc":{"start":{"line":428,"column":44},"end":{"line":431,"column":12}}},"20":{"name":"(anonymous_22)","decl":{"start":{"line":498,"column":2},"end":{"line":498,"column":7}},"loc":{"start":{"line":498,"column":55},"end":{"line":538,"column":3}}},"21":{"name":"(anonymous_23)","decl":{"start":{"line":540,"column":2},"end":{"line":540,"column":7}},"loc":{"start":{"line":540,"column":52},"end":{"line":561,"column":3}}},"22":{"name":"(anonymous_24)","decl":{"start":{"line":563,"column":2},"end":{"line":563,"column":7}},"loc":{"start":{"line":563,"column":73},"end":{"line":591,"column":3}}},"23":{"name":"(anonymous_25)","decl":{"start":{"line":593,"column":2},"end":{"line":593,"column":7}},"loc":{"start":{"line":593,"column":46},"end":{"line":605,"column":3}}},"24":{"name":"(anonymous_26)","decl":{"start":{"line":607,"column":2},"end":{"line":607,"column":7}},"loc":{"start":{"line":607,"column":42},"end":{"line":621,"column":3}}},"25":{"name":"(anonymous_27)","decl":{"start":{"line":623,"column":2},"end":{"line":623,"column":7}},"loc":{"start":{"line":623,"column":42},"end":{"line":634,"column":3}}},"26":{"name":"(anonymous_28)","decl":{"start":{"line":636,"column":2},"end":{"line":636,"column":7}},"loc":{"start":{"line":636,"column":45},"end":{"line":661,"column":3}}},"27":{"name":"(anonymous_29)","decl":{"start":{"line":650,"column":20},"end":{"line":650,"column":21}},"loc":{"start":{"line":650,"column":28},"end":{"line":660,"column":6}}},"28":{"name":"(anonymous_30)","decl":{"start":{"line":654,"column":29},"end":{"line":654,"column":30}},"loc":{"start":{"line":654,"column":38},"end":{"line":659,"column":8}}}},"branchMap":{"0":{"loc":{"start":{"line":20,"column":4},"end":{"line":20,"column":71}},"type":"if","locations":[{"start":{"line":20,"column":4},"end":{"line":20,"column":71}},{"start":{},"end":{}}]},"1":{"loc":{"start":{"line":101,"column":4},"end":{"line":101,"column":32}},"type":"if","locations":[{"start":{"line":101,"column":4},"end":{"line":101,"column":32}},{"start":{},"end":{}}]},"2":{"loc":{"start":{"line":126,"column":22},"end":{"line":126,"column":40}},"type":"binary-expr","locations":[{"start":{"line":126,"column":22},"end":{"line":126,"column":35}},{"start":{"line":126,"column":39},"end":{"line":126,"column":40}}]},"3":{"loc":{"start":{"line":149,"column":4},"end":{"line":149,"column":71}},"type":"if","locations":[{"start":{"line":149,"column":4},"end":{"line":149,"column":71}},{"start":{},"end":{}}]},"4":{"loc":{"start":{"line":150,"column":4},"end":{"line":151,"column":63}},"type":"if","locations":[{"start":{"line":150,"column":4},"end":{"line":151,"column":63}},{"start":{},"end":{}}]},"5":{"loc":{"start":{"line":155,"column":6},"end":{"line":158,"column":10}},"type":"if","locations":[{"start":{"line":155,"column":6},"end":{"line":158,"column":10}},{"start":{},"end":{}}]},"6":{"loc":{"start":{"line":164,"column":22},"end":{"line":164,"column":42}},"type":"binary-expr","locations":[{"start":{"line":164,"column":22},"end":{"line":164,"column":37}},{"start":{"line":164,"column":41},"end":{"line":164,"column":42}}]},"7":{"loc":{"start":{"line":184,"column":6},"end":{"line":196,"column":7}},"type":"if","locations":[{"start":{"line":184,"column":6},"end":{"line":196,"column":7}},{"start":{},"end":{}}]},"8":{"loc":{"start":{"line":198,"column":6},"end":{"line":207,"column":7}},"type":"if","locations":[{"start":{"line":198,"column":6},"end":{"line":207,"column":7}},{"start":{},"end":{}}]},"9":{"loc":{"start":{"line":198,"column":10},"end":{"line":198,"column":48}},"type":"binary-expr","locations":[{"start":{"line":198,"column":10},"end":{"line":198,"column":25}},{"start":{"line":198,"column":29},"end":{"line":198,"column":48}}]},"10":{"loc":{"start":{"line":222,"column":13},"end":{"line":222,"column":58}},"type":"binary-expr","locations":[{"start":{"line":222,"column":13},"end":{"line":222,"column":19}},{"start":{"line":222,"column":23},"end":{"line":222,"column":58}}]},"11":{"loc":{"start":{"line":225,"column":4},"end":{"line":235,"column":5}},"type":"if","locations":[{"start":{"line":225,"column":4},"end":{"line":235,"column":5}},{"start":{"line":230,"column":11},"end":{"line":235,"column":5}}]},"12":{"loc":{"start":{"line":252,"column":4},"end":{"line":252,"column":80}},"type":"if","locations":[{"start":{"line":252,"column":4},"end":{"line":252,"column":80}},{"start":{},"end":{}}]},"13":{"loc":{"start":{"line":257,"column":4},"end":{"line":257,"column":64}},"type":"if","locations":[{"start":{"line":257,"column":4},"end":{"line":257,"column":64}},{"start":{},"end":{}}]},"14":{"loc":{"start":{"line":279,"column":17},"end":{"line":279,"column":35}},"type":"binary-expr","locations":[{"start":{"line":279,"column":17},"end":{"line":279,"column":27}},{"start":{"line":279,"column":31},"end":{"line":279,"column":35}}]},"15":{"loc":{"start":{"line":317,"column":4},"end":{"line":317,"column":71}},"type":"if","locations":[{"start":{"line":317,"column":4},"end":{"line":317,"column":71}},{"start":{},"end":{}}]},"16":{"loc":{"start":{"line":318,"column":4},"end":{"line":319,"column":54}},"type":"if","locations":[{"start":{"line":318,"column":4},"end":{"line":319,"column":54}},{"start":{},"end":{}}]},"17":{"loc":{"start":{"line":324,"column":4},"end":{"line":324,"column":79}},"type":"if","locations":[{"start":{"line":324,"column":4},"end":{"line":324,"column":79}},{"start":{},"end":{}}]},"18":{"loc":{"start":{"line":331,"column":4},"end":{"line":333,"column":5}},"type":"if","locations":[{"start":{"line":331,"column":4},"end":{"line":333,"column":5}},{"start":{},"end":{}}]},"19":{"loc":{"start":{"line":331,"column":8},"end":{"line":331,"column":62}},"type":"binary-expr","locations":[{"start":{"line":331,"column":8},"end":{"line":331,"column":21}},{"start":{"line":331,"column":25},"end":{"line":331,"column":62}}]},"20":{"loc":{"start":{"line":375,"column":4},"end":{"line":375,"column":63}},"type":"if","locations":[{"start":{"line":375,"column":4},"end":{"line":375,"column":63}},{"start":{},"end":{}}]},"21":{"loc":{"start":{"line":415,"column":4},"end":{"line":415,"column":73}},"type":"if","locations":[{"start":{"line":415,"column":4},"end":{"line":415,"column":73}},{"start":{},"end":{}}]},"22":{"loc":{"start":{"line":415,"column":8},"end":{"line":415,"column":20}},"type":"binary-expr","locations":[{"start":{"line":415,"column":8},"end":{"line":415,"column":13}},{"start":{"line":415,"column":17},"end":{"line":415,"column":20}}]},"23":{"loc":{"start":{"line":446,"column":6},"end":{"line":449,"column":10}},"type":"if","locations":[{"start":{"line":446,"column":6},"end":{"line":449,"column":10}},{"start":{},"end":{}}]},"24":{"loc":{"start":{"line":446,"column":10},"end":{"line":446,"column":54}},"type":"binary-expr","locations":[{"start":{"line":446,"column":10},"end":{"line":446,"column":18}},{"start":{"line":446,"column":22},"end":{"line":446,"column":54}}]},"25":{"loc":{"start":{"line":502,"column":4},"end":{"line":502,"column":71}},"type":"if","locations":[{"start":{"line":502,"column":4},"end":{"line":502,"column":71}},{"start":{},"end":{}}]},"26":{"loc":{"start":{"line":508,"column":4},"end":{"line":508,"column":36}},"type":"if","locations":[{"start":{"line":508,"column":4},"end":{"line":508,"column":36}},{"start":{},"end":{}}]},"27":{"loc":{"start":{"line":544,"column":4},"end":{"line":544,"column":71}},"type":"if","locations":[{"start":{"line":544,"column":4},"end":{"line":544,"column":71}},{"start":{},"end":{}}]},"28":{"loc":{"start":{"line":549,"column":4},"end":{"line":549,"column":59}},"type":"if","locations":[{"start":{"line":549,"column":4},"end":{"line":549,"column":59}},{"start":{},"end":{}}]},"29":{"loc":{"start":{"line":554,"column":4},"end":{"line":554,"column":71}},"type":"if","locations":[{"start":{"line":554,"column":4},"end":{"line":554,"column":71}},{"start":{},"end":{}}]},"30":{"loc":{"start":{"line":567,"column":4},"end":{"line":567,"column":71}},"type":"if","locations":[{"start":{"line":567,"column":4},"end":{"line":567,"column":71}},{"start":{},"end":{}}]},"31":{"loc":{"start":{"line":568,"column":4},"end":{"line":569,"column":56}},"type":"if","locations":[{"start":{"line":568,"column":4},"end":{"line":569,"column":56}},{"start":{},"end":{}}]},"32":{"loc":{"start":{"line":595,"column":4},"end":{"line":595,"column":53}},"type":"if","locations":[{"start":{"line":595,"column":4},"end":{"line":595,"column":53}},{"start":{},"end":{}}]},"33":{"loc":{"start":{"line":609,"column":4},"end":{"line":609,"column":53}},"type":"if","locations":[{"start":{"line":609,"column":4},"end":{"line":609,"column":53}},{"start":{},"end":{}}]},"34":{"loc":{"start":{"line":625,"column":4},"end":{"line":625,"column":53}},"type":"if","locations":[{"start":{"line":625,"column":4},"end":{"line":625,"column":53}},{"start":{},"end":{}}]},"35":{"loc":{"start":{"line":12,"column":37},"end":{"line":12,"column":null}},"type":"cond-expr","locations":[{"start":{"line":12,"column":50},"end":{"line":12,"column":null}},{"start":{"line":12,"column":50},"end":{"line":12,"column":null}}]},"36":{"loc":{"start":{"line":12,"column":37},"end":{"line":12,"column":50}},"type":"binary-expr","locations":[{"start":{"line":12,"column":37},"end":{"line":12,"column":null}},{"start":{"line":12,"column":37},"end":{"line":12,"column":50}}]}},"s":{"0":0,"1":0,"2":0,"3":0,"4":0,"5":0,"6":0,"7":0,"8":0,"9":0,"10":0,"11":0,"12":0,"13":0,"14":0,"15":0,"16":0,"17":0,"18":0,"19":0,"20":0,"21":0,"22":0,"23":0,"24":0,"25":0,"26":0,"27":0,"28":0,"29":0,"30":0,"31":0,"32":0,"33":0,"34":0,"35":0,"36":0,"37":0,"38":0,"39":0,"40":0,"41":0,"42":0,"43":0,"44":0,"45":0,"46":0,"47":0,"48":0,"49":0,"50":0,"51":0,"52":0,"53":0,"54":0,"55":0,"56":0,"57":0,"58":0,"59":0,"60":0,"61":0,"62":0,"63":0,"64":0,"65":0,"66":0,"67":0,"68":0,"69":0,"70":0,"71":0,"72":0,"73":0,"74":0,"75":0,"76":0,"77":0,"78":0,"79":0,"80":0,"81":0,"82":0,"83":0,"84":0,"85":0,"86":0,"87":0,"88":0,"89":0,"90":0,"91":0,"92":0,"93":0,"94":0,"95":0,"96":0,"97":0,"98":0,"99":0,"100":0,"101":0,"102":0,"103":0,"104":0,"105":0,"106":0,"107":0,"108":0,"109":0,"110":0,"111":0,"112":0,"113":0,"114":0,"115":0,"116":0,"117":0,"118":0,"119":0,"120":0,"121":0,"122":0,"123":0,"124":0,"125":0,"126":0,"127":0,"128":0,"129":0,"130":0,"131":0,"132":0,"133":0,"134":0,"135":0,"136":0,"137":0,"138":0,"139":0,"140":0,"141":0,"142":0,"143":0,"144":0,"145":0,"146":0,"147":0,"148":0,"149":0,"150":0,"151":0,"152":0,"153":0,"154":0,"155":0,"156":0,"157":0,"158":0},"f":{"0":0,"1":0,"2":0,"3":0,"4":0,"5":0,"6":0,"7":0,"8":0,"9":0,"10":0,"11":0,"12":0,"13":0,"14":0,"15":0,"16":0,"17":0,"18":0,"19":0,"20":0,"21":0,"22":0,"23":0,"24":0,"25":0,"26":0,"27":0,"28":0},"b":{"0":[0,0],"1":[0,0],"2":[0,0],"3":[0,0],"4":[0,0],"5":[0,0],"6":[0,0],"7":[0,0],"8":[0,0],"9":[0,0],"10":[0,0],"11":[0,0],"12":[0,0],"13":[0,0],"14":[0,0],"15":[0,0],"16":[0,0],"17":[0,0],"18":[0,0],"19":[0,0],"20":[0,0],"21":[0,0],"22":[0,0],"23":[0,0],"24":[0,0],"25":[0,0],"26":[0,0],"27":[0,0],"28":[0,0],"29":[0,0],"30":[0,0],"31":[0,0],"32":[0,0],"33":[0,0],"34":[0,0],"35":[0,0],"36":[0,0]}}
,"C:\\Users\\Shawon\\amarshop\\backend\\src\\observability\\opentelemetry.ts": {"path":"C:\\Users\\Shawon\\amarshop\\backend\\src\\observability\\opentelemetry.ts","statementMap":{"0":{"start":{"line":9,"column":0},"end":{"line":9,"column":16}},"1":{"start":{"line":1,"column":0},"end":{"line":1,"column":50}},"2":{"start":{"line":2,"column":0},"end":{"line":2,"column":88}},"3":{"start":{"line":3,"column":0},"end":{"line":3,"column":76}},"4":{"start":{"line":4,"column":0},"end":{"line":4,"column":79}},"5":{"start":{"line":5,"column":0},"end":{"line":5,"column":75}},"6":{"start":{"line":6,"column":0},"end":{"line":6,"column":66}},"7":{"start":{"line":7,"column":0},"end":{"line":7,"column":81}},"8":{"start":{"line":11,"column":4},"end":{"line":13,"column":37}},"9":{"start":{"line":15,"column":24},"end":{"line":15,"column":64}},"10":{"start":{"line":17,"column":23},"end":{"line":25,"column":4}},"11":{"start":{"line":27,"column":14},"end":{"line":35,"column":4}},"12":{"start":{"line":37,"column":2},"end":{"line":37,"column":14}},"13":{"start":{"line":38,"column":2},"end":{"line":38,"column":13}}},"fnMap":{"0":{"name":"setupObservability","decl":{"start":{"line":9,"column":16},"end":{"line":9,"column":34}},"loc":{"start":{"line":9,"column":34},"end":{"line":39,"column":1}}}},"branchMap":{"0":{"loc":{"start":{"line":11,"column":4},"end":{"line":13,"column":37}},"type":"binary-expr","locations":[{"start":{"line":11,"column":4},"end":{"line":11,"column":43}},{"start":{"line":12,"column":4},"end":{"line":12,"column":50}},{"start":{"line":13,"column":4},"end":{"line":13,"column":37}}]},"1":{"loc":{"start":{"line":20,"column":8},"end":{"line":22,"column":42}},"type":"binary-expr","locations":[{"start":{"line":20,"column":8},"end":{"line":20,"column":55}},{"start":{"line":21,"column":8},"end":{"line":21,"column":47}},{"start":{"line":22,"column":8},"end":{"line":22,"column":42}}]}},"s":{"0":0,"1":0,"2":0,"3":0,"4":0,"5":0,"6":0,"7":0,"8":0,"9":0,"10":0,"11":0,"12":0,"13":0},"f":{"0":0},"b":{"0":[0,0,0],"1":[0,0,0]}}
}
