TN:
SF:src\app.controller.ts
FN:6,(anonymous_2)
FN:9,(anonymous_3)
FNF:2
FNH:2
FNDA:1,(anonymous_2)
FNDA:1,(anonymous_3)
DA:1,1
DA:2,1
DA:5,1
DA:6,1
DA:9,1
DA:10,1
LF:6
LH:6
BRDA:6,0,0,1
BRDA:6,0,1,0
BRDA:6,1,0,1
BRDA:6,1,1,1
BRF:4
BRH:3
end_of_record
TN:
SF:src\app.module.ts
FNF:0
FNH:0
DA:1,0
DA:2,0
DA:3,0
DA:4,0
DA:5,0
DA:6,0
DA:7,0
DA:8,0
DA:9,0
DA:10,0
DA:11,0
DA:12,0
DA:13,0
DA:14,0
DA:15,0
DA:16,0
DA:17,0
DA:18,0
DA:19,0
DA:20,0
DA:21,0
DA:22,0
DA:23,0
DA:24,0
DA:25,0
DA:26,0
DA:27,0
DA:28,0
DA:29,0
DA:30,0
DA:31,0
DA:32,0
DA:36,0
DA:84,0
LF:34
LH:0
BRF:0
BRH:0
end_of_record
TN:
SF:src\app.service.ts
FN:5,(anonymous_1)
FNF:1
FNH:1
FNDA:1,(anonymous_1)
DA:1,1
DA:4,1
DA:6,1
LF:3
LH:3
BRF:0
BRH:0
end_of_record
TN:
SF:src\error-tracking.ts
FN:12,captureError
FN:16,(anonymous_10)
FN:33,(anonymous_11)
FN:38,(anonymous_12)
FN:52,captureMessage
FN:53,(anonymous_14)
FN:60,(anonymous_15)
FN:65,(anonymous_16)
FN:73,setUserContext
FN:81,clearUserContext
FNF:10
FNH:0
FNDA:0,captureError
FNDA:0,(anonymous_10)
FNDA:0,(anonymous_11)
FNDA:0,(anonymous_12)
FNDA:0,captureMessage
FNDA:0,(anonymous_14)
FNDA:0,(anonymous_15)
FNDA:0,(anonymous_16)
FNDA:0,setUserContext
FNDA:0,clearUserContext
DA:1,0
DA:2,0
DA:12,0
DA:16,0
DA:17,0
DA:18,0
DA:22,0
DA:23,0
DA:24,0
DA:25,0
DA:26,0
DA:27,0
DA:29,0
DA:30,0
DA:32,0
DA:33,0
DA:34,0
DA:37,0
DA:38,0
DA:39,0
DA:43,0
DA:44,0
DA:45,0
DA:48,0
DA:52,0
DA:53,0
DA:54,0
DA:55,0
DA:59,0
DA:60,0
DA:61,0
DA:64,0
DA:65,0
DA:66,0
DA:69,0
DA:73,0
DA:78,0
DA:81,0
DA:82,0
LF:39
LH:0
BRDA:17,0,0,0
BRDA:17,0,1,0
BRDA:22,1,0,0
BRDA:22,1,1,0
BRDA:22,2,0,0
BRDA:22,2,1,0
BRDA:29,3,0,0
BRDA:29,3,1,0
BRDA:32,4,0,0
BRDA:32,4,1,0
BRDA:37,5,0,0
BRDA:37,5,1,0
BRDA:43,6,0,0
BRDA:43,6,1,0
BRDA:54,7,0,0
BRDA:54,7,1,0
BRDA:59,8,0,0
BRDA:59,8,1,0
BRDA:64,9,0,0
BRDA:64,9,1,0
BRF:20
BRH:0
end_of_record
TN:
SF:src\main.ts
FN:13,bootstrap
FN:90,(anonymous_2)
FN:126,(anonymous_3)
FNF:3
FNH:0
FNDA:0,bootstrap
FNDA:0,(anonymous_2)
FNDA:0,(anonymous_3)
DA:1,0
DA:2,0
DA:3,0
DA:4,0
DA:8,0
DA:9,0
DA:10,0
DA:11,0
DA:14,0
DA:15,0
DA:16,0
DA:17,0
DA:22,0
DA:23,0
DA:27,0
DA:28,0
DA:34,0
DA:35,0
DA:36,0
DA:37,0
DA:42,0
DA:86,0
DA:89,0
DA:90,0
DA:95,0
DA:113,0
DA:122,0
DA:125,0
DA:126,0
DA:127,0
DA:131,0
DA:132,0
DA:133,0
DA:135,0
DA:136,0
DA:139,0
DA:140,0
DA:141,0
DA:144,0
LF:39
LH:0
BRDA:36,0,0,0
BRDA:36,0,1,0
BRDA:89,1,0,0
BRDA:89,1,1,0
BRDA:91,2,0,0
BRDA:91,2,1,0
BRDA:127,3,0,0
BRDA:127,3,1,0
BRDA:128,4,0,0
BRDA:128,4,1,0
BRDA:139,5,0,0
BRDA:139,5,1,0
BRF:12
BRH:0
end_of_record
TN:
SF:src\common\health.controller.ts
FN:6,(anonymous_2)
FN:8,(anonymous_3)
FN:17,(anonymous_4)
FN:35,(anonymous_5)
FN:41,(anonymous_6)
FN:56,(anonymous_7)
FN:65,(anonymous_8)
FN:73,(anonymous_9)
FNF:8
FNH:0
FNDA:0,(anonymous_2)
FNDA:0,(anonymous_3)
FNDA:0,(anonymous_4)
FNDA:0,(anonymous_5)
FNDA:0,(anonymous_6)
FNDA:0,(anonymous_7)
FNDA:0,(anonymous_8)
FNDA:0,(anonymous_9)
DA:1,0
DA:2,0
DA:5,0
DA:6,0
DA:9,0
DA:10,0
DA:11,0
DA:13,0
DA:18,0
DA:19,0
DA:23,0
DA:24,0
DA:26,0
DA:28,0
DA:34,0
DA:36,0
DA:37,0
DA:41,0
DA:42,0
DA:43,0
DA:45,0
DA:48,0
DA:56,0
DA:57,0
DA:58,0
DA:65,0
DA:66,0
DA:73,0
DA:74,0
DA:75,0
DA:77,0
LF:31
LH:0
BRDA:19,0,0,0
BRDA:19,0,1,0
BRDA:20,1,0,0
BRDA:20,1,1,0
BRDA:6,2,0,0
BRDA:6,2,1,0
BRDA:6,3,0,0
BRDA:6,3,1,0
BRDA:45,4,0,0
BRDA:45,4,1,0
BRDA:45,4,2,0
BRDA:49,5,0,0
BRDA:49,5,1,0
BRDA:59,6,0,0
BRDA:59,6,1,0
BRDA:36,7,0,0
BRDA:36,7,1,0
BRDA:36,8,0,0
BRDA:36,8,1,0
BRF:19
BRH:0
end_of_record
TN:
SF:src\common\prisma.service.ts
FN:12,(anonymous_2)
FN:30,(anonymous_3)
FN:34,(anonymous_4)
FNF:3
FNH:0
FNDA:0,(anonymous_2)
FNDA:0,(anonymous_3)
FNDA:0,(anonymous_4)
DA:1,6
DA:2,6
DA:3,6
DA:4,6
DA:5,6
DA:8,6
DA:12,0
DA:14,0
DA:17,0
DA:18,0
DA:26,0
DA:27,0
DA:31,0
DA:35,0
LF:14
LH:6
BRDA:14,0,0,0
BRDA:14,0,1,0
BRDA:12,1,0,6
BRDA:12,1,1,0
BRDA:12,2,0,6
BRDA:12,2,1,6
BRF:6
BRH:3
end_of_record
TN:
SF:src\common\types.ts
FN:1,(anonymous_0)
FN:11,(anonymous_1)
FN:23,(anonymous_2)
FNF:3
FNH:3
FNDA:1,(anonymous_0)
FNDA:1,(anonymous_1)
FNDA:1,(anonymous_2)
DA:1,1
DA:2,1
DA:3,1
DA:4,1
DA:5,1
DA:6,1
DA:7,1
DA:8,1
DA:11,1
DA:12,1
DA:13,1
DA:14,1
DA:15,1
DA:16,1
DA:17,1
DA:18,1
DA:19,1
DA:20,1
DA:23,1
DA:24,1
DA:25,1
DA:26,1
DA:27,1
DA:28,1
LF:24
LH:24
BRDA:1,0,0,1
BRDA:1,0,1,1
BRDA:11,1,0,1
BRDA:11,1,1,1
BRDA:23,2,0,1
BRDA:23,2,1,1
BRF:6
BRH:6
end_of_record
TN:
SF:src\common\decorators\current-user.decorator.ts
FN:4,(anonymous_0)
FNF:1
FNH:0
FNDA:0,(anonymous_0)
DA:1,0
DA:3,0
DA:5,0
DA:6,0
DA:7,0
LF:5
LH:0
BRDA:6,0,0,0
BRDA:6,0,1,0
BRF:2
BRH:0
end_of_record
TN:
SF:src\common\decorators\roles.decorator.ts
FN:4,(anonymous_0)
FNF:1
FNH:0
FNDA:0,(anonymous_0)
DA:1,0
DA:3,0
DA:4,0
LF:3
LH:0
BRF:0
BRH:0
end_of_record
TN:
SF:src\common\guards\api-key.guard.ts
FN:19,(anonymous_2)
FN:24,(anonymous_3)
FN:67,(anonymous_4)
FNF:3
FNH:0
FNDA:0,(anonymous_2)
FNDA:0,(anonymous_3)
FNDA:0,(anonymous_4)
DA:1,0
DA:9,0
DA:10,0
DA:13,0
DA:14,0
DA:20,0
DA:21,0
DA:25,0
DA:26,0
DA:28,0
DA:29,0
DA:32,0
DA:33,0
DA:34,0
DA:39,0
DA:41,0
DA:42,0
DA:44,0
DA:45,0
DA:46,0
DA:47,0
DA:51,0
DA:56,0
DA:58,0
DA:64,0
DA:65,0
DA:69,0
DA:71,0
DA:72,0
LF:29
LH:0
BRDA:28,0,0,0
BRDA:28,0,1,0
BRDA:44,1,0,0
BRDA:44,1,1,0
BRDA:44,2,0,0
BRDA:44,2,1,0
BRDA:45,3,0,0
BRDA:45,3,1,0
BRDA:71,4,0,0
BRDA:71,4,1,0
BRDA:20,5,0,0
BRDA:20,5,1,0
BRDA:20,6,0,0
BRDA:20,6,1,0
BRDA:20,7,0,0
BRDA:20,7,1,0
BRDA:20,8,0,0
BRDA:20,8,1,0
BRF:18
BRH:0
end_of_record
TN:
SF:src\common\guards\roles.guard.ts
FN:6,(anonymous_2)
FN:8,(anonymous_3)
FNF:2
FNH:0
FNDA:0,(anonymous_2)
FNDA:0,(anonymous_3)
DA:1,0
DA:2,0
DA:5,0
DA:6,0
DA:9,0
DA:13,0
DA:14,0
DA:15,0
DA:16,0
LF:9
LH:0
BRDA:13,0,0,0
BRDA:13,0,1,0
BRDA:15,1,0,0
BRDA:15,1,1,0
BRDA:6,2,0,0
BRDA:6,2,1,0
BRDA:6,3,0,0
BRDA:6,3,1,0
BRF:8
BRH:0
end_of_record
TN:
SF:src\common\guards\throttle.guard.ts
FN:20,(anonymous_1)
FNF:1
FNH:0
FNDA:0,(anonymous_1)
DA:1,0
DA:15,0
DA:16,0
DA:17,0
DA:18,0
DA:21,0
DA:22,0
DA:23,0
DA:25,0
DA:27,0
DA:28,0
DA:29,0
DA:32,0
DA:33,0
DA:39,0
DA:40,0
LF:16
LH:0
BRDA:22,0,0,0
BRDA:22,0,1,0
BRDA:22,0,2,0
BRDA:27,1,0,0
BRDA:27,1,1,0
BRDA:27,2,0,0
BRDA:27,2,1,0
BRDA:32,3,0,0
BRDA:32,3,1,0
BRF:9
BRH:0
end_of_record
TN:
SF:src\common\interceptors\audit-log.interceptor.ts
FN:11,(anonymous_2)
FN:13,(anonymous_3)
FN:23,(anonymous_4)
FN:34,(anonymous_5)
FNF:4
FNH:0
FNDA:0,(anonymous_2)
FNDA:0,(anonymous_3)
FNDA:0,(anonymous_4)
FNDA:0,(anonymous_5)
DA:1,0
DA:7,0
DA:10,0
DA:11,0
DA:14,0
DA:15,0
DA:16,0
DA:18,0
DA:19,0
DA:22,0
DA:24,0
LF:11
LH:0
BRDA:18,0,0,0
BRDA:18,0,1,0
BRDA:18,1,0,0
BRDA:18,1,1,0
BRDA:30,2,0,0
BRDA:30,2,1,0
BRF:6
BRH:0
end_of_record
TN:
SF:src\common\interceptors\logging.interceptor.ts
FN:12,(anonymous_1)
FN:31,(anonymous_2)
FNF:2
FNH:0
FNDA:0,(anonymous_1)
FNDA:0,(anonymous_2)
DA:1,0
DA:7,0
DA:8,0
DA:11,0
DA:13,0
DA:14,0
DA:15,0
DA:16,0
DA:18,0
DA:20,0
DA:30,0
DA:32,0
DA:33,0
DA:35,0
LF:14
LH:0
BRF:0
BRH:0
end_of_record
TN:
SF:src\common\interceptors\metrics.interceptor.ts
FN:69,(anonymous_2)
FN:17,(anonymous_3)
FN:37,(anonymous_4)
FN:46,(anonymous_5)
FN:55,(anonymous_6)
FNF:5
FNH:0
FNDA:0,(anonymous_2)
FNDA:0,(anonymous_3)
FNDA:0,(anonymous_4)
FNDA:0,(anonymous_5)
FNDA:0,(anonymous_6)
DA:1,0
DA:7,0
DA:8,0
DA:9,0
DA:12,0
DA:18,0
DA:24,0
DA:31,0
DA:38,0
DA:39,0
DA:40,0
DA:42,0
DA:44,0
DA:47,0
DA:48,0
DA:49,0
DA:50,0
DA:53,0
DA:56,0
DA:57,0
DA:58,0
DA:59,0
DA:62,0
DA:69,0
LF:24
LH:0
BRF:0
BRH:0
end_of_record
TN:
SF:src\common\interceptors\rate-limit.interceptor.ts
FN:27,(anonymous_1)
FNF:1
FNH:0
FNDA:0,(anonymous_1)
DA:1,0
DA:17,0
DA:24,0
DA:25,0
DA:28,0
DA:29,0
DA:30,0
DA:31,0
DA:33,0
DA:35,0
DA:36,0
DA:38,0
DA:39,0
DA:40,0
DA:41,0
DA:45,0
DA:46,0
DA:47,0
DA:51,0
DA:61,0
DA:63,0
DA:66,0
DA:67,0
DA:68,0
DA:69,0
DA:73,0
DA:78,0
LF:27
LH:0
BRDA:29,0,0,0
BRDA:29,0,1,0
BRDA:29,0,2,0
BRDA:30,1,0,0
BRDA:30,1,1,0
BRDA:31,2,0,0
BRDA:31,2,1,0
BRDA:33,3,0,0
BRDA:33,3,1,0
BRDA:38,4,0,0
BRDA:38,4,1,0
BRDA:38,5,0,0
BRDA:38,5,1,0
BRDA:39,6,0,0
BRDA:39,6,1,0
BRF:15
BRH:0
end_of_record
TN:
SF:src\common\interceptors\tracing.interceptor.ts
FN:12,(anonymous_1)
FN:17,(anonymous_2)
FN:26,(anonymous_3)
FN:33,(anonymous_4)
FNF:4
FNH:0
FNDA:0,(anonymous_1)
FNDA:0,(anonymous_2)
FNDA:0,(anonymous_3)
FNDA:0,(anonymous_4)
DA:1,0
DA:7,0
DA:8,0
DA:11,0
DA:13,0
DA:14,0
DA:15,0
DA:17,0
DA:18,0
DA:19,0
DA:20,0
DA:22,0
DA:24,0
DA:27,0
DA:28,0
DA:29,0
DA:30,0
DA:31,0
DA:34,0
DA:35,0
DA:39,0
LF:21
LH:0
BRDA:20,0,0,0
BRDA:20,0,1,0
BRF:2
BRH:0
end_of_record
TN:
SF:src\modules\addresses\addresses.controller.ts
FN:15,(anonymous_4)
FN:18,(anonymous_5)
FN:23,(anonymous_6)
FNF:3
FNH:0
FNDA:0,(anonymous_4)
FNDA:0,(anonymous_5)
FNDA:0,(anonymous_6)
DA:1,0
DA:9,0
DA:10,0
DA:14,0
DA:15,0
DA:18,0
DA:19,0
DA:23,0
DA:35,0
LF:9
LH:0
BRDA:15,0,0,0
BRDA:15,0,1,0
BRDA:15,1,0,0
BRDA:15,1,1,0
BRF:4
BRH:0
end_of_record
TN:
SF:src\modules\addresses\addresses.module.ts
FNF:0
FNH:0
DA:1,0
DA:2,0
DA:3,0
DA:4,0
DA:11,0
LF:5
LH:0
BRF:0
BRH:0
end_of_record
TN:
SF:src\modules\addresses\addresses.service.ts
FN:6,(anonymous_2)
FN:8,(anonymous_3)
FN:15,(anonymous_4)
FNF:3
FNH:0
FNDA:0,(anonymous_2)
FNDA:0,(anonymous_3)
FNDA:0,(anonymous_4)
DA:1,0
DA:2,0
DA:5,0
DA:6,0
DA:9,0
DA:26,0
DA:29,0
LF:7
LH:0
BRDA:6,0,0,0
BRDA:6,0,1,0
BRDA:6,1,0,0
BRDA:6,1,1,0
BRF:4
BRH:0
end_of_record
TN:
SF:src\modules\admin\admin.module.ts
FN:25,(anonymous_1)
FNF:1
FNH:0
FNDA:0,(anonymous_1)
DA:1,0
DA:2,0
DA:3,0
DA:4,0
DA:5,0
DA:14,0
DA:25,0
DA:47,0
LF:8
LH:0
BRF:0
BRH:0
end_of_record
TN:
SF:src\modules\admin\controllers\commerce.controller.ts
FN:29,(anonymous_4)
FN:32,(anonymous_5)
FN:49,(anonymous_6)
FN:54,(anonymous_7)
FN:59,(anonymous_8)
FN:64,(anonymous_9)
FN:69,(anonymous_10)
FN:74,(anonymous_11)
FN:91,(anonymous_12)
FN:99,(anonymous_13)
FN:104,(anonymous_14)
FN:109,(anonymous_15)
FN:114,(anonymous_16)
FN:122,(anonymous_17)
FN:127,(anonymous_18)
FNF:15
FNH:0
FNDA:0,(anonymous_4)
FNDA:0,(anonymous_5)
FNDA:0,(anonymous_6)
FNDA:0,(anonymous_7)
FNDA:0,(anonymous_8)
FNDA:0,(anonymous_9)
FNDA:0,(anonymous_10)
FNDA:0,(anonymous_11)
FNDA:0,(anonymous_12)
FNDA:0,(anonymous_13)
FNDA:0,(anonymous_14)
FNDA:0,(anonymous_15)
FNDA:0,(anonymous_16)
FNDA:0,(anonymous_17)
FNDA:0,(anonymous_18)
DA:1,0
DA:12,0
DA:13,0
DA:14,0
DA:15,0
DA:16,0
DA:28,0
DA:29,0
DA:32,0
DA:39,0
DA:49,0
DA:50,0
DA:54,0
DA:55,0
DA:59,0
DA:60,0
DA:64,0
DA:65,0
DA:69,0
DA:70,0
DA:74,0
DA:81,0
DA:91,0
DA:95,0
DA:99,0
DA:100,0
DA:104,0
DA:105,0
DA:109,0
DA:110,0
DA:114,0
DA:118,0
DA:122,0
DA:123,0
DA:127,0
DA:134,0
LF:36
LH:0
BRDA:40,0,0,0
BRDA:40,0,1,0
BRDA:41,1,0,0
BRDA:41,1,1,0
BRDA:82,2,0,0
BRDA:82,2,1,0
BRDA:83,3,0,0
BRDA:83,3,1,0
BRDA:135,4,0,0
BRDA:135,4,1,0
BRDA:136,5,0,0
BRDA:136,5,1,0
BRDA:49,6,0,0
BRDA:49,6,1,0
BRDA:49,7,0,0
BRDA:49,7,1,0
BRDA:54,8,0,0
BRDA:54,8,1,0
BRDA:54,9,0,0
BRDA:54,9,1,0
BRDA:93,10,0,0
BRDA:93,10,1,0
BRDA:93,11,0,0
BRDA:93,11,1,0
BRDA:99,12,0,0
BRDA:99,12,1,0
BRDA:99,13,0,0
BRDA:99,13,1,0
BRDA:109,14,0,0
BRDA:109,14,1,0
BRDA:109,15,0,0
BRDA:109,15,1,0
BRDA:116,16,0,0
BRDA:116,16,1,0
BRDA:116,17,0,0
BRDA:116,17,1,0
BRDA:29,18,0,0
BRDA:29,18,1,0
BRDA:29,19,0,0
BRDA:29,19,1,0
BRF:40
BRH:0
end_of_record
TN:
SF:src\modules\admin\controllers\dashboard.controller.ts
FN:20,(anonymous_4)
FN:23,(anonymous_5)
FN:28,(anonymous_6)
FN:33,(anonymous_7)
FN:42,(anonymous_8)
FN:47,(anonymous_9)
FNF:6
FNH:0
FNDA:0,(anonymous_4)
FNDA:0,(anonymous_5)
FNDA:0,(anonymous_6)
FNDA:0,(anonymous_7)
FNDA:0,(anonymous_8)
FNDA:0,(anonymous_9)
DA:1,0
DA:10,0
DA:11,0
DA:12,0
DA:13,0
DA:14,0
DA:19,0
DA:20,0
DA:23,0
DA:24,0
DA:28,0
DA:29,0
DA:33,0
DA:38,0
DA:42,0
DA:43,0
DA:47,0
DA:48,0
LF:18
LH:0
BRDA:42,0,0,0
BRDA:42,0,1,0
BRDA:42,1,0,0
BRDA:42,1,1,0
BRDA:20,2,0,0
BRDA:20,2,1,0
BRDA:20,3,0,0
BRDA:20,3,1,0
BRF:8
BRH:0
end_of_record
TN:
SF:src\modules\admin\controllers\finance.controller.ts
FN:27,(anonymous_4)
FN:30,(anonymous_5)
FN:35,(anonymous_6)
FN:48,(anonymous_7)
FN:53,(anonymous_8)
FN:61,(anonymous_9)
FN:72,(anonymous_10)
FN:77,(anonymous_11)
FN:82,(anonymous_12)
FN:90,(anonymous_13)
FN:101,(anonymous_14)
FN:106,(anonymous_15)
FN:117,(anonymous_16)
FN:130,(anonymous_17)
FNF:14
FNH:0
FNDA:0,(anonymous_4)
FNDA:0,(anonymous_5)
FNDA:0,(anonymous_6)
FNDA:0,(anonymous_7)
FNDA:0,(anonymous_8)
FNDA:0,(anonymous_9)
FNDA:0,(anonymous_10)
FNDA:0,(anonymous_11)
FNDA:0,(anonymous_12)
FNDA:0,(anonymous_13)
FNDA:0,(anonymous_14)
FNDA:0,(anonymous_15)
FNDA:0,(anonymous_16)
FNDA:0,(anonymous_17)
DA:1,0
DA:11,0
DA:12,0
DA:13,0
DA:14,0
DA:15,0
DA:26,0
DA:27,0
DA:30,0
DA:31,0
DA:35,0
DA:40,0
DA:48,0
DA:49,0
DA:53,0
DA:57,0
DA:61,0
DA:65,0
DA:72,0
DA:73,0
DA:77,0
DA:78,0
DA:82,0
DA:86,0
DA:90,0
DA:94,0
DA:101,0
DA:102,0
DA:106,0
DA:110,0
DA:117,0
DA:122,0
DA:130,0
DA:134,0
LF:34
LH:0
BRDA:41,0,0,0
BRDA:41,0,1,0
BRDA:42,1,0,0
BRDA:42,1,1,0
BRDA:66,2,0,0
BRDA:66,2,1,0
BRDA:67,3,0,0
BRDA:67,3,1,0
BRDA:86,4,0,0
BRDA:86,4,1,0
BRDA:86,5,0,0
BRDA:86,5,1,0
BRDA:95,6,0,0
BRDA:95,6,1,0
BRDA:96,7,0,0
BRDA:96,7,1,0
BRDA:111,8,0,0
BRDA:111,8,1,0
BRDA:112,9,0,0
BRDA:112,9,1,0
BRDA:123,10,0,0
BRDA:123,10,1,0
BRDA:124,11,0,0
BRDA:124,11,1,0
BRDA:48,12,0,0
BRDA:48,12,1,0
BRDA:48,13,0,0
BRDA:48,13,1,0
BRDA:55,14,0,0
BRDA:55,14,1,0
BRDA:55,15,0,0
BRDA:55,15,1,0
BRDA:72,16,0,0
BRDA:72,16,1,0
BRDA:72,17,0,0
BRDA:72,17,1,0
BRDA:77,18,0,0
BRDA:77,18,1,0
BRDA:77,19,0,0
BRDA:77,19,1,0
BRDA:132,20,0,0
BRDA:132,20,1,0
BRDA:132,21,0,0
BRDA:132,21,1,0
BRDA:27,22,0,0
BRDA:27,22,1,0
BRDA:27,23,0,0
BRDA:27,23,1,0
BRF:48
BRH:0
end_of_record
TN:
SF:src\modules\admin\controllers\index.ts
FN:1,(anonymous_0)
FN:2,(anonymous_1)
FN:3,(anonymous_2)
FN:4,(anonymous_3)
FN:5,(anonymous_4)
FN:6,(anonymous_5)
FN:7,(anonymous_6)
FNF:7
FNH:0
FNDA:0,(anonymous_0)
FNDA:0,(anonymous_1)
FNDA:0,(anonymous_2)
FNDA:0,(anonymous_3)
FNDA:0,(anonymous_4)
FNDA:0,(anonymous_5)
FNDA:0,(anonymous_6)
DA:1,0
DA:2,0
DA:3,0
DA:4,0
DA:5,0
DA:6,0
DA:7,0
LF:7
LH:0
BRF:0
BRH:0
end_of_record
TN:
SF:src\modules\admin\controllers\marketing.controller.ts
FN:34,(anonymous_4)
FN:37,(anonymous_5)
FN:42,(anonymous_6)
FN:47,(anonymous_7)
FN:55,(anonymous_8)
FN:60,(anonymous_9)
FN:68,(anonymous_10)
FN:73,(anonymous_11)
FN:78,(anonymous_12)
FN:83,(anonymous_13)
FN:88,(anonymous_14)
FN:101,(anonymous_15)
FN:106,(anonymous_16)
FN:111,(anonymous_17)
FN:116,(anonymous_18)
FN:121,(anonymous_19)
FN:126,(anonymous_20)
FN:131,(anonymous_21)
FN:136,(anonymous_22)
FN:141,(anonymous_23)
FN:146,(anonymous_24)
FN:154,(anonymous_25)
FNF:22
FNH:0
FNDA:0,(anonymous_4)
FNDA:0,(anonymous_5)
FNDA:0,(anonymous_6)
FNDA:0,(anonymous_7)
FNDA:0,(anonymous_8)
FNDA:0,(anonymous_9)
FNDA:0,(anonymous_10)
FNDA:0,(anonymous_11)
FNDA:0,(anonymous_12)
FNDA:0,(anonymous_13)
FNDA:0,(anonymous_14)
FNDA:0,(anonymous_15)
FNDA:0,(anonymous_16)
FNDA:0,(anonymous_17)
FNDA:0,(anonymous_18)
FNDA:0,(anonymous_19)
FNDA:0,(anonymous_20)
FNDA:0,(anonymous_21)
FNDA:0,(anonymous_22)
FNDA:0,(anonymous_23)
FNDA:0,(anonymous_24)
FNDA:0,(anonymous_25)
DA:1,0
DA:12,0
DA:13,0
DA:14,0
DA:15,0
DA:16,0
DA:33,0
DA:34,0
DA:37,0
DA:38,0
DA:42,0
DA:43,0
DA:47,0
DA:51,0
DA:55,0
DA:56,0
DA:60,0
DA:64,0
DA:68,0
DA:69,0
DA:73,0
DA:74,0
DA:78,0
DA:79,0
DA:83,0
DA:84,0
DA:88,0
DA:93,0
DA:101,0
DA:102,0
DA:106,0
DA:107,0
DA:111,0
DA:112,0
DA:116,0
DA:117,0
DA:121,0
DA:122,0
DA:126,0
DA:127,0
DA:131,0
DA:132,0
DA:136,0
DA:137,0
DA:141,0
DA:142,0
DA:146,0
DA:150,0
DA:154,0
DA:155,0
LF:50
LH:0
BRDA:94,0,0,0
BRDA:94,0,1,0
BRDA:95,1,0,0
BRDA:95,1,1,0
BRDA:96,2,0,0
BRDA:96,2,1,0
BRDA:42,3,0,0
BRDA:42,3,1,0
BRDA:42,4,0,0
BRDA:42,4,1,0
BRDA:49,5,0,0
BRDA:49,5,1,0
BRDA:49,6,0,0
BRDA:49,6,1,0
BRDA:62,7,0,0
BRDA:62,7,1,0
BRDA:62,8,0,0
BRDA:62,8,1,0
BRDA:73,9,0,0
BRDA:73,9,1,0
BRDA:73,10,0,0
BRDA:73,10,1,0
BRDA:78,11,0,0
BRDA:78,11,1,0
BRDA:78,12,0,0
BRDA:78,12,1,0
BRDA:101,13,0,0
BRDA:101,13,1,0
BRDA:101,14,0,0
BRDA:101,14,1,0
BRDA:106,15,0,0
BRDA:106,15,1,0
BRDA:106,16,0,0
BRDA:106,16,1,0
BRDA:121,17,0,0
BRDA:121,17,1,0
BRDA:121,18,0,0
BRDA:121,18,1,0
BRDA:126,19,0,0
BRDA:126,19,1,0
BRDA:126,20,0,0
BRDA:126,20,1,0
BRDA:141,21,0,0
BRDA:141,21,1,0
BRDA:141,22,0,0
BRDA:141,22,1,0
BRDA:148,23,0,0
BRDA:148,23,1,0
BRDA:148,24,0,0
BRDA:148,24,1,0
BRDA:34,25,0,0
BRDA:34,25,1,0
BRDA:34,26,0,0
BRDA:34,26,1,0
BRF:54
BRH:0
end_of_record
TN:
SF:src\modules\admin\controllers\seller.controller.ts
FN:21,(anonymous_4)
FN:24,(anonymous_5)
FN:39,(anonymous_6)
FN:44,(anonymous_7)
FN:49,(anonymous_8)
FN:54,(anonymous_9)
FNF:6
FNH:0
FNDA:0,(anonymous_4)
FNDA:0,(anonymous_5)
FNDA:0,(anonymous_6)
FNDA:0,(anonymous_7)
FNDA:0,(anonymous_8)
FNDA:0,(anonymous_9)
DA:1,0
DA:11,0
DA:12,0
DA:13,0
DA:14,0
DA:15,0
DA:20,0
DA:21,0
DA:24,0
DA:30,0
DA:39,0
DA:40,0
DA:44,0
DA:45,0
DA:49,0
DA:50,0
DA:54,0
DA:55,0
LF:18
LH:0
BRDA:31,0,0,0
BRDA:31,0,1,0
BRDA:32,1,0,0
BRDA:32,1,1,0
BRDA:39,2,0,0
BRDA:39,2,1,0
BRDA:39,3,0,0
BRDA:39,3,1,0
BRDA:21,4,0,0
BRDA:21,4,1,0
BRDA:21,5,0,0
BRDA:21,5,1,0
BRF:12
BRH:0
end_of_record
TN:
SF:src\modules\admin\controllers\support.controller.ts
FN:23,(anonymous_4)
FN:26,(anonymous_5)
FN:41,(anonymous_6)
FN:46,(anonymous_7)
FN:55,(anonymous_8)
FN:63,(anonymous_9)
FN:76,(anonymous_10)
FN:81,(anonymous_11)
FNF:8
FNH:0
FNDA:0,(anonymous_4)
FNDA:0,(anonymous_5)
FNDA:0,(anonymous_6)
FNDA:0,(anonymous_7)
FNDA:0,(anonymous_8)
FNDA:0,(anonymous_9)
FNDA:0,(anonymous_10)
FNDA:0,(anonymous_11)
DA:1,0
DA:13,0
DA:14,0
DA:15,0
DA:16,0
DA:17,0
DA:22,0
DA:23,0
DA:26,0
DA:32,0
DA:41,0
DA:42,0
DA:46,0
DA:51,0
DA:55,0
DA:59,0
DA:63,0
DA:68,0
DA:76,0
DA:77,0
DA:81,0
DA:82,0
LF:22
LH:0
BRDA:33,0,0,0
BRDA:33,0,1,0
BRDA:34,1,0,0
BRDA:34,1,1,0
BRDA:69,2,0,0
BRDA:69,2,1,0
BRDA:70,3,0,0
BRDA:70,3,1,0
BRDA:49,4,0,0
BRDA:49,4,1,0
BRDA:49,5,0,0
BRDA:49,5,1,0
BRDA:57,6,0,0
BRDA:57,6,1,0
BRDA:57,7,0,0
BRDA:57,7,1,0
BRDA:76,8,0,0
BRDA:76,8,1,0
BRDA:76,9,0,0
BRDA:76,9,1,0
BRDA:23,10,0,0
BRDA:23,10,1,0
BRDA:23,11,0,0
BRDA:23,11,1,0
BRF:24
BRH:0
end_of_record
TN:
SF:src\modules\admin\controllers\user.controller.ts
FN:21,(anonymous_4)
FN:24,(anonymous_5)
FN:39,(anonymous_6)
FN:44,(anonymous_7)
FN:49,(anonymous_8)
FN:60,(anonymous_9)
FNF:6
FNH:0
FNDA:0,(anonymous_4)
FNDA:0,(anonymous_5)
FNDA:0,(anonymous_6)
FNDA:0,(anonymous_7)
FNDA:0,(anonymous_8)
FNDA:0,(anonymous_9)
DA:1,0
DA:11,0
DA:12,0
DA:13,0
DA:14,0
DA:15,0
DA:20,0
DA:21,0
DA:24,0
DA:30,0
DA:39,0
DA:40,0
DA:44,0
DA:45,0
DA:49,0
DA:53,0
DA:60,0
DA:64,0
LF:18
LH:0
BRDA:31,0,0,0
BRDA:31,0,1,0
BRDA:32,1,0,0
BRDA:32,1,1,0
BRDA:54,2,0,0
BRDA:54,2,1,0
BRDA:55,3,0,0
BRDA:55,3,1,0
BRDA:39,4,0,0
BRDA:39,4,1,0
BRDA:39,5,0,0
BRDA:39,5,1,0
BRDA:44,6,0,0
BRDA:44,6,1,0
BRDA:44,7,0,0
BRDA:44,7,1,0
BRDA:62,8,0,0
BRDA:62,8,1,0
BRDA:62,9,0,0
BRDA:62,9,1,0
BRDA:21,10,0,0
BRDA:21,10,1,0
BRDA:21,11,0,0
BRDA:21,11,1,0
BRF:24
BRH:0
end_of_record
TN:
SF:src\modules\admin\dto\affiliate.dto.ts
FNF:0
FNH:0
DA:1,0
DA:3,0
DA:6,0
LF:3
LH:0
BRF:0
BRH:0
end_of_record
TN:
SF:src\modules\admin\dto\banner.dto.ts
FN:20,(anonymous_2)
FN:47,(anonymous_3)
FNF:2
FNH:0
FNDA:0,(anonymous_2)
FNDA:0,(anonymous_3)
DA:1,0
DA:2,0
DA:4,0
DA:6,0
DA:9,0
DA:13,0
DA:17,0
DA:20,0
DA:22,0
DA:26,0
DA:29,0
DA:32,0
DA:36,0
DA:40,0
DA:44,0
DA:47,0
DA:49,0
DA:53,0
LF:18
LH:0
BRF:0
BRH:0
end_of_record
TN:
SF:src\modules\admin\dto\category.dto.ts
FN:32,(anonymous_2)
FN:67,(anonymous_3)
FNF:2
FNH:0
FNDA:0,(anonymous_2)
FNDA:0,(anonymous_3)
DA:1,0
DA:2,0
DA:4,0
DA:6,0
DA:9,0
DA:13,0
DA:17,0
DA:21,0
DA:25,0
DA:29,0
DA:32,0
DA:34,0
DA:37,0
DA:40,0
DA:44,0
DA:48,0
DA:52,0
DA:56,0
DA:60,0
DA:64,0
DA:67,0
DA:69,0
LF:22
LH:0
BRF:0
BRH:0
end_of_record
TN:
SF:src\modules\admin\dto\cms.dto.ts
FNF:0
FNH:0
DA:1,0
DA:3,0
DA:5,0
DA:9,0
DA:13,0
DA:17,0
DA:21,0
DA:25,0
DA:28,0
DA:31,0
DA:35,0
DA:39,0
DA:43,0
DA:47,0
DA:51,0
DA:54,0
DA:56,0
DA:59,0
DA:63,0
DA:67,0
DA:70,0
DA:73,0
DA:77,0
DA:81,0
DA:85,0
DA:89,0
LF:26
LH:0
BRF:0
BRH:0
end_of_record
TN:
SF:src\modules\admin\dto\coupon.dto.ts
FN:18,(anonymous_2)
FN:24,(anonymous_3)
FN:30,(anonymous_4)
FN:36,(anonymous_5)
FN:64,(anonymous_6)
FN:70,(anonymous_7)
FN:76,(anonymous_8)
FN:82,(anonymous_9)
FNF:8
FNH:0
FNDA:0,(anonymous_2)
FNDA:0,(anonymous_3)
FNDA:0,(anonymous_4)
FNDA:0,(anonymous_5)
FNDA:0,(anonymous_6)
FNDA:0,(anonymous_7)
FNDA:0,(anonymous_8)
FNDA:0,(anonymous_9)
DA:1,0
DA:9,0
DA:11,0
DA:13,0
DA:16,0
DA:18,0
DA:21,0
DA:24,0
DA:27,0
DA:30,0
DA:33,0
DA:36,0
DA:39,0
DA:43,0
DA:47,0
DA:51,0
DA:54,0
DA:57,0
DA:61,0
DA:64,0
DA:67,0
DA:70,0
DA:73,0
DA:76,0
DA:79,0
DA:82,0
DA:85,0
DA:89,0
DA:93,0
DA:97,0
LF:30
LH:0
BRF:0
BRH:0
end_of_record
TN:
SF:src\modules\admin\dto\creator.dto.ts
FNF:0
FNH:0
DA:1,0
DA:3,0
DA:6,0
DA:10,0
DA:14,0
LF:5
LH:0
BRF:0
BRH:0
end_of_record
TN:
SF:src\modules\admin\dto\finance.dto.ts
FN:33,(anonymous_2)
FN:39,(anonymous_3)
FN:45,(anonymous_4)
FN:50,(anonymous_5)
FNF:4
FNH:0
FNDA:0,(anonymous_2)
FNDA:0,(anonymous_3)
FNDA:0,(anonymous_4)
FNDA:0,(anonymous_5)
DA:1,0
DA:8,0
DA:10,0
DA:12,0
DA:15,0
DA:18,0
DA:21,0
DA:23,0
DA:26,0
DA:28,0
DA:31,0
DA:33,0
DA:36,0
DA:39,0
DA:42,0
DA:45,0
DA:48,0
DA:50,0
DA:53,0
DA:57,0
DA:61,0
DA:64,0
DA:67,0
DA:71,0
LF:24
LH:0
BRF:0
BRH:0
end_of_record
TN:
SF:src\modules\admin\dto\flash-sale.dto.ts
FN:33,(anonymous_2)
FN:39,(anonymous_3)
FN:71,(anonymous_4)
FN:77,(anonymous_5)
FN:88,(anonymous_6)
FN:94,(anonymous_7)
FN:100,(anonymous_8)
FNF:7
FNH:0
FNDA:0,(anonymous_2)
FNDA:0,(anonymous_3)
FNDA:0,(anonymous_4)
FNDA:0,(anonymous_5)
FNDA:0,(anonymous_6)
FNDA:0,(anonymous_7)
FNDA:0,(anonymous_8)
DA:1,0
DA:8,0
DA:10,0
DA:12,0
DA:16,0
DA:20,0
DA:24,0
DA:27,0
DA:30,0
DA:33,0
DA:36,0
DA:39,0
DA:42,0
DA:45,0
DA:48,0
DA:52,0
DA:56,0
DA:60,0
DA:64,0
DA:68,0
DA:71,0
DA:74,0
DA:77,0
DA:80,0
DA:83,0
DA:85,0
DA:88,0
DA:91,0
DA:94,0
DA:97,0
DA:100,0
DA:103,0
LF:32
LH:0
BRF:0
BRH:0
end_of_record
TN:
SF:src\modules\admin\dto\index.ts
FNF:0
FNH:0
DA:1,0
DA:2,0
DA:3,0
DA:4,0
DA:5,0
DA:6,0
DA:7,0
DA:8,0
DA:9,0
DA:10,0
DA:11,0
DA:12,0
DA:13,0
DA:14,0
DA:15,0
DA:16,0
LF:16
LH:0
BRF:0
BRH:0
end_of_record
TN:
SF:src\modules\admin\dto\order.dto.ts
FNF:0
FNH:0
DA:1,0
DA:3,0
DA:6,0
DA:9,0
DA:12,0
LF:5
LH:0
BRF:0
BRH:0
end_of_record
TN:
SF:src\modules\admin\dto\pagination.dto.ts
FN:6,(anonymous_2)
FN:12,(anonymous_3)
FNF:2
FNH:0
FNDA:0,(anonymous_2)
FNDA:0,(anonymous_3)
DA:1,0
DA:2,0
DA:4,0
DA:6,0
DA:9,0
DA:12,0
DA:16,0
LF:7
LH:0
BRF:0
BRH:0
end_of_record
TN:
SF:src\modules\admin\dto\product.dto.ts
FN:15,(anonymous_2)
FN:21,(anonymous_3)
FN:31,(anonymous_4)
FN:57,(anonymous_5)
FN:63,(anonymous_6)
FNF:5
FNH:0
FNDA:0,(anonymous_2)
FNDA:0,(anonymous_3)
FNDA:0,(anonymous_4)
FNDA:0,(anonymous_5)
FNDA:0,(anonymous_6)
DA:1,0
DA:2,0
DA:4,0
DA:6,0
DA:9,0
DA:13,0
DA:15,0
DA:18,0
DA:21,0
DA:24,0
DA:29,0
DA:31,0
DA:34,0
DA:37,0
DA:40,0
DA:44,0
DA:47,0
DA:50,0
DA:54,0
DA:57,0
DA:60,0
DA:63,0
DA:66,0
DA:71,0
DA:75,0
DA:79,0
LF:26
LH:0
BRF:0
BRH:0
end_of_record
TN:
SF:src\modules\admin\dto\review.dto.ts
FNF:0
FNH:0
DA:1,0
DA:3,0
DA:6,0
DA:10,0
LF:4
LH:0
BRF:0
BRH:0
end_of_record
TN:
SF:src\modules\admin\dto\seller.dto.ts
FN:6,(anonymous_2)
FN:12,(anonymous_3)
FNF:2
FNH:0
FNDA:0,(anonymous_2)
FNDA:0,(anonymous_3)
DA:1,0
DA:2,0
DA:4,0
DA:6,0
DA:9,0
DA:12,0
DA:15,0
LF:7
LH:0
BRF:0
BRH:0
end_of_record
TN:
SF:src\modules\admin\dto\settings.dto.ts
FN:6,(anonymous_2)
FNF:1
FNH:0
FNDA:0,(anonymous_2)
DA:1,0
DA:2,0
DA:4,0
DA:6,0
DA:9,0
LF:5
LH:0
BRF:0
BRH:0
end_of_record
TN:
SF:src\modules\admin\dto\support.dto.ts
FNF:0
FNH:0
DA:1,0
DA:3,0
DA:6,0
DA:9,0
DA:12,0
DA:16,0
DA:20,0
LF:7
LH:0
BRF:0
BRH:0
end_of_record
TN:
SF:src\modules\admin\dto\user.dto.ts
FNF:0
FNH:0
DA:1,0
DA:9,0
DA:12,0
DA:16,0
DA:20,0
DA:23,0
DA:25,0
DA:28,0
DA:32,0
DA:36,0
LF:10
LH:0
BRF:0
BRH:0
end_of_record
TN:
SF:src\modules\admin\services\commerce.service.ts
FN:6,(anonymous_2)
FN:8,(anonymous_3)
FN:54,(anonymous_4)
FN:93,(anonymous_5)
FN:128,(anonymous_6)
FN:137,(anonymous_7)
FN:148,(anonymous_8)
FN:159,(anonymous_9)
FN:169,(anonymous_10)
FN:195,(anonymous_11)
FN:215,(anonymous_12)
FN:224,(anonymous_13)
FN:266,(anonymous_14)
FN:277,(anonymous_15)
FN:293,(anonymous_16)
FNF:15
FNH:0
FNDA:0,(anonymous_2)
FNDA:0,(anonymous_3)
FNDA:0,(anonymous_4)
FNDA:0,(anonymous_5)
FNDA:0,(anonymous_6)
FNDA:0,(anonymous_7)
FNDA:0,(anonymous_8)
FNDA:0,(anonymous_9)
FNDA:0,(anonymous_10)
FNDA:0,(anonymous_11)
FNDA:0,(anonymous_12)
FNDA:0,(anonymous_13)
FNDA:0,(anonymous_14)
FNDA:0,(anonymous_15)
FNDA:0,(anonymous_16)
DA:1,0
DA:2,0
DA:5,0
DA:6,0
DA:15,0
DA:16,0
DA:17,0
DA:18,0
DA:20,0
DA:21,0
DA:22,0
DA:23,0
DA:31,0
DA:45,0
DA:67,0
DA:75,0
DA:105,0
DA:108,0
DA:110,0
DA:129,0
DA:132,0
DA:133,0
DA:134,0
DA:138,0
DA:141,0
DA:142,0
DA:149,0
DA:152,0
DA:153,0
DA:160,0
DA:180,0
DA:181,0
DA:208,0
DA:211,0
DA:212,0
DA:216,0
DA:219,0
DA:220,0
DA:221,0
DA:231,0
DA:232,0
DA:233,0
DA:234,0
DA:236,0
DA:237,0
DA:238,0
DA:239,0
DA:240,0
DA:241,0
DA:244,0
DA:263,0
DA:267,0
DA:270,0
DA:271,0
DA:278,0
DA:281,0
DA:282,0
DA:283,0
DA:284,0
DA:287,0
DA:300,0
DA:301,0
DA:302,0
DA:303,0
DA:305,0
DA:306,0
DA:307,0
DA:308,0
DA:309,0
DA:310,0
DA:313,0
DA:327,0
LF:72
LH:0
BRDA:15,0,0,0
BRDA:15,0,1,0
BRDA:16,1,0,0
BRDA:16,1,1,0
BRDA:20,2,0,0
BRDA:20,2,1,0
BRDA:21,3,0,0
BRDA:21,3,1,0
BRDA:22,4,0,0
BRDA:22,4,1,0
BRDA:67,5,0,0
BRDA:67,5,1,0
BRDA:79,6,0,0
BRDA:79,6,1,0
BRDA:81,7,0,0
BRDA:81,7,1,0
BRDA:84,8,0,0
BRDA:84,8,1,0
BRDA:85,9,0,0
BRDA:85,9,1,0
BRDA:88,10,0,0
BRDA:88,10,1,0
BRDA:108,11,0,0
BRDA:108,11,1,0
BRDA:116,12,0,0
BRDA:116,12,1,0
BRDA:118,13,0,0
BRDA:118,13,1,0
BRDA:132,14,0,0
BRDA:132,14,1,0
BRDA:141,15,0,0
BRDA:141,15,1,0
BRDA:152,16,0,0
BRDA:152,16,1,0
BRDA:180,17,0,0
BRDA:180,17,1,0
BRDA:190,18,0,0
BRDA:190,18,1,0
BRDA:211,19,0,0
BRDA:211,19,1,0
BRDA:219,20,0,0
BRDA:219,20,1,0
BRDA:231,21,0,0
BRDA:231,21,1,0
BRDA:232,22,0,0
BRDA:232,22,1,0
BRDA:236,23,0,0
BRDA:236,23,1,0
BRDA:237,24,0,0
BRDA:237,24,1,0
BRDA:237,25,0,0
BRDA:237,25,1,0
BRDA:239,26,0,0
BRDA:239,26,1,0
BRDA:240,27,0,0
BRDA:240,27,1,0
BRDA:270,28,0,0
BRDA:270,28,1,0
BRDA:281,29,0,0
BRDA:281,29,1,0
BRDA:282,30,0,0
BRDA:282,30,1,0
BRDA:284,31,0,0
BRDA:284,31,1,0
BRDA:300,32,0,0
BRDA:300,32,1,0
BRDA:301,33,0,0
BRDA:301,33,1,0
BRDA:305,34,0,0
BRDA:305,34,1,0
BRDA:306,35,0,0
BRDA:306,35,1,0
BRDA:306,36,0,0
BRDA:306,36,1,0
BRDA:308,37,0,0
BRDA:308,37,1,0
BRDA:309,38,0,0
BRDA:309,38,1,0
BRDA:6,39,0,0
BRDA:6,39,1,0
BRDA:6,40,0,0
BRDA:6,40,1,0
BRF:82
BRH:0
end_of_record
TN:
SF:src\modules\admin\services\dashboard.service.ts
FN:6,(anonymous_2)
FN:8,(anonymous_3)
FN:64,(anonymous_4)
FN:66,(anonymous_5)
FN:83,(anonymous_6)
FN:121,(anonymous_7)
FN:123,(anonymous_8)
FN:128,(anonymous_9)
FN:150,(anonymous_10)
FN:159,(anonymous_11)
FN:206,(anonymous_12)
FN:215,(anonymous_13)
FN:225,(anonymous_14)
FNF:13
FNH:0
FNDA:0,(anonymous_2)
FNDA:0,(anonymous_3)
FNDA:0,(anonymous_4)
FNDA:0,(anonymous_5)
FNDA:0,(anonymous_6)
FNDA:0,(anonymous_7)
FNDA:0,(anonymous_8)
FNDA:0,(anonymous_9)
FNDA:0,(anonymous_10)
FNDA:0,(anonymous_11)
FNDA:0,(anonymous_12)
FNDA:0,(anonymous_13)
FNDA:0,(anonymous_14)
DA:1,0
DA:2,0
DA:5,0
DA:6,0
DA:9,0
DA:10,0
DA:21,0
DA:52,0
DA:58,0
DA:59,0
DA:60,0
DA:61,0
DA:62,0
DA:64,0
DA:66,0
DA:67,0
DA:70,0
DA:84,0
DA:85,0
DA:88,0
DA:115,0
DA:116,0
DA:117,0
DA:118,0
DA:119,0
DA:121,0
DA:123,0
DA:124,0
DA:127,0
DA:129,0
DA:132,0
DA:141,0
DA:151,0
DA:152,0
DA:154,0
DA:155,0
DA:159,0
DA:160,0
DA:161,0
DA:162,0
DA:171,0
DA:172,0
DA:193,0
DA:196,0
DA:197,0
DA:205,0
DA:206,0
DA:207,0
DA:210,0
DA:216,0
DA:217,0
DA:220,0
DA:222,0
DA:231,0
DA:240,0
LF:55
LH:0
BRDA:64,0,0,0
BRDA:64,0,1,0
BRDA:75,1,0,0
BRDA:75,1,1,0
BRDA:121,2,0,0
BRDA:121,2,1,0
BRDA:134,3,0,0
BRDA:134,3,1,0
BRDA:136,4,0,0
BRDA:136,4,1,0
BRDA:151,5,0,0
BRDA:151,5,1,0
BRDA:152,6,0,0
BRDA:152,6,1,0
BRDA:154,7,0,0
BRDA:154,7,1,0
BRDA:161,8,0,0
BRDA:161,8,1,0
BRDA:171,9,0,0
BRDA:171,9,1,0
BRDA:196,10,0,0
BRDA:196,10,1,0
BRDA:216,11,0,0
BRDA:216,11,1,0
BRDA:6,12,0,0
BRDA:6,12,1,0
BRDA:6,13,0,0
BRDA:6,13,1,0
BRF:28
BRH:0
end_of_record
TN:
SF:src\modules\admin\services\finance.service.ts
FN:6,(anonymous_2)
FN:8,(anonymous_3)
FN:39,(anonymous_4)
FN:69,(anonymous_5)
FN:108,(anonymous_6)
FN:143,(anonymous_7)
FN:157,(anonymous_8)
FN:184,(anonymous_9)
FN:214,(anonymous_10)
FN:232,(anonymous_11)
FN:244,(anonymous_12)
FN:259,(anonymous_13)
FN:261,(anonymous_14)
FN:282,(anonymous_15)
FN:307,(anonymous_16)
FN:317,(anonymous_17)
FN:343,(anonymous_18)
FN:386,(anonymous_19)
FNF:18
FNH:0
FNDA:0,(anonymous_2)
FNDA:0,(anonymous_3)
FNDA:0,(anonymous_4)
FNDA:0,(anonymous_5)
FNDA:0,(anonymous_6)
FNDA:0,(anonymous_7)
FNDA:0,(anonymous_8)
FNDA:0,(anonymous_9)
FNDA:0,(anonymous_10)
FNDA:0,(anonymous_11)
FNDA:0,(anonymous_12)
FNDA:0,(anonymous_13)
FNDA:0,(anonymous_14)
FNDA:0,(anonymous_15)
FNDA:0,(anonymous_16)
FNDA:0,(anonymous_17)
FNDA:0,(anonymous_18)
FNDA:0,(anonymous_19)
DA:1,0
DA:2,0
DA:5,0
DA:6,0
DA:10,0
DA:28,0
DA:44,0
DA:45,0
DA:46,0
DA:47,0
DA:48,0
DA:50,0
DA:60,0
DA:74,0
DA:77,0
DA:79,0
DA:96,0
DA:97,0
DA:104,0
DA:106,0
DA:107,0
DA:108,0
DA:111,0
DA:112,0
DA:113,0
DA:114,0
DA:115,0
DA:124,0
DA:126,0
DA:144,0
DA:147,0
DA:148,0
DA:158,0
DA:159,0
DA:160,0
DA:162,0
DA:175,0
DA:194,0
DA:195,0
DA:218,0
DA:221,0
DA:222,0
DA:233,0
DA:234,0
DA:235,0
DA:236,0
DA:237,0
DA:239,0
DA:244,0
DA:245,0
DA:246,0
DA:247,0
DA:254,0
DA:255,0
DA:256,0
DA:257,0
DA:258,0
DA:259,0
DA:261,0
DA:262,0
DA:270,0
DA:283,0
DA:284,0
DA:285,0
DA:287,0
DA:298,0
DA:308,0
DA:318,0
DA:319,0
DA:320,0
DA:322,0
DA:334,0
DA:348,0
DA:349,0
DA:350,0
DA:351,0
DA:352,0
DA:354,0
DA:377,0
DA:387,0
DA:390,0
DA:391,0
DA:392,0
DA:397,0
LF:84
LH:0
BRDA:29,0,0,0
BRDA:29,0,1,0
BRDA:30,1,0,0
BRDA:30,1,1,0
BRDA:31,2,0,0
BRDA:31,2,1,0
BRDA:33,3,0,0
BRDA:33,3,1,0
BRDA:34,4,0,0
BRDA:34,4,1,0
BRDA:44,5,0,0
BRDA:44,5,1,0
BRDA:45,6,0,0
BRDA:45,6,1,0
BRDA:48,7,0,0
BRDA:48,7,1,0
BRDA:77,8,0,0
BRDA:77,8,1,0
BRDA:111,9,0,0
BRDA:111,9,1,0
BRDA:147,10,0,0
BRDA:147,10,1,0
BRDA:152,11,0,0
BRDA:152,11,1,0
BRDA:158,12,0,0
BRDA:158,12,1,0
BRDA:159,13,0,0
BRDA:159,13,1,0
BRDA:201,14,0,0
BRDA:201,14,1,0
BRDA:202,15,0,0
BRDA:202,15,1,0
BRDA:204,16,0,0
BRDA:204,16,1,0
BRDA:221,17,0,0
BRDA:221,17,1,0
BRDA:226,18,0,0
BRDA:226,18,1,0
BRDA:259,19,0,0
BRDA:259,19,1,0
BRDA:259,19,2,0
BRDA:283,20,0,0
BRDA:283,20,1,0
BRDA:284,21,0,0
BRDA:284,21,1,0
BRDA:318,22,0,0
BRDA:318,22,1,0
BRDA:319,23,0,0
BRDA:319,23,1,0
BRDA:348,24,0,0
BRDA:348,24,1,0
BRDA:349,25,0,0
BRDA:349,25,1,0
BRDA:352,26,0,0
BRDA:352,26,1,0
BRDA:390,27,0,0
BRDA:390,27,1,0
BRDA:391,28,0,0
BRDA:391,28,1,0
BRDA:6,29,0,0
BRDA:6,29,1,0
BRDA:6,30,0,0
BRDA:6,30,1,0
BRF:63
BRH:0
end_of_record
TN:
SF:src\modules\admin\services\index.ts
FN:1,(anonymous_0)
FN:2,(anonymous_1)
FN:3,(anonymous_2)
FN:4,(anonymous_3)
FN:5,(anonymous_4)
FN:6,(anonymous_5)
FN:7,(anonymous_6)
FNF:7
FNH:0
FNDA:0,(anonymous_0)
FNDA:0,(anonymous_1)
FNDA:0,(anonymous_2)
FNDA:0,(anonymous_3)
FNDA:0,(anonymous_4)
FNDA:0,(anonymous_5)
FNDA:0,(anonymous_6)
DA:1,0
DA:2,0
DA:3,0
DA:4,0
DA:5,0
DA:6,0
DA:7,0
LF:7
LH:0
BRF:0
BRH:0
end_of_record
TN:
SF:src\modules\admin\services\marketing.service.ts
FN:6,(anonymous_2)
FN:8,(anonymous_3)
FN:25,(anonymous_4)
FN:54,(anonymous_5)
FN:92,(anonymous_6)
FN:101,(anonymous_7)
FN:125,(anonymous_8)
FN:129,(anonymous_9)
FN:149,(anonymous_10)
FN:180,(anonymous_11)
FN:189,(anonymous_12)
FN:218,(anonymous_13)
FN:244,(anonymous_14)
FN:288,(anonymous_15)
FN:297,(anonymous_16)
FN:301,(anonymous_17)
FN:329,(anonymous_18)
FN:357,(anonymous_19)
FN:366,(anonymous_20)
FN:372,(anonymous_21)
FN:388,(anonymous_22)
FN:414,(anonymous_23)
FNF:22
FNH:0
FNDA:0,(anonymous_2)
FNDA:0,(anonymous_3)
FNDA:0,(anonymous_4)
FNDA:0,(anonymous_5)
FNDA:0,(anonymous_6)
FNDA:0,(anonymous_7)
FNDA:0,(anonymous_8)
FNDA:0,(anonymous_9)
FNDA:0,(anonymous_10)
FNDA:0,(anonymous_11)
FNDA:0,(anonymous_12)
FNDA:0,(anonymous_13)
FNDA:0,(anonymous_14)
FNDA:0,(anonymous_15)
FNDA:0,(anonymous_16)
FNDA:0,(anonymous_17)
FNDA:0,(anonymous_18)
FNDA:0,(anonymous_19)
FNDA:0,(anonymous_20)
FNDA:0,(anonymous_21)
FNDA:0,(anonymous_22)
FNDA:0,(anonymous_23)
DA:1,0
DA:2,0
DA:5,0
DA:6,0
DA:9,0
DA:35,0
DA:67,0
DA:70,0
DA:71,0
DA:93,0
DA:96,0
DA:97,0
DA:98,0
DA:110,0
DA:113,0
DA:114,0
DA:126,0
DA:137,0
DA:160,0
DA:163,0
DA:164,0
DA:181,0
DA:184,0
DA:185,0
DA:186,0
DA:194,0
DA:195,0
DA:196,0
DA:197,0
DA:198,0
DA:200,0
DA:209,0
DA:229,0
DA:258,0
DA:261,0
DA:262,0
DA:289,0
DA:292,0
DA:293,0
DA:294,0
DA:298,0
DA:310,0
DA:317,0
DA:340,0
DA:343,0
DA:344,0
DA:358,0
DA:361,0
DA:362,0
DA:363,0
DA:367,0
DA:378,0
DA:398,0
DA:401,0
DA:402,0
DA:415,0
DA:418,0
DA:419,0
DA:420,0
LF:59
LH:0
BRDA:45,0,0,0
BRDA:45,0,1,0
BRDA:70,1,0,0
BRDA:70,1,1,0
BRDA:78,2,0,0
BRDA:78,2,1,0
BRDA:79,3,0,0
BRDA:79,3,1,0
BRDA:81,4,0,0
BRDA:81,4,1,0
BRDA:85,5,0,0
BRDA:85,5,1,0
BRDA:96,6,0,0
BRDA:96,6,1,0
BRDA:113,7,0,0
BRDA:113,7,1,0
BRDA:120,8,0,0
BRDA:120,8,1,0
BRDA:142,9,0,0
BRDA:142,9,1,0
BRDA:143,10,0,0
BRDA:143,10,1,0
BRDA:163,11,0,0
BRDA:163,11,1,0
BRDA:172,12,0,0
BRDA:172,12,1,0
BRDA:184,13,0,0
BRDA:184,13,1,0
BRDA:194,14,0,0
BRDA:194,14,1,0
BRDA:195,15,0,0
BRDA:195,15,1,0
BRDA:198,16,0,0
BRDA:198,16,1,0
BRDA:234,17,0,0
BRDA:234,17,1,0
BRDA:236,18,0,0
BRDA:236,18,1,0
BRDA:238,19,0,0
BRDA:238,19,1,0
BRDA:239,20,0,0
BRDA:239,20,1,0
BRDA:261,21,0,0
BRDA:261,21,1,0
BRDA:268,22,0,0
BRDA:268,22,1,0
BRDA:270,23,0,0
BRDA:270,23,1,0
BRDA:274,24,0,0
BRDA:274,24,1,0
BRDA:278,25,0,0
BRDA:278,25,1,0
BRDA:282,26,0,0
BRDA:282,26,1,0
BRDA:283,27,0,0
BRDA:283,27,1,0
BRDA:292,28,0,0
BRDA:292,28,1,0
BRDA:310,29,0,0
BRDA:310,29,1,0
BRDA:343,30,0,0
BRDA:343,30,1,0
BRDA:361,31,0,0
BRDA:361,31,1,0
BRDA:382,32,0,0
BRDA:382,32,1,0
BRDA:383,33,0,0
BRDA:383,33,1,0
BRDA:401,34,0,0
BRDA:401,34,1,0
BRDA:409,35,0,0
BRDA:409,35,1,0
BRDA:418,36,0,0
BRDA:418,36,1,0
BRDA:6,37,0,0
BRDA:6,37,1,0
BRDA:6,38,0,0
BRDA:6,38,1,0
BRF:78
BRH:0
end_of_record
TN:
SF:src\modules\admin\services\seller.service.ts
FN:10,(anonymous_2)
FN:12,(anonymous_3)
FN:94,(anonymous_4)
FN:122,(anonymous_5)
FN:139,(anonymous_6)
FN:157,(anonymous_7)
FNF:6
FNH:0
FNDA:0,(anonymous_2)
FNDA:0,(anonymous_3)
FNDA:0,(anonymous_4)
FNDA:0,(anonymous_5)
FNDA:0,(anonymous_6)
FNDA:0,(anonymous_7)
DA:1,0
DA:6,0
DA:9,0
DA:10,0
DA:18,0
DA:19,0
DA:20,0
DA:21,0
DA:23,0
DA:24,0
DA:25,0
DA:26,0
DA:30,0
DA:32,0
DA:33,0
DA:44,0
DA:85,0
DA:95,0
DA:99,0
DA:100,0
DA:101,0
DA:103,0
DA:112,0
DA:113,0
DA:119,0
DA:123,0
DA:124,0
DA:128,0
DA:129,0
DA:130,0
DA:132,0
DA:136,0
DA:140,0
DA:144,0
DA:145,0
DA:146,0
DA:154,0
DA:158,0
DA:162,0
DA:163,0
DA:165,0
DA:169,0
LF:42
LH:0
BRDA:18,0,0,0
BRDA:18,0,1,0
BRDA:19,1,0,0
BRDA:19,1,1,0
BRDA:23,2,0,0
BRDA:23,2,1,0
BRDA:25,3,0,0
BRDA:25,3,1,0
BRDA:30,4,0,0
BRDA:30,4,1,0
BRDA:32,5,0,0
BRDA:32,5,1,0
BRDA:99,6,0,0
BRDA:99,6,1,0
BRDA:100,7,0,0
BRDA:100,7,1,0
BRDA:112,8,0,0
BRDA:112,8,1,0
BRDA:123,9,0,0
BRDA:123,9,1,0
BRDA:128,10,0,0
BRDA:128,10,1,0
BRDA:129,11,0,0
BRDA:129,11,1,0
BRDA:144,12,0,0
BRDA:144,12,1,0
BRDA:145,13,0,0
BRDA:145,13,1,0
BRDA:145,14,0,0
BRDA:145,14,1,0
BRDA:162,15,0,0
BRDA:162,15,1,0
BRDA:163,16,0,0
BRDA:163,16,1,0
BRDA:170,17,0,0
BRDA:170,17,1,0
BRDA:10,18,0,0
BRDA:10,18,1,0
BRDA:10,19,0,0
BRDA:10,19,1,0
BRF:40
BRH:0
end_of_record
TN:
SF:src\modules\admin\services\support.service.ts
FN:6,(anonymous_2)
FN:8,(anonymous_3)
FN:43,(anonymous_4)
FN:60,(anonymous_5)
FN:79,(anonymous_6)
FN:99,(anonymous_7)
FN:130,(anonymous_8)
FN:149,(anonymous_9)
FNF:8
FNH:0
FNDA:0,(anonymous_2)
FNDA:0,(anonymous_3)
FNDA:0,(anonymous_4)
FNDA:0,(anonymous_5)
FNDA:0,(anonymous_6)
FNDA:0,(anonymous_7)
FNDA:0,(anonymous_8)
FNDA:0,(anonymous_9)
DA:1,0
DA:2,0
DA:5,0
DA:6,0
DA:14,0
DA:15,0
DA:16,0
DA:17,0
DA:19,0
DA:20,0
DA:22,0
DA:34,0
DA:44,0
DA:56,0
DA:57,0
DA:61,0
DA:64,0
DA:66,0
DA:76,0
DA:83,0
DA:86,0
DA:88,0
DA:89,0
DA:90,0
DA:91,0
DA:93,0
DA:100,0
DA:101,0
DA:102,0
DA:103,0
DA:104,0
DA:106,0
DA:121,0
DA:134,0
DA:137,0
DA:139,0
DA:140,0
DA:141,0
DA:143,0
DA:150,0
DA:153,0
DA:154,0
DA:155,0
LF:43
LH:0
BRDA:14,0,0,0
BRDA:14,0,1,0
BRDA:15,1,0,0
BRDA:15,1,1,0
BRDA:19,2,0,0
BRDA:19,2,1,0
BRDA:20,3,0,0
BRDA:20,3,1,0
BRDA:56,4,0,0
BRDA:56,4,1,0
BRDA:64,5,0,0
BRDA:64,5,1,0
BRDA:86,6,0,0
BRDA:86,6,1,0
BRDA:89,7,0,0
BRDA:89,7,1,0
BRDA:90,8,0,0
BRDA:90,8,1,0
BRDA:91,9,0,0
BRDA:91,9,1,0
BRDA:100,10,0,0
BRDA:100,10,1,0
BRDA:101,11,0,0
BRDA:101,11,1,0
BRDA:104,12,0,0
BRDA:104,12,1,0
BRDA:137,13,0,0
BRDA:137,13,1,0
BRDA:140,14,0,0
BRDA:140,14,1,0
BRDA:141,15,0,0
BRDA:141,15,1,0
BRDA:153,16,0,0
BRDA:153,16,1,0
BRDA:6,17,0,0
BRDA:6,17,1,0
BRDA:6,18,0,0
BRDA:6,18,1,0
BRF:38
BRH:0
end_of_record
TN:
SF:src\modules\admin\services\user.service.ts
FN:11,(anonymous_11)
FN:13,(anonymous_12)
FN:59,(anonymous_13)
FN:80,(anonymous_14)
FN:112,(anonymous_15)
FN:149,(anonymous_16)
FNF:6
FNH:0
FNDA:0,(anonymous_11)
FNDA:0,(anonymous_12)
FNDA:0,(anonymous_13)
FNDA:0,(anonymous_14)
FNDA:0,(anonymous_15)
FNDA:0,(anonymous_16)
DA:1,0
DA:6,0
DA:7,0
DA:10,0
DA:11,0
DA:19,0
DA:20,0
DA:21,0
DA:22,0
DA:24,0
DA:25,0
DA:31,0
DA:33,0
DA:56,0
DA:63,0
DA:64,0
DA:65,0
DA:86,0
DA:89,0
DA:91,0
DA:92,0
DA:113,0
DA:114,0
DA:115,0
DA:117,0
DA:121,0
DA:140,0
DA:150,0
DA:151,0
DA:152,0
LF:30
LH:0
BRDA:19,0,0,0
BRDA:19,0,1,0
BRDA:20,1,0,0
BRDA:20,1,1,0
BRDA:24,2,0,0
BRDA:24,2,1,0
BRDA:31,3,0,0
BRDA:31,3,1,0
BRDA:64,4,0,0
BRDA:64,4,1,0
BRDA:89,5,0,0
BRDA:89,5,1,0
BRDA:113,6,0,0
BRDA:113,6,1,0
BRDA:114,7,0,0
BRDA:114,7,1,0
BRDA:151,8,0,0
BRDA:151,8,1,0
BRDA:11,9,0,0
BRDA:11,9,1,0
BRDA:11,10,0,0
BRDA:11,10,1,0
BRF:22
BRH:0
end_of_record
TN:
SF:src\modules\affiliate\affiliate.controller.ts
FN:20,(anonymous_4)
FN:27,(anonymous_5)
FN:37,(anonymous_6)
FN:44,(anonymous_7)
FN:58,(anonymous_8)
FN:72,(anonymous_9)
FN:79,(anonymous_10)
FN:85,(anonymous_11)
FN:94,(anonymous_12)
FN:100,(anonymous_13)
FN:118,(anonymous_14)
FNF:11
FNH:0
FNDA:0,(anonymous_4)
FNDA:0,(anonymous_5)
FNDA:0,(anonymous_6)
FNDA:0,(anonymous_7)
FNDA:0,(anonymous_8)
FNDA:0,(anonymous_9)
FNDA:0,(anonymous_10)
FNDA:0,(anonymous_11)
FNDA:0,(anonymous_12)
FNDA:0,(anonymous_13)
FNDA:0,(anonymous_14)
DA:1,0
DA:13,0
DA:15,0
DA:16,0
DA:19,0
DA:21,0
DA:22,0
DA:27,0
DA:32,0
DA:37,0
DA:38,0
DA:39,0
DA:44,0
DA:48,0
DA:49,0
DA:58,0
DA:63,0
DA:64,0
DA:72,0
DA:73,0
DA:74,0
DA:79,0
DA:80,0
DA:81,0
DA:85,0
DA:89,0
DA:94,0
DA:95,0
DA:96,0
DA:100,0
DA:105,0
DA:106,0
DA:107,0
DA:109,0
DA:110,0
DA:115,0
DA:119,0
DA:122,0
DA:123,0
DA:127,0
LF:40
LH:0
BRDA:106,0,0,0
BRDA:106,0,1,0
BRDA:106,1,0,0
BRDA:106,1,1,0
BRDA:109,2,0,0
BRDA:109,2,1,0
BRDA:111,3,0,0
BRDA:111,3,1,0
BRDA:122,4,0,0
BRDA:122,4,1,0
BRDA:21,5,0,0
BRDA:21,5,1,0
BRDA:21,6,0,0
BRDA:21,6,1,0
BRDA:21,7,0,0
BRDA:21,7,1,0
BRDA:21,8,0,0
BRDA:21,8,1,0
BRF:18
BRH:0
end_of_record
TN:
SF:src\modules\affiliate\affiliate.module.ts
FNF:0
FNH:0
DA:1,0
DA:2,0
DA:3,0
DA:4,0
DA:5,0
DA:13,0
LF:6
LH:0
BRF:0
BRH:0
end_of_record
TN:
SF:src\modules\affiliate\affiliate.service.ts
FN:11,(anonymous_2)
FN:13,(anonymous_3)
FN:42,(anonymous_4)
FN:48,(anonymous_5)
FN:112,(anonymous_6)
FN:146,(anonymous_7)
FN:175,(anonymous_8)
FN:215,(anonymous_9)
FN:221,(anonymous_10)
FN:230,(anonymous_11)
FN:231,(anonymous_12)
FN:233,(anonymous_13)
FN:234,(anonymous_14)
FN:239,(anonymous_15)
FN:269,(anonymous_16)
FN:289,(anonymous_17)
FN:343,(anonymous_18)
FN:368,(anonymous_19)
FN:379,(anonymous_20)
FN:393,(anonymous_21)
FNF:20
FNH:0
FNDA:0,(anonymous_2)
FNDA:0,(anonymous_3)
FNDA:0,(anonymous_4)
FNDA:0,(anonymous_5)
FNDA:0,(anonymous_6)
FNDA:0,(anonymous_7)
FNDA:0,(anonymous_8)
FNDA:0,(anonymous_9)
FNDA:0,(anonymous_10)
FNDA:0,(anonymous_11)
FNDA:0,(anonymous_12)
FNDA:0,(anonymous_13)
FNDA:0,(anonymous_14)
FNDA:0,(anonymous_15)
FNDA:0,(anonymous_16)
FNDA:0,(anonymous_17)
FNDA:0,(anonymous_18)
FNDA:0,(anonymous_19)
FNDA:0,(anonymous_20)
FNDA:0,(anonymous_21)
DA:1,0
DA:6,0
DA:7,0
DA:10,0
DA:11,0
DA:17,0
DA:20,0
DA:22,0
DA:25,0
DA:26,0
DA:28,0
DA:39,0
DA:43,0
DA:44,0
DA:45,0
DA:58,0
DA:61,0
DA:63,0
DA:66,0
DA:69,0
DA:72,0
DA:78,0
DA:83,0
DA:92,0
DA:98,0
DA:117,0
DA:120,0
DA:122,0
DA:125,0
DA:127,0
DA:128,0
DA:129,0
DA:130,0
DA:132,0
DA:143,0
DA:155,0
DA:158,0
DA:160,0
DA:172,0
DA:176,0
DA:180,0
DA:182,0
DA:186,0
DA:188,0
DA:189,0
DA:202,0
DA:212,0
DA:216,0
DA:217,0
DA:218,0
DA:224,0
DA:229,0
DA:230,0
DA:231,0
DA:232,0
DA:233,0
DA:234,0
DA:236,0
DA:244,0
DA:249,0
DA:250,0
DA:251,0
DA:252,0
DA:256,0
DA:266,0
DA:273,0
DA:274,0
DA:275,0
DA:277,0
DA:286,0
DA:300,0
DA:301,0
DA:302,0
DA:304,0
DA:309,0
DA:314,0
DA:321,0
DA:327,0
DA:333,0
DA:353,0
DA:365,0
DA:369,0
DA:379,0
DA:396,0
DA:404,0
DA:405,0
LF:86
LH:0
BRDA:20,0,0,0
BRDA:20,0,1,0
BRDA:25,1,0,0
BRDA:25,1,1,0
BRDA:33,2,0,0
BRDA:33,2,1,0
BRDA:34,3,0,0
BRDA:34,3,1,0
BRDA:61,4,0,0
BRDA:61,4,1,0
BRDA:69,5,0,0
BRDA:69,5,1,0
BRDA:103,6,0,0
BRDA:103,6,1,0
BRDA:104,7,0,0
BRDA:104,7,1,0
BRDA:105,8,0,0
BRDA:105,8,1,0
BRDA:106,9,0,0
BRDA:106,9,1,0
BRDA:120,10,0,0
BRDA:120,10,1,0
BRDA:125,11,0,0
BRDA:125,11,1,0
BRDA:128,12,0,0
BRDA:128,12,1,0
BRDA:158,13,0,0
BRDA:158,13,1,0
BRDA:165,14,0,0
BRDA:165,14,1,0
BRDA:166,15,0,0
BRDA:166,15,1,0
BRDA:167,16,0,0
BRDA:167,16,1,0
BRDA:168,17,0,0
BRDA:168,17,1,0
BRDA:180,18,0,0
BRDA:180,18,1,0
BRDA:186,19,0,0
BRDA:186,19,1,0
BRDA:216,20,0,0
BRDA:216,20,1,0
BRDA:249,21,0,0
BRDA:249,21,1,0
BRDA:250,22,0,0
BRDA:250,22,1,0
BRDA:251,23,0,0
BRDA:251,23,1,0
BRDA:358,24,0,0
BRDA:358,24,1,0
BRDA:359,25,0,0
BRDA:359,25,1,0
BRDA:360,26,0,0
BRDA:360,26,1,0
BRDA:382,27,0,0
BRDA:382,27,1,0
BRDA:387,28,0,0
BRDA:387,28,1,0
BRDA:404,29,0,0
BRDA:404,29,1,0
BRDA:404,30,0,0
BRDA:404,30,1,0
BRDA:11,31,0,0
BRDA:11,31,1,0
BRDA:11,32,0,0
BRDA:11,32,1,0
BRF:66
BRH:0
end_of_record
TN:
SF:src\modules\ai\ai.controller.ts
FN:21,(anonymous_4)
FN:31,(anonymous_5)
FN:38,(anonymous_6)
FN:51,(anonymous_7)
FN:67,(anonymous_8)
FN:72,(anonymous_9)
FN:78,(anonymous_10)
FN:86,(anonymous_11)
FN:97,(anonymous_12)
FN:108,(anonymous_13)
FN:120,(anonymous_14)
FN:138,(anonymous_15)
FN:153,(anonymous_16)
FN:159,(anonymous_17)
FNF:14
FNH:0
FNDA:0,(anonymous_4)
FNDA:0,(anonymous_5)
FNDA:0,(anonymous_6)
FNDA:0,(anonymous_7)
FNDA:0,(anonymous_8)
FNDA:0,(anonymous_9)
FNDA:0,(anonymous_10)
FNDA:0,(anonymous_11)
FNDA:0,(anonymous_12)
FNDA:0,(anonymous_13)
FNDA:0,(anonymous_14)
FNDA:0,(anonymous_15)
FNDA:0,(anonymous_16)
FNDA:0,(anonymous_17)
DA:1,0
DA:10,0
DA:11,0
DA:12,0
DA:13,0
DA:14,0
DA:15,0
DA:16,0
DA:20,0
DA:22,0
DA:23,0
DA:24,0
DA:25,0
DA:31,0
DA:32,0
DA:38,0
DA:44,0
DA:51,0
DA:59,0
DA:67,0
DA:68,0
DA:72,0
DA:73,0
DA:78,0
DA:79,0
DA:86,0
DA:90,0
DA:97,0
DA:101,0
DA:108,0
DA:112,0
DA:120,0
DA:128,0
DA:133,0
DA:138,0
DA:139,0
DA:140,0
DA:148,0
DA:153,0
DA:154,0
DA:159,0
DA:160,0
DA:161,0
LF:43
LH:0
BRDA:73,0,0,0
BRDA:73,0,1,0
BRDA:81,1,0,0
BRDA:81,1,1,0
BRDA:92,2,0,0
BRDA:92,2,1,0
BRDA:103,3,0,0
BRDA:103,3,1,0
BRDA:114,4,0,0
BRDA:114,4,1,0
BRDA:139,5,0,0
BRDA:139,5,1,0
BRDA:163,6,0,0
BRDA:163,6,1,0
BRDA:22,7,0,0
BRDA:22,7,1,0
BRDA:22,8,0,0
BRDA:22,8,1,0
BRDA:22,9,0,0
BRDA:22,9,1,0
BRDA:22,10,0,0
BRDA:22,10,1,0
BRDA:23,11,0,0
BRDA:23,11,1,0
BRDA:23,12,0,0
BRDA:23,12,1,0
BRDA:24,13,0,0
BRDA:24,13,1,0
BRDA:24,14,0,0
BRDA:24,14,1,0
BRF:30
BRH:0
end_of_record
TN:
SF:src\modules\ai\ai.module.ts
FNF:0
FNH:0
DA:1,0
DA:2,0
DA:3,0
DA:4,0
DA:5,0
DA:6,0
DA:7,0
DA:20,0
LF:8
LH:0
BRF:0
BRH:0
end_of_record
TN:
SF:src\modules\ai\ai.service.ts
FN:26,(anonymous_3)
FN:49,(anonymous_4)
FN:73,(anonymous_5)
FN:77,(anonymous_6)
FN:103,(anonymous_7)
FN:125,(anonymous_8)
FN:140,(anonymous_9)
FN:146,(anonymous_10)
FN:158,(anonymous_11)
FN:191,(anonymous_12)
FN:224,(anonymous_13)
FN:227,(anonymous_14)
FN:238,(anonymous_15)
FN:266,(anonymous_16)
FN:271,(anonymous_17)
FN:279,(anonymous_18)
FN:280,(anonymous_19)
FN:282,(anonymous_20)
FN:283,(anonymous_21)
FN:293,(anonymous_22)
FN:301,(anonymous_23)
FN:314,(anonymous_24)
FN:348,(anonymous_25)
FN:351,(anonymous_26)
FN:380,(anonymous_27)
FN:381,(anonymous_28)
FN:384,(anonymous_29)
FN:395,(anonymous_30)
FN:406,(anonymous_31)
FN:410,(anonymous_32)
FN:412,(anonymous_33)
FN:414,(anonymous_34)
FN:418,(anonymous_35)
FN:422,(anonymous_36)
FN:431,(anonymous_37)
FN:440,(anonymous_38)
FN:442,(anonymous_39)
FN:457,(anonymous_40)
FNF:38
FNH:0
FNDA:0,(anonymous_3)
FNDA:0,(anonymous_4)
FNDA:0,(anonymous_5)
FNDA:0,(anonymous_6)
FNDA:0,(anonymous_7)
FNDA:0,(anonymous_8)
FNDA:0,(anonymous_9)
FNDA:0,(anonymous_10)
FNDA:0,(anonymous_11)
FNDA:0,(anonymous_12)
FNDA:0,(anonymous_13)
FNDA:0,(anonymous_14)
FNDA:0,(anonymous_15)
FNDA:0,(anonymous_16)
FNDA:0,(anonymous_17)
FNDA:0,(anonymous_18)
FNDA:0,(anonymous_19)
FNDA:0,(anonymous_20)
FNDA:0,(anonymous_21)
FNDA:0,(anonymous_22)
FNDA:0,(anonymous_23)
FNDA:0,(anonymous_24)
FNDA:0,(anonymous_25)
FNDA:0,(anonymous_26)
FNDA:0,(anonymous_27)
FNDA:0,(anonymous_28)
FNDA:0,(anonymous_29)
FNDA:0,(anonymous_30)
FNDA:0,(anonymous_31)
FNDA:0,(anonymous_32)
FNDA:0,(anonymous_33)
FNDA:0,(anonymous_34)
FNDA:0,(anonymous_35)
FNDA:0,(anonymous_36)
FNDA:0,(anonymous_37)
FNDA:0,(anonymous_38)
FNDA:0,(anonymous_39)
FNDA:0,(anonymous_40)
DA:1,0
DA:2,0
DA:3,0
DA:21,0
DA:22,0
DA:24,0
DA:26,0
DA:27,0
DA:44,0
DA:45,0
DA:52,0
DA:53,0
DA:54,0
DA:55,0
DA:61,0
DA:66,0
DA:68,0
DA:69,0
DA:74,0
DA:75,0
DA:76,0
DA:77,0
DA:79,0
DA:91,0
DA:96,0
DA:98,0
DA:99,0
DA:104,0
DA:105,0
DA:106,0
DA:107,0
DA:113,0
DA:118,0
DA:120,0
DA:121,0
DA:126,0
DA:137,0
DA:138,0
DA:139,0
DA:140,0
DA:142,0
DA:143,0
DA:144,0
DA:145,0
DA:146,0
DA:147,0
DA:152,0
DA:155,0
DA:159,0
DA:160,0
DA:161,0
DA:162,0
DA:174,0
DA:175,0
DA:176,0
DA:177,0
DA:185,0
DA:187,0
DA:192,0
DA:193,0
DA:194,0
DA:195,0
DA:207,0
DA:208,0
DA:209,0
DA:210,0
DA:218,0
DA:220,0
DA:225,0
DA:227,0
DA:239,0
DA:240,0
DA:241,0
DA:242,0
DA:244,0
DA:256,0
DA:267,0
DA:268,0
DA:272,0
DA:273,0
DA:274,0
DA:275,0
DA:276,0
DA:279,0
DA:280,0
DA:282,0
DA:283,0
DA:287,0
DA:289,0
DA:294,0
DA:306,0
DA:307,0
DA:308,0
DA:314,0
DA:321,0
DA:329,0
DA:331,0
DA:336,0
DA:341,0
DA:349,0
DA:350,0
DA:352,0
DA:355,0
DA:360,0
DA:365,0
DA:371,0
DA:372,0
DA:373,0
DA:374,0
DA:375,0
DA:376,0
DA:378,0
DA:380,0
DA:381,0
DA:385,0
DA:396,0
DA:407,0
DA:412,0
DA:414,0
DA:415,0
DA:419,0
DA:423,0
DA:432,0
DA:441,0
DA:442,0
DA:443,0
DA:445,0
DA:446,0
DA:448,0
DA:452,0
DA:454,0
DA:458,0
LF:132
LH:0
BRDA:29,0,0,0
BRDA:29,0,1,0
BRDA:33,1,0,0
BRDA:33,1,1,0
BRDA:35,2,0,0
BRDA:35,2,1,0
BRDA:39,3,0,0
BRDA:39,3,1,0
BRDA:44,4,0,0
BRDA:44,4,1,0
BRDA:53,5,0,0
BRDA:53,5,1,0
BRDA:62,6,0,0
BRDA:62,6,1,0
BRDA:75,7,0,0
BRDA:75,7,1,0
BRDA:75,8,0,0
BRDA:75,8,1,0
BRDA:89,9,0,0
BRDA:89,9,1,0
BRDA:92,10,0,0
BRDA:92,10,1,0
BRDA:105,11,0,0
BRDA:105,11,1,0
BRDA:114,12,0,0
BRDA:114,12,1,0
BRDA:139,13,0,0
BRDA:139,13,1,0
BRDA:143,14,0,0
BRDA:143,14,1,0
BRDA:143,15,0,0
BRDA:143,15,1,0
BRDA:143,15,2,0
BRDA:145,16,0,0
BRDA:145,16,1,0
BRDA:147,17,0,0
BRDA:147,17,1,0
BRDA:147,18,0,0
BRDA:147,18,1,0
BRDA:160,19,0,0
BRDA:160,19,1,0
BRDA:175,20,0,0
BRDA:175,20,1,0
BRDA:178,21,0,0
BRDA:178,21,1,0
BRDA:179,22,0,0
BRDA:179,22,1,0
BRDA:180,23,0,0
BRDA:180,23,1,0
BRDA:181,24,0,0
BRDA:181,24,1,0
BRDA:193,25,0,0
BRDA:193,25,1,0
BRDA:208,26,0,0
BRDA:208,26,1,0
BRDA:211,27,0,0
BRDA:211,27,1,0
BRDA:212,28,0,0
BRDA:212,28,1,0
BRDA:213,29,0,0
BRDA:213,29,1,0
BRDA:214,30,0,0
BRDA:214,30,1,0
BRDA:240,31,0,0
BRDA:240,31,1,0
BRDA:268,32,0,0
BRDA:268,32,1,0
BRDA:273,33,0,0
BRDA:273,33,1,0
BRDA:284,34,0,0
BRDA:284,34,1,0
BRDA:307,35,0,0
BRDA:307,35,1,0
BRDA:314,36,0,0
BRDA:314,36,1,0
BRDA:329,37,0,0
BRDA:329,37,1,0
BRDA:352,38,0,0
BRDA:352,38,1,0
BRDA:355,39,0,0
BRDA:355,39,1,0
BRDA:360,40,0,0
BRDA:360,40,1,0
BRDA:365,41,0,0
BRDA:365,41,1,0
BRDA:373,42,0,0
BRDA:373,42,1,0
BRDA:374,43,0,0
BRDA:374,43,1,0
BRDA:375,44,0,0
BRDA:375,44,1,0
BRDA:376,45,0,0
BRDA:376,45,1,0
BRDA:389,46,0,0
BRDA:389,46,1,0
BRDA:390,47,0,0
BRDA:390,47,1,0
BRDA:399,48,0,0
BRDA:399,48,1,0
BRDA:400,49,0,0
BRDA:400,49,1,0
BRDA:401,50,0,0
BRDA:401,50,1,0
BRDA:415,51,0,0
BRDA:415,51,1,0
BRDA:419,52,0,0
BRDA:419,52,1,0
BRDA:419,53,0,0
BRDA:419,53,1,0
BRDA:442,54,0,0
BRDA:442,54,1,0
BRDA:445,55,0,0
BRDA:445,55,1,0
BRDA:448,56,0,0
BRDA:448,56,1,0
BRDA:449,57,0,0
BRDA:449,57,1,0
BRDA:26,58,0,0
BRDA:26,58,1,0
BRDA:26,59,0,0
BRDA:26,59,1,0
BRF:121
BRH:0
end_of_record
TN:
SF:src\modules\ai\embeddings.service.ts
FN:17,(anonymous_2)
FN:21,(anonymous_3)
FN:67,(anonymous_4)
FN:74,(anonymous_5)
FN:82,(anonymous_6)
FN:90,(anonymous_7)
FN:103,(anonymous_8)
FN:113,(anonymous_9)
FN:116,(anonymous_10)
FNF:9
FNH:0
FNDA:0,(anonymous_2)
FNDA:0,(anonymous_3)
FNDA:0,(anonymous_4)
FNDA:0,(anonymous_5)
FNDA:0,(anonymous_6)
FNDA:0,(anonymous_7)
FNDA:0,(anonymous_8)
FNDA:0,(anonymous_9)
FNDA:0,(anonymous_10)
DA:1,0
DA:2,0
DA:11,0
DA:12,0
DA:13,0
DA:14,0
DA:17,0
DA:18,0
DA:22,0
DA:23,0
DA:24,0
DA:25,0
DA:32,0
DA:33,0
DA:34,0
DA:46,0
DA:47,0
DA:48,0
DA:49,0
DA:53,0
DA:60,0
DA:62,0
DA:63,0
DA:68,0
DA:69,0
DA:71,0
DA:72,0
DA:73,0
DA:74,0
DA:76,0
DA:79,0
DA:87,0
DA:91,0
DA:92,0
DA:93,0
DA:94,0
DA:95,0
DA:96,0
DA:97,0
DA:99,0
DA:100,0
DA:104,0
DA:105,0
DA:106,0
DA:107,0
DA:108,0
DA:110,0
DA:114,0
DA:115,0
DA:116,0
DA:118,0
DA:119,0
DA:121,0
LF:53
LH:0
BRDA:18,0,0,0
BRDA:18,0,1,0
BRDA:24,1,0,0
BRDA:24,1,1,0
BRDA:24,2,0,0
BRDA:24,2,1,0
BRDA:33,3,0,0
BRDA:33,3,1,0
BRDA:46,4,0,0
BRDA:46,4,1,0
BRDA:84,5,0,0
BRDA:85,6,0,0
BRDA:99,7,0,0
BRDA:99,7,1,0
BRDA:99,8,0,0
BRDA:99,8,1,0
BRDA:118,9,0,0
BRDA:118,9,1,0
BRDA:17,10,0,0
BRDA:17,10,1,0
BRDA:17,11,0,0
BRDA:17,11,1,0
BRF:22
BRH:0
end_of_record
TN:
SF:src\modules\ai\recommendation.service.ts
FN:37,(anonymous_2)
FN:39,(anonymous_3)
FN:48,(anonymous_4)
FN:49,(anonymous_5)
FN:69,(anonymous_6)
FN:81,(anonymous_7)
FN:89,(anonymous_8)
FN:99,(anonymous_9)
FN:113,(anonymous_10)
FN:126,(anonymous_11)
FN:126,(anonymous_12)
FN:130,(anonymous_13)
FN:155,(anonymous_14)
FN:180,(anonymous_15)
FN:182,(anonymous_16)
FN:200,(anonymous_17)
FN:203,(anonymous_18)
FN:213,(anonymous_19)
FN:215,(anonymous_20)
FN:218,(anonymous_21)
FN:231,(anonymous_22)
FN:264,(anonymous_23)
FN:279,(anonymous_24)
FN:293,(anonymous_25)
FN:299,(anonymous_26)
FN:307,(anonymous_27)
FN:310,(anonymous_28)
FN:319,(anonymous_29)
FN:331,(anonymous_30)
FNF:29
FNH:0
FNDA:0,(anonymous_2)
FNDA:0,(anonymous_3)
FNDA:0,(anonymous_4)
FNDA:0,(anonymous_5)
FNDA:0,(anonymous_6)
FNDA:0,(anonymous_7)
FNDA:0,(anonymous_8)
FNDA:0,(anonymous_9)
FNDA:0,(anonymous_10)
FNDA:0,(anonymous_11)
FNDA:0,(anonymous_12)
FNDA:0,(anonymous_13)
FNDA:0,(anonymous_14)
FNDA:0,(anonymous_15)
FNDA:0,(anonymous_16)
FNDA:0,(anonymous_17)
FNDA:0,(anonymous_18)
FNDA:0,(anonymous_19)
FNDA:0,(anonymous_20)
FNDA:0,(anonymous_21)
FNDA:0,(anonymous_22)
FNDA:0,(anonymous_23)
FNDA:0,(anonymous_24)
FNDA:0,(anonymous_25)
FNDA:0,(anonymous_26)
FNDA:0,(anonymous_27)
FNDA:0,(anonymous_28)
FNDA:0,(anonymous_29)
FNDA:0,(anonymous_30)
DA:1,0
DA:2,0
DA:25,0
DA:26,0
DA:27,0
DA:28,0
DA:29,0
DA:30,0
DA:32,0
DA:33,0
DA:34,0
DA:35,0
DA:37,0
DA:40,0
DA:41,0
DA:43,0
DA:44,0
DA:47,0
DA:48,0
DA:49,0
DA:50,0
DA:52,0
DA:69,0
DA:70,0
DA:72,0
DA:74,0
DA:77,0
DA:78,0
DA:81,0
DA:82,0
DA:84,0
DA:85,0
DA:93,0
DA:99,0
DA:100,0
DA:102,0
DA:113,0
DA:114,0
DA:116,0
DA:125,0
DA:126,0
DA:131,0
DA:135,0
DA:137,0
DA:152,0
DA:156,0
DA:160,0
DA:162,0
DA:177,0
DA:181,0
DA:182,0
DA:183,0
DA:185,0
DA:196,0
DA:197,0
DA:198,0
DA:199,0
DA:200,0
DA:202,0
DA:203,0
DA:205,0
DA:206,0
DA:207,0
DA:208,0
DA:212,0
DA:213,0
DA:215,0
DA:219,0
DA:236,0
DA:243,0
DA:251,0
DA:252,0
DA:253,0
DA:254,0
DA:268,0
DA:269,0
DA:270,0
DA:272,0
DA:278,0
DA:279,0
DA:293,0
DA:295,0
DA:296,0
DA:300,0
DA:307,0
DA:311,0
DA:312,0
DA:314,0
DA:315,0
DA:319,0
DA:323,0
DA:326,0
DA:327,0
DA:331,0
DA:335,0
DA:338,0
DA:339,0
DA:340,0
DA:343,0
LF:99
LH:0
BRDA:39,0,0,0
BRDA:43,1,0,0
BRDA:43,1,1,0
BRDA:56,2,0,0
BRDA:56,2,1,0
BRDA:91,3,0,0
BRDA:100,4,0,0
BRDA:100,4,1,0
BRDA:114,5,0,0
BRDA:114,5,1,0
BRDA:130,6,0,0
BRDA:135,7,0,0
BRDA:135,7,1,0
BRDA:155,8,0,0
BRDA:160,9,0,0
BRDA:160,9,1,0
BRDA:180,10,0,0
BRDA:183,11,0,0
BRDA:183,11,1,0
BRDA:206,12,0,0
BRDA:206,12,1,0
BRDA:207,13,0,0
BRDA:207,13,1,0
BRDA:218,14,0,0
BRDA:247,15,0,0
BRDA:247,15,1,0
BRDA:253,16,0,0
BRDA:253,16,1,0
BRDA:259,17,0,0
BRDA:259,17,1,0
BRDA:266,18,0,0
BRDA:270,19,0,0
BRDA:270,19,1,0
BRDA:281,20,0,0
BRDA:281,20,1,0
BRDA:283,21,0,0
BRDA:283,21,1,0
BRDA:285,22,0,0
BRDA:285,22,1,0
BRDA:287,23,0,0
BRDA:287,23,1,0
BRDA:291,24,0,0
BRDA:291,24,1,0
BRDA:314,25,0,0
BRDA:314,25,1,0
BRDA:326,26,0,0
BRDA:326,26,1,0
BRDA:37,27,0,0
BRDA:37,27,1,0
BRDA:37,28,0,0
BRDA:37,28,1,0
BRF:51
BRH:0
end_of_record
TN:
SF:src\modules\auth\auth.controller.ts
FN:19,(anonymous_4)
FN:23,(anonymous_5)
FN:41,(anonymous_6)
FN:57,(anonymous_7)
FN:74,(anonymous_8)
FN:83,(anonymous_9)
FN:94,(anonymous_10)
FN:98,(anonymous_11)
FN:122,(anonymous_12)
FNF:9
FNH:0
FNDA:0,(anonymous_4)
FNDA:0,(anonymous_5)
FNDA:0,(anonymous_6)
FNDA:0,(anonymous_7)
FNDA:0,(anonymous_8)
FNDA:0,(anonymous_9)
FNDA:0,(anonymous_10)
FNDA:0,(anonymous_11)
FNDA:0,(anonymous_12)
DA:1,0
DA:12,0
DA:13,0
DA:14,0
DA:18,0
DA:19,0
DA:23,0
DA:33,0
DA:34,0
DA:35,0
DA:36,0
DA:41,0
DA:45,0
DA:46,0
DA:47,0
DA:49,0
DA:50,0
DA:51,0
DA:52,0
DA:57,0
DA:61,0
DA:62,0
DA:63,0
DA:65,0
DA:66,0
DA:67,0
DA:68,0
DA:74,0
DA:75,0
DA:76,0
DA:77,0
DA:83,0
DA:87,0
DA:88,0
DA:89,0
DA:94,0
DA:95,0
DA:103,0
DA:104,0
DA:111,0
DA:116,0
DA:123,0
DA:124,0
DA:130,0
LF:44
LH:0
BRDA:45,0,0,0
BRDA:45,0,1,0
BRDA:46,1,0,0
BRDA:46,1,1,0
BRDA:62,2,0,0
BRDA:62,2,1,0
BRDA:19,3,0,0
BRDA:19,3,1,0
BRDA:19,4,0,0
BRDA:19,4,1,0
BRF:10
BRH:0
end_of_record
TN:
SF:src\modules\auth\auth.module.ts
FN:13,(anonymous_1)
FN:25,(anonymous_2)
FNF:2
FNH:0
FNDA:0,(anonymous_1)
FNDA:0,(anonymous_2)
DA:1,0
DA:2,0
DA:3,0
DA:4,0
DA:5,0
DA:6,0
DA:7,0
DA:8,0
DA:10,0
DA:14,0
DA:25,0
DA:35,0
LF:12
LH:0
BRF:0
BRH:0
end_of_record
TN:
SF:src\modules\auth\auth.service.ts
FN:15,(anonymous_13)
FN:21,(anonymous_14)
FN:73,(anonymous_15)
FN:126,(anonymous_16)
FN:176,(anonymous_17)
FN:184,(anonymous_18)
FN:192,(anonymous_19)
FN:223,(anonymous_20)
FN:253,(anonymous_21)
FN:282,(anonymous_22)
FN:315,(anonymous_23)
FN:343,(anonymous_24)
FN:371,(anonymous_25)
FN:396,(anonymous_26)
FN:421,(anonymous_27)
FN:425,(anonymous_28)
FN:429,(anonymous_29)
FNF:17
FNH:5
FNDA:6,(anonymous_13)
FNDA:2,(anonymous_14)
FNDA:2,(anonymous_15)
FNDA:0,(anonymous_16)
FNDA:0,(anonymous_17)
FNDA:0,(anonymous_18)
FNDA:2,(anonymous_19)
FNDA:2,(anonymous_20)
FNDA:0,(anonymous_21)
FNDA:0,(anonymous_22)
FNDA:0,(anonymous_23)
FNDA:0,(anonymous_24)
FNDA:0,(anonymous_25)
FNDA:0,(anonymous_26)
FNDA:0,(anonymous_27)
FNDA:0,(anonymous_28)
FNDA:0,(anonymous_29)
DA:1,1
DA:8,1
DA:9,1
DA:10,1
DA:11,1
DA:14,1
DA:16,6
DA:17,6
DA:18,6
DA:27,2
DA:28,2
DA:31,2
DA:32,1
DA:36,1
DA:37,0
DA:40,0
DA:41,0
DA:45,1
DA:47,1
DA:57,1
DA:59,1
DA:74,2
DA:75,2
DA:78,2
DA:79,0
DA:83,2
DA:96,2
DA:97,1
DA:100,1
DA:101,1
DA:102,0
DA:105,1
DA:110,1
DA:112,1
DA:128,0
DA:129,0
DA:131,0
DA:134,0
DA:138,0
DA:139,0
DA:140,0
DA:145,0
DA:148,0
DA:153,0
DA:156,0
DA:157,0
DA:160,0
DA:162,0
DA:177,0
DA:181,0
DA:185,0
DA:189,0
DA:193,2
DA:219,2
DA:220,1
DA:224,2
DA:230,2
DA:231,2
DA:233,2
DA:238,2
DA:246,2
DA:254,0
DA:258,0
DA:259,0
DA:264,0
DA:265,0
DA:267,0
DA:275,0
DA:277,0
DA:283,0
DA:287,0
DA:288,0
DA:291,0
DA:292,0
DA:295,0
DA:297,0
DA:312,0
DA:317,0
DA:321,0
DA:322,0
DA:325,0
DA:326,0
DA:329,0
DA:340,0
DA:345,0
DA:349,0
DA:350,0
DA:353,0
DA:354,0
DA:357,0
DA:368,0
DA:372,0
DA:376,0
DA:377,0
DA:380,0
DA:381,0
DA:384,0
DA:385,0
DA:387,0
DA:391,0
DA:393,0
DA:397,0
DA:401,0
DA:402,0
DA:405,0
DA:406,0
DA:409,0
DA:410,0
DA:412,0
DA:416,0
DA:418,0
DA:422,0
DA:426,0
DA:430,0
LF:114
LH:38
BRDA:27,0,0,2
BRDA:27,0,1,0
BRDA:31,1,0,1
BRDA:31,1,1,1
BRDA:36,2,0,0
BRDA:36,2,1,1
BRDA:40,3,0,0
BRDA:40,3,1,0
BRDA:50,4,0,1
BRDA:50,4,1,1
BRDA:78,5,0,0
BRDA:78,5,1,2
BRDA:96,6,0,1
BRDA:96,6,1,1
BRDA:96,7,0,2
BRDA:96,7,1,1
BRDA:101,8,0,0
BRDA:101,8,1,1
BRDA:138,9,0,0
BRDA:138,9,1,0
BRDA:138,10,0,0
BRDA:138,10,1,0
BRDA:138,10,2,0
BRDA:139,11,0,0
BRDA:139,11,1,0
BRDA:139,12,0,0
BRDA:139,12,1,0
BRDA:156,13,0,0
BRDA:156,13,1,0
BRDA:156,14,0,0
BRDA:156,14,1,0
BRDA:219,15,0,1
BRDA:219,15,1,1
BRDA:258,16,0,0
BRDA:258,16,1,0
BRDA:287,17,0,0
BRDA:287,17,1,0
BRDA:287,18,0,0
BRDA:287,18,1,0
BRDA:291,19,0,0
BRDA:291,19,1,0
BRDA:321,20,0,0
BRDA:321,20,1,0
BRDA:321,21,0,0
BRDA:321,21,1,0
BRDA:325,22,0,0
BRDA:325,22,1,0
BRDA:349,23,0,0
BRDA:349,23,1,0
BRDA:349,24,0,0
BRDA:349,24,1,0
BRDA:353,25,0,0
BRDA:353,25,1,0
BRDA:376,26,0,0
BRDA:376,26,1,0
BRDA:376,27,0,0
BRDA:376,27,1,0
BRDA:380,28,0,0
BRDA:380,28,1,0
BRDA:401,29,0,0
BRDA:401,29,1,0
BRDA:401,30,0,0
BRDA:401,30,1,0
BRDA:405,31,0,0
BRDA:405,31,1,0
BRDA:16,32,0,1
BRDA:16,32,1,0
BRDA:16,33,0,1
BRDA:16,33,1,1
BRDA:16,34,0,1
BRDA:16,34,1,0
BRDA:16,35,0,1
BRDA:16,35,1,1
BRDA:17,36,0,1
BRDA:17,36,1,0
BRDA:17,37,0,1
BRDA:17,37,1,1
BRF:77
BRH:23
end_of_record
TN:
SF:src\modules\auth\jwt.strategy.ts
FN:10,(anonymous_2)
FN:15,(anonymous_3)
FN:30,(anonymous_4)
FNF:3
FNH:0
FNDA:0,(anonymous_2)
FNDA:0,(anonymous_3)
FNDA:0,(anonymous_4)
DA:1,0
DA:2,0
DA:3,0
DA:4,0
DA:6,0
DA:9,0
DA:11,0
DA:14,0
DA:17,0
DA:18,0
DA:19,0
DA:20,0
DA:21,0
DA:24,0
DA:31,0
DA:39,0
DA:40,0
LF:17
LH:0
BRDA:18,0,0,0
BRDA:18,0,1,0
BRDA:18,1,0,0
BRDA:18,1,1,0
BRDA:20,2,0,0
BRDA:20,2,1,0
BRDA:39,3,0,0
BRDA:39,3,1,0
BRDA:39,4,0,0
BRDA:39,4,1,0
BRDA:11,5,0,0
BRDA:11,5,1,0
BRDA:11,6,0,0
BRDA:11,6,1,0
BRDA:11,7,0,0
BRDA:11,7,1,0
BRDA:11,8,0,0
BRDA:11,8,1,0
BRF:18
BRH:0
end_of_record
TN:
SF:src\modules\bi\bi.controller.ts
FN:16,(anonymous_4)
FN:19,(anonymous_5)
FN:27,(anonymous_6)
FN:32,(anonymous_7)
FN:37,(anonymous_8)
FN:42,(anonymous_9)
FN:47,(anonymous_10)
FN:55,(anonymous_11)
FN:63,(anonymous_12)
FN:68,(anonymous_13)
FN:79,(anonymous_14)
FN:90,(anonymous_15)
FN:95,(anonymous_16)
FN:103,(anonymous_17)
FN:114,(anonymous_18)
FN:127,(anonymous_19)
FN:142,(anonymous_20)
FN:147,(anonymous_21)
FN:152,(anonymous_22)
FN:157,(anonymous_23)
FN:162,(anonymous_24)
FN:167,(anonymous_25)
FNF:22
FNH:0
FNDA:0,(anonymous_4)
FNDA:0,(anonymous_5)
FNDA:0,(anonymous_6)
FNDA:0,(anonymous_7)
FNDA:0,(anonymous_8)
FNDA:0,(anonymous_9)
FNDA:0,(anonymous_10)
FNDA:0,(anonymous_11)
FNDA:0,(anonymous_12)
FNDA:0,(anonymous_13)
FNDA:0,(anonymous_14)
FNDA:0,(anonymous_15)
FNDA:0,(anonymous_16)
FNDA:0,(anonymous_17)
FNDA:0,(anonymous_18)
FNDA:0,(anonymous_19)
FNDA:0,(anonymous_20)
FNDA:0,(anonymous_21)
FNDA:0,(anonymous_22)
FNDA:0,(anonymous_23)
FNDA:0,(anonymous_24)
FNDA:0,(anonymous_25)
DA:1,0
DA:10,0
DA:11,0
DA:15,0
DA:16,0
DA:19,0
DA:23,0
DA:27,0
DA:28,0
DA:32,0
DA:33,0
DA:37,0
DA:38,0
DA:42,0
DA:43,0
DA:47,0
DA:51,0
DA:55,0
DA:59,0
DA:63,0
DA:64,0
DA:68,0
DA:72,0
DA:79,0
DA:83,0
DA:90,0
DA:91,0
DA:95,0
DA:99,0
DA:103,0
DA:107,0
DA:114,0
DA:123,0
DA:127,0
DA:138,0
DA:142,0
DA:143,0
DA:147,0
DA:148,0
DA:152,0
DA:153,0
DA:157,0
DA:158,0
DA:162,0
DA:163,0
DA:167,0
DA:168,0
LF:47
LH:0
BRDA:73,0,0,0
BRDA:73,0,1,0
BRDA:74,1,0,0
BRDA:74,1,1,0
BRDA:84,2,0,0
BRDA:84,2,1,0
BRDA:85,3,0,0
BRDA:85,3,1,0
BRDA:108,4,0,0
BRDA:108,4,1,0
BRDA:109,5,0,0
BRDA:109,5,1,0
BRDA:16,6,0,0
BRDA:16,6,1,0
BRDA:16,7,0,0
BRDA:16,7,1,0
BRF:16
BRH:0
end_of_record
TN:
SF:src\modules\bi\bi.module.ts
FNF:0
FNH:0
DA:1,0
DA:2,0
DA:3,0
DA:4,0
DA:11,0
LF:5
LH:0
BRF:0
BRH:0
end_of_record
TN:
SF:src\modules\bi\bi.service.ts
FN:6,(anonymous_2)
FN:8,(anonymous_3)
FN:57,(anonymous_4)
FN:58,(anonymous_5)
FN:92,(anonymous_6)
FN:122,(anonymous_7)
FN:143,(anonymous_8)
FN:147,(anonymous_9)
FN:150,(anonymous_10)
FN:153,(anonymous_11)
FN:158,(anonymous_12)
FN:187,(anonymous_13)
FN:190,(anonymous_14)
FN:191,(anonymous_15)
FN:210,(anonymous_16)
FN:220,(anonymous_17)
FN:268,(anonymous_18)
FN:279,(anonymous_19)
FN:302,(anonymous_20)
FN:307,(anonymous_21)
FN:312,(anonymous_22)
FN:317,(anonymous_23)
FN:334,(anonymous_24)
FN:336,(anonymous_25)
FN:338,(anonymous_26)
FN:340,(anonymous_27)
FN:344,(anonymous_28)
FN:366,(anonymous_29)
FN:368,(anonymous_30)
FN:369,(anonymous_31)
FN:373,(anonymous_32)
FN:386,(anonymous_33)
FN:389,(anonymous_34)
FN:419,(anonymous_35)
FN:421,(anonymous_36)
FN:425,(anonymous_37)
FN:442,(anonymous_38)
FN:445,(anonymous_39)
FN:466,(anonymous_40)
FN:469,(anonymous_41)
FN:475,(anonymous_42)
FN:476,(anonymous_43)
FN:495,(anonymous_44)
FN:524,(anonymous_45)
FN:532,(anonymous_46)
FN:560,(anonymous_47)
FN:570,(anonymous_48)
FN:584,(anonymous_49)
FN:605,(anonymous_50)
FN:606,(anonymous_51)
FN:607,(anonymous_52)
FN:622,(anonymous_53)
FN:628,(anonymous_54)
FN:649,(anonymous_55)
FN:677,(anonymous_56)
FN:700,(anonymous_57)
FN:738,(anonymous_58)
FN:755,(anonymous_59)
FN:767,(anonymous_60)
FN:779,(anonymous_61)
FN:820,(anonymous_62)
FN:826,(anonymous_63)
FN:847,(anonymous_64)
FN:853,(anonymous_65)
FN:859,(anonymous_66)
FNF:65
FNH:0
FNDA:0,(anonymous_2)
FNDA:0,(anonymous_3)
FNDA:0,(anonymous_4)
FNDA:0,(anonymous_5)
FNDA:0,(anonymous_6)
FNDA:0,(anonymous_7)
FNDA:0,(anonymous_8)
FNDA:0,(anonymous_9)
FNDA:0,(anonymous_10)
FNDA:0,(anonymous_11)
FNDA:0,(anonymous_12)
FNDA:0,(anonymous_13)
FNDA:0,(anonymous_14)
FNDA:0,(anonymous_15)
FNDA:0,(anonymous_16)
FNDA:0,(anonymous_17)
FNDA:0,(anonymous_18)
FNDA:0,(anonymous_19)
FNDA:0,(anonymous_20)
FNDA:0,(anonymous_21)
FNDA:0,(anonymous_22)
FNDA:0,(anonymous_23)
FNDA:0,(anonymous_24)
FNDA:0,(anonymous_25)
FNDA:0,(anonymous_26)
FNDA:0,(anonymous_27)
FNDA:0,(anonymous_28)
FNDA:0,(anonymous_29)
FNDA:0,(anonymous_30)
FNDA:0,(anonymous_31)
FNDA:0,(anonymous_32)
FNDA:0,(anonymous_33)
FNDA:0,(anonymous_34)
FNDA:0,(anonymous_35)
FNDA:0,(anonymous_36)
FNDA:0,(anonymous_37)
FNDA:0,(anonymous_38)
FNDA:0,(anonymous_39)
FNDA:0,(anonymous_40)
FNDA:0,(anonymous_41)
FNDA:0,(anonymous_42)
FNDA:0,(anonymous_43)
FNDA:0,(anonymous_44)
FNDA:0,(anonymous_45)
FNDA:0,(anonymous_46)
FNDA:0,(anonymous_47)
FNDA:0,(anonymous_48)
FNDA:0,(anonymous_49)
FNDA:0,(anonymous_50)
FNDA:0,(anonymous_51)
FNDA:0,(anonymous_52)
FNDA:0,(anonymous_53)
FNDA:0,(anonymous_54)
FNDA:0,(anonymous_55)
FNDA:0,(anonymous_56)
FNDA:0,(anonymous_57)
FNDA:0,(anonymous_58)
FNDA:0,(anonymous_59)
FNDA:0,(anonymous_60)
FNDA:0,(anonymous_61)
FNDA:0,(anonymous_62)
FNDA:0,(anonymous_63)
FNDA:0,(anonymous_64)
FNDA:0,(anonymous_65)
FNDA:0,(anonymous_66)
DA:1,0
DA:2,0
DA:5,0
DA:6,0
DA:9,0
DA:10,0
DA:11,0
DA:16,0
DA:31,0
DA:57,0
DA:58,0
DA:59,0
DA:60,0
DA:62,0
DA:93,0
DA:94,0
DA:107,0
DA:115,0
DA:116,0
DA:117,0
DA:118,0
DA:121,0
DA:122,0
DA:124,0
DA:125,0
DA:126,0
DA:127,0
DA:128,0
DA:129,0
DA:130,0
DA:132,0
DA:133,0
DA:143,0
DA:147,0
DA:150,0
DA:153,0
DA:159,0
DA:167,0
DA:168,0
DA:169,0
DA:170,0
DA:176,0
DA:177,0
DA:178,0
DA:179,0
DA:180,0
DA:181,0
DA:184,0
DA:186,0
DA:187,0
DA:190,0
DA:191,0
DA:196,0
DA:197,0
DA:198,0
DA:199,0
DA:200,0
DA:201,0
DA:202,0
DA:203,0
DA:206,0
DA:210,0
DA:221,0
DA:223,0
DA:229,0
DA:233,0
DA:235,0
DA:236,0
DA:237,0
DA:238,0
DA:240,0
DA:242,0
DA:243,0
DA:245,0
DA:248,0
DA:249,0
DA:250,0
DA:256,0
DA:257,0
DA:258,0
DA:259,0
DA:260,0
DA:261,0
DA:262,0
DA:263,0
DA:264,0
DA:268,0
DA:269,0
DA:270,0
DA:271,0
DA:272,0
DA:275,0
DA:280,0
DA:281,0
DA:283,0
DA:292,0
DA:293,0
DA:294,0
DA:295,0
DA:296,0
DA:297,0
DA:298,0
DA:299,0
DA:301,0
DA:302,0
DA:306,0
DA:307,0
DA:311,0
DA:312,0
DA:316,0
DA:317,0
DA:321,0
DA:330,0
DA:331,0
DA:334,0
DA:336,0
DA:338,0
DA:340,0
DA:345,0
DA:365,0
DA:367,0
DA:369,0
DA:372,0
DA:373,0
DA:376,0
DA:386,0
DA:390,0
DA:418,0
DA:420,0
DA:421,0
DA:424,0
DA:425,0
DA:428,0
DA:429,0
DA:430,0
DA:442,0
DA:446,0
DA:462,0
DA:464,0
DA:465,0
DA:467,0
DA:469,0
DA:474,0
DA:476,0
DA:480,0
DA:496,0
DA:508,0
DA:516,0
DA:517,0
DA:518,0
DA:519,0
DA:520,0
DA:524,0
DA:533,0
DA:534,0
DA:536,0
DA:537,0
DA:541,0
DA:543,0
DA:544,0
DA:557,0
DA:561,0
DA:570,0
DA:571,0
DA:572,0
DA:574,0
DA:585,0
DA:595,0
DA:605,0
DA:606,0
DA:607,0
DA:609,0
DA:622,0
DA:629,0
DA:630,0
DA:631,0
DA:633,0
DA:634,0
DA:639,0
DA:640,0
DA:641,0
DA:642,0
DA:643,0
DA:647,0
DA:649,0
DA:651,0
DA:655,0
DA:656,0
DA:657,0
DA:658,0
DA:659,0
DA:668,0
DA:683,0
DA:690,0
DA:691,0
DA:700,0
DA:702,0
DA:703,0
DA:712,0
DA:713,0
DA:722,0
DA:723,0
DA:735,0
DA:739,0
DA:742,0
DA:744,0
DA:756,0
DA:759,0
DA:760,0
DA:768,0
DA:771,0
DA:772,0
DA:780,0
DA:821,0
DA:834,0
DA:848,0
DA:849,0
DA:850,0
DA:854,0
DA:860,0
LF:220
LH:0
BRDA:59,0,0,0
BRDA:59,0,1,0
BRDA:60,1,0,0
BRDA:60,1,1,0
BRDA:66,2,0,0
BRDA:66,2,1,0
BRDA:69,3,0,0
BRDA:69,3,1,0
BRDA:77,4,0,0
BRDA:77,4,1,0
BRDA:88,5,0,0
BRDA:88,5,1,0
BRDA:116,6,0,0
BRDA:116,6,1,0
BRDA:125,7,0,0
BRDA:125,7,1,0
BRDA:125,8,0,0
BRDA:125,8,1,0
BRDA:125,8,2,0
BRDA:127,9,0,0
BRDA:127,9,1,0
BRDA:127,10,0,0
BRDA:127,10,1,0
BRDA:128,11,0,0
BRDA:128,11,1,0
BRDA:128,12,0,0
BRDA:128,12,1,0
BRDA:129,13,0,0
BRDA:129,13,1,0
BRDA:132,14,0,0
BRDA:132,14,1,0
BRDA:146,15,0,0
BRDA:146,15,1,0
BRDA:149,16,0,0
BRDA:149,16,1,0
BRDA:152,17,0,0
BRDA:152,17,1,0
BRDA:169,18,0,0
BRDA:169,18,1,0
BRDA:178,19,0,0
BRDA:178,19,1,0
BRDA:180,20,0,0
BRDA:180,20,1,0
BRDA:186,21,0,0
BRDA:186,21,1,0
BRDA:190,22,0,0
BRDA:190,22,1,0
BRDA:199,23,0,0
BRDA:199,23,1,0
BRDA:220,24,0,0
BRDA:221,25,0,0
BRDA:221,25,1,0
BRDA:236,26,0,0
BRDA:236,26,1,0
BRDA:249,27,0,0
BRDA:249,27,1,0
BRDA:258,28,0,0
BRDA:258,28,1,0
BRDA:259,29,0,0
BRDA:259,29,1,0
BRDA:261,30,0,0
BRDA:261,30,1,0
BRDA:269,31,0,0
BRDA:269,31,1,0
BRDA:294,32,0,0
BRDA:294,32,1,0
BRDA:301,33,0,0
BRDA:301,33,1,0
BRDA:302,34,0,0
BRDA:302,34,1,0
BRDA:306,35,0,0
BRDA:306,35,1,0
BRDA:307,36,0,0
BRDA:307,36,1,0
BRDA:311,37,0,0
BRDA:311,37,1,0
BRDA:312,38,0,0
BRDA:312,38,1,0
BRDA:316,39,0,0
BRDA:316,39,1,0
BRDA:317,40,0,0
BRDA:317,40,1,0
BRDA:334,41,0,0
BRDA:334,41,1,0
BRDA:336,42,0,0
BRDA:336,42,1,0
BRDA:338,43,0,0
BRDA:338,43,1,0
BRDA:340,44,0,0
BRDA:340,44,1,0
BRDA:435,45,0,0
BRDA:435,45,1,0
BRDA:439,46,0,0
BRDA:439,46,1,0
BRDA:462,47,0,0
BRDA:462,47,1,0
BRDA:488,48,0,0
BRDA:488,48,1,0
BRDA:491,49,0,0
BRDA:491,49,1,0
BRDA:518,50,0,0
BRDA:518,50,1,0
BRDA:520,51,0,0
BRDA:520,51,1,0
BRDA:528,52,0,0
BRDA:528,52,1,0
BRDA:543,53,0,0
BRDA:543,53,1,0
BRDA:543,54,0,0
BRDA:543,54,1,0
BRDA:548,55,0,0
BRDA:548,55,1,0
BRDA:550,56,0,0
BRDA:550,56,1,0
BRDA:553,57,0,0
BRDA:553,57,1,0
BRDA:572,58,0,0
BRDA:572,58,1,0
BRDA:616,59,0,0
BRDA:616,59,1,0
BRDA:618,60,0,0
BRDA:618,60,1,0
BRDA:620,61,0,0
BRDA:620,61,1,0
BRDA:633,62,0,0
BRDA:633,62,1,0
BRDA:633,63,0,0
BRDA:633,63,1,0
BRDA:641,64,0,0
BRDA:641,64,1,0
BRDA:642,65,0,0
BRDA:642,65,1,0
BRDA:643,66,0,0
BRDA:643,66,1,0
BRDA:649,67,0,0
BRDA:649,67,1,0
BRDA:651,68,0,0
BRDA:651,68,1,0
BRDA:690,69,0,0
BRDA:690,69,1,0
BRDA:702,70,0,0
BRDA:702,70,1,0
BRDA:712,71,0,0
BRDA:712,71,1,0
BRDA:722,72,0,0
BRDA:722,72,1,0
BRDA:742,73,0,0
BRDA:742,73,1,0
BRDA:759,74,0,0
BRDA:759,74,1,0
BRDA:771,75,0,0
BRDA:771,75,1,0
BRDA:841,76,0,0
BRDA:841,76,1,0
BRDA:6,77,0,0
BRDA:6,77,1,0
BRDA:6,78,0,0
BRDA:6,78,1,0
BRF:158
BRH:0
end_of_record
TN:
SF:src\modules\cart\cart.controller.ts
FN:18,(anonymous_4)
FN:21,(anonymous_5)
FN:26,(anonymous_6)
FN:34,(anonymous_7)
FN:47,(anonymous_8)
FN:55,(anonymous_9)
FN:60,(anonymous_10)
FNF:7
FNH:0
FNDA:0,(anonymous_4)
FNDA:0,(anonymous_5)
FNDA:0,(anonymous_6)
FNDA:0,(anonymous_7)
FNDA:0,(anonymous_8)
FNDA:0,(anonymous_9)
FNDA:0,(anonymous_10)
DA:1,0
DA:12,0
DA:13,0
DA:17,0
DA:18,0
DA:21,0
DA:22,0
DA:26,0
DA:30,0
DA:34,0
DA:39,0
DA:47,0
DA:51,0
DA:55,0
DA:56,0
DA:60,0
DA:61,0
LF:17
LH:0
BRDA:18,0,0,0
BRDA:18,0,1,0
BRDA:18,1,0,0
BRDA:18,1,1,0
BRF:4
BRH:0
end_of_record
TN:
SF:src\modules\cart\cart.module.ts
FNF:0
FNH:0
DA:1,0
DA:2,0
DA:3,0
DA:4,0
DA:11,0
LF:5
LH:0
BRF:0
BRH:0
end_of_record
TN:
SF:src\modules\cart\cart.service.ts
FN:6,(anonymous_2)
FN:8,(anonymous_3)
FN:23,(anonymous_4)
FN:25,(anonymous_5)
FN:42,(anonymous_6)
FN:43,(anonymous_7)
FN:47,(anonymous_8)
FN:69,(anonymous_9)
FN:81,(anonymous_10)
FN:90,(anonymous_11)
FN:102,(anonymous_12)
FNF:11
FNH:8
FNDA:5,(anonymous_2)
FNDA:1,(anonymous_3)
FNDA:1,(anonymous_4)
FNDA:0,(anonymous_5)
FNDA:1,(anonymous_6)
FNDA:1,(anonymous_7)
FNDA:2,(anonymous_8)
FNDA:0,(anonymous_9)
FNDA:1,(anonymous_10)
FNDA:0,(anonymous_11)
FNDA:1,(anonymous_12)
DA:1,1
DA:2,1
DA:5,1
DA:6,5
DA:9,1
DA:23,1
DA:24,1
DA:25,1
DA:26,1
DA:27,0
DA:29,1
DA:36,1
DA:39,1
DA:42,1
DA:43,1
DA:48,2
DA:51,2
DA:53,1
DA:57,1
DA:58,0
DA:64,1
DA:70,0
DA:73,0
DA:75,0
DA:82,1
DA:85,1
DA:87,1
DA:91,0
DA:94,0
DA:96,0
DA:103,1
DA:104,1
LF:32
LH:24
BRDA:26,0,0,0
BRDA:26,0,1,1
BRDA:47,1,0,0
BRDA:51,2,0,1
BRDA:51,2,1,1
BRDA:57,3,0,0
BRDA:57,3,1,1
BRDA:73,4,0,0
BRDA:73,4,1,0
BRDA:85,5,0,0
BRDA:85,5,1,1
BRDA:94,6,0,0
BRDA:94,6,1,0
BRDA:6,7,0,1
BRDA:6,7,1,0
BRDA:6,8,0,1
BRDA:6,8,1,1
BRF:17
BRH:8
end_of_record
TN:
SF:src\modules\categories\categories.controller.ts
FN:6,(anonymous_4)
FN:9,(anonymous_5)
FN:14,(anonymous_6)
FNF:3
FNH:0
FNDA:0,(anonymous_4)
FNDA:0,(anonymous_5)
FNDA:0,(anonymous_6)
DA:1,0
DA:2,0
DA:5,0
DA:6,0
DA:9,0
DA:10,0
DA:14,0
DA:15,0
LF:8
LH:0
BRDA:6,0,0,0
BRDA:6,0,1,0
BRDA:6,1,0,0
BRDA:6,1,1,0
BRF:4
BRH:0
end_of_record
TN:
SF:src\modules\categories\categories.module.ts
FNF:0
FNH:0
DA:1,0
DA:2,0
DA:3,0
DA:4,0
DA:11,0
LF:5
LH:0
BRF:0
BRH:0
end_of_record
TN:
SF:src\modules\categories\categories.service.ts
FN:6,(anonymous_2)
FN:8,(anonymous_3)
FN:19,(anonymous_4)
FN:29,(anonymous_5)
FNF:4
FNH:0
FNDA:0,(anonymous_2)
FNDA:0,(anonymous_3)
FNDA:0,(anonymous_4)
FNDA:0,(anonymous_5)
DA:1,0
DA:2,0
DA:5,0
DA:6,0
DA:9,0
DA:20,0
DA:30,0
DA:31,0
DA:32,0
LF:9
LH:0
BRDA:31,0,0,0
BRDA:31,0,1,0
BRDA:6,1,0,0
BRDA:6,1,1,0
BRDA:6,2,0,0
BRDA:6,2,1,0
BRF:6
BRH:0
end_of_record
TN:
SF:src\modules\cms\cms.controller.ts
FN:16,(anonymous_4)
FN:19,(anonymous_5)
FN:25,(anonymous_6)
FN:31,(anonymous_7)
FN:36,(anonymous_8)
FN:42,(anonymous_9)
FN:47,(anonymous_10)
FNF:7
FNH:0
FNDA:0,(anonymous_4)
FNDA:0,(anonymous_5)
FNDA:0,(anonymous_6)
FNDA:0,(anonymous_7)
FNDA:0,(anonymous_8)
FNDA:0,(anonymous_9)
FNDA:0,(anonymous_10)
DA:1,0
DA:11,0
DA:12,0
DA:15,0
DA:16,0
DA:19,0
DA:20,0
DA:25,0
DA:26,0
DA:31,0
DA:32,0
DA:36,0
DA:37,0
DA:42,0
DA:43,0
DA:47,0
DA:48,0
LF:17
LH:0
BRDA:16,0,0,0
BRDA:16,0,1,0
BRDA:16,1,0,0
BRDA:16,1,1,0
BRF:4
BRH:0
end_of_record
TN:
SF:src\modules\cms\cms.module.ts
FNF:0
FNH:0
DA:1,0
DA:2,0
DA:3,0
DA:4,0
DA:11,0
LF:5
LH:0
BRF:0
BRH:0
end_of_record
TN:
SF:src\modules\cms\cms.service.ts
FN:6,(anonymous_2)
FN:8,(anonymous_3)
FN:23,(anonymous_4)
FN:47,(anonymous_5)
FN:73,(anonymous_6)
FN:83,(anonymous_7)
FN:103,(anonymous_8)
FNF:7
FNH:0
FNDA:0,(anonymous_2)
FNDA:0,(anonymous_3)
FNDA:0,(anonymous_4)
FNDA:0,(anonymous_5)
FNDA:0,(anonymous_6)
FNDA:0,(anonymous_7)
FNDA:0,(anonymous_8)
DA:1,0
DA:2,0
DA:5,0
DA:6,0
DA:9,0
DA:31,0
DA:36,0
DA:57,0
DA:58,0
DA:60,0
DA:61,0
DA:62,0
DA:63,0
DA:64,0
DA:65,0
DA:67,0
DA:74,0
DA:75,0
DA:77,0
DA:91,0
DA:104,0
DA:105,0
LF:22
LH:0
BRDA:31,0,0,0
BRDA:31,0,1,0
BRDA:58,1,0,0
BRDA:58,1,1,0
BRDA:61,2,0,0
BRDA:61,2,1,0
BRDA:62,3,0,0
BRDA:62,3,1,0
BRDA:63,4,0,0
BRDA:63,4,1,0
BRDA:64,5,0,0
BRDA:64,5,1,0
BRDA:65,6,0,0
BRDA:65,6,1,0
BRDA:75,7,0,0
BRDA:75,7,1,0
BRDA:97,8,0,0
BRDA:97,8,1,0
BRDA:6,9,0,0
BRDA:6,9,1,0
BRDA:6,10,0,0
BRDA:6,10,1,0
BRF:22
BRH:0
end_of_record
TN:
SF:src\modules\compliance\compliance.controller.ts
FN:19,(anonymous_4)
FN:24,(anonymous_5)
FN:30,(anonymous_6)
FN:45,(anonymous_7)
FN:51,(anonymous_8)
FN:57,(anonymous_9)
FN:62,(anonymous_10)
FN:67,(anonymous_11)
FN:74,(anonymous_12)
FN:81,(anonymous_13)
FNF:10
FNH:0
FNDA:0,(anonymous_4)
FNDA:0,(anonymous_5)
FNDA:0,(anonymous_6)
FNDA:0,(anonymous_7)
FNDA:0,(anonymous_8)
FNDA:0,(anonymous_9)
FNDA:0,(anonymous_10)
FNDA:0,(anonymous_11)
FNDA:0,(anonymous_12)
FNDA:0,(anonymous_13)
DA:1,0
DA:12,0
DA:13,0
DA:14,0
DA:15,0
DA:18,0
DA:19,0
DA:24,0
DA:25,0
DA:30,0
DA:40,0
DA:45,0
DA:46,0
DA:51,0
DA:52,0
DA:57,0
DA:58,0
DA:62,0
DA:63,0
DA:67,0
DA:68,0
DA:74,0
DA:75,0
DA:81,0
DA:82,0
LF:25
LH:0
BRDA:19,0,0,0
BRDA:19,0,1,0
BRDA:19,1,0,0
BRDA:19,1,1,0
BRF:4
BRH:0
end_of_record
TN:
SF:src\modules\compliance\compliance.module.ts
FNF:0
FNH:0
DA:1,0
DA:2,0
DA:3,0
DA:4,0
DA:5,0
DA:13,0
LF:6
LH:0
BRF:0
BRH:0
end_of_record
TN:
SF:src\modules\compliance\compliance.service.ts
FN:13,(anonymous_11)
FN:17,(anonymous_12)
FN:64,(anonymous_13)
FN:71,(anonymous_14)
FN:124,(anonymous_15)
FN:155,(anonymous_16)
FN:171,(anonymous_17)
FN:175,(anonymous_18)
FN:180,(anonymous_19)
FN:198,(anonymous_20)
FN:206,(anonymous_21)
FN:234,(anonymous_22)
FN:288,(anonymous_23)
FN:321,(anonymous_24)
FN:357,(anonymous_25)
FN:379,(anonymous_26)
FN:384,(anonymous_27)
FN:401,(anonymous_28)
FN:405,(anonymous_29)
FN:413,(anonymous_30)
FN:493,(anonymous_31)
FN:498,(anonymous_32)
FN:539,(anonymous_33)
FN:557,(anonymous_34)
FN:587,(anonymous_35)
FNF:25
FNH:0
FNDA:0,(anonymous_11)
FNDA:0,(anonymous_12)
FNDA:0,(anonymous_13)
FNDA:0,(anonymous_14)
FNDA:0,(anonymous_15)
FNDA:0,(anonymous_16)
FNDA:0,(anonymous_17)
FNDA:0,(anonymous_18)
FNDA:0,(anonymous_19)
FNDA:0,(anonymous_20)
FNDA:0,(anonymous_21)
FNDA:0,(anonymous_22)
FNDA:0,(anonymous_23)
FNDA:0,(anonymous_24)
FNDA:0,(anonymous_25)
FNDA:0,(anonymous_26)
FNDA:0,(anonymous_27)
FNDA:0,(anonymous_28)
FNDA:0,(anonymous_29)
FNDA:0,(anonymous_30)
FNDA:0,(anonymous_31)
FNDA:0,(anonymous_32)
FNDA:0,(anonymous_33)
FNDA:0,(anonymous_34)
FNDA:0,(anonymous_35)
DA:1,0
DA:6,0
DA:7,0
DA:10,0
DA:13,0
DA:14,0
DA:22,0
DA:64,0
DA:65,0
DA:67,0
DA:68,0
DA:80,0
DA:83,0
DA:85,0
DA:90,0
DA:91,0
DA:95,0
DA:107,0
DA:117,0
DA:129,0
DA:130,0
DA:132,0
DA:139,0
DA:140,0
DA:145,0
DA:150,0
DA:152,0
DA:160,0
DA:161,0
DA:166,0
DA:167,0
DA:171,0
DA:172,0
DA:174,0
DA:175,0
DA:177,0
DA:186,0
DA:193,0
DA:195,0
DA:196,0
DA:198,0
DA:199,0
DA:200,0
DA:201,0
DA:206,0
DA:207,0
DA:208,0
DA:210,0
DA:211,0
DA:212,0
DA:215,0
DA:216,0
DA:217,0
DA:220,0
DA:221,0
DA:222,0
DA:225,0
DA:226,0
DA:239,0
DA:297,0
DA:306,0
DA:308,0
DA:310,0
DA:324,0
DA:325,0
DA:327,0
DA:338,0
DA:351,0
DA:364,0
DA:368,0
DA:370,0
DA:380,0
DA:381,0
DA:389,0
DA:390,0
DA:391,0
DA:393,0
DA:400,0
DA:401,0
DA:402,0
DA:405,0
DA:410,0
DA:417,0
DA:492,0
DA:493,0
DA:502,0
DA:540,0
DA:541,0
DA:542,0
DA:543,0
DA:545,0
DA:546,0
DA:547,0
DA:548,0
DA:549,0
DA:550,0
DA:551,0
DA:558,0
DA:560,0
DA:561,0
DA:562,0
DA:565,0
DA:566,0
DA:567,0
DA:570,0
DA:571,0
DA:572,0
DA:575,0
DA:576,0
DA:579,0
DA:580,0
DA:583,0
DA:592,0
DA:593,0
DA:594,0
DA:595,0
DA:596,0
DA:600,0
DA:602,0
LF:119
LH:0
BRDA:67,0,0,0
BRDA:67,0,1,0
BRDA:67,1,0,0
BRDA:67,1,1,0
BRDA:83,2,0,0
BRDA:83,2,1,0
BRDA:90,3,0,0
BRDA:90,3,1,0
BRDA:129,4,0,0
BRDA:129,4,1,0
BRDA:129,5,0,0
BRDA:129,5,1,0
BRDA:139,6,0,0
BRDA:139,6,1,0
BRDA:145,7,0,0
BRDA:145,7,1,0
BRDA:146,8,0,0
BRDA:146,8,1,0
BRDA:146,8,2,0
BRDA:160,9,0,0
BRDA:160,9,1,0
BRDA:172,10,0,0
BRDA:172,10,1,0
BRDA:193,11,0,0
BRDA:193,11,1,0
BRDA:199,12,0,0
BRDA:199,12,1,0
BRDA:210,13,0,0
BRDA:210,13,1,0
BRDA:215,14,0,0
BRDA:215,14,1,0
BRDA:215,15,0,0
BRDA:215,15,1,0
BRDA:220,16,0,0
BRDA:220,16,1,0
BRDA:225,17,0,0
BRDA:225,17,1,0
BRDA:225,18,0,0
BRDA:225,18,1,0
BRDA:306,19,0,0
BRDA:306,19,1,0
BRDA:325,20,0,0
BRDA:325,20,1,0
BRDA:368,21,0,0
BRDA:368,21,1,0
BRDA:402,22,0,0
BRDA:402,22,1,0
BRDA:542,23,0,0
BRDA:542,23,1,0
BRDA:558,24,0,0
BRDA:558,24,1,0
BRDA:558,24,2,0
BRDA:558,24,3,0
BRDA:558,24,4,0
BRDA:558,24,5,0
BRDA:560,25,0,0
BRDA:560,25,1,0
BRDA:566,26,0,0
BRDA:566,26,1,0
BRDA:566,27,0,0
BRDA:566,27,1,0
BRDA:570,28,0,0
BRDA:570,28,1,0
BRDA:575,29,0,0
BRDA:575,29,1,0
BRDA:579,30,0,0
BRDA:579,30,1,0
BRDA:596,31,0,0
BRDA:596,31,1,0
BRDA:597,32,0,0
BRDA:597,32,1,0
BRDA:597,32,2,0
BRDA:13,33,0,0
BRDA:13,33,1,0
BRDA:13,34,0,0
BRDA:13,34,1,0
BRF:76
BRH:0
end_of_record
TN:
SF:src\modules\compliance\gdpr-utils.ts
FN:1,anonymizeUser
FN:14,exportUserData
FN:32,getDataRetentionPeriods
FNF:3
FNH:0
FNDA:0,anonymizeUser
FNDA:0,exportUserData
FNDA:0,getDataRetentionPeriods
DA:1,0
DA:2,0
DA:3,0
DA:4,0
DA:5,0
DA:6,0
DA:7,0
DA:8,0
DA:9,0
DA:10,0
DA:11,0
DA:14,0
DA:22,0
DA:32,0
DA:37,0
LF:15
LH:0
BRDA:4,0,0,0
BRDA:4,0,1,0
BRF:2
BRH:0
end_of_record
TN:
SF:src\modules\coupons\coupon.module.ts
FNF:0
FNH:0
DA:1,0
DA:2,0
DA:3,0
DA:10,0
LF:4
LH:0
BRF:0
BRH:0
end_of_record
TN:
SF:src\modules\coupons\coupon.service.ts
FN:6,(anonymous_2)
FN:8,(anonymous_3)
FN:123,(anonymous_4)
FN:129,(anonymous_5)
FN:146,(anonymous_6)
FN:175,(anonymous_7)
FN:201,(anonymous_8)
FN:246,(anonymous_9)
FNF:8
FNH:0
FNDA:0,(anonymous_2)
FNDA:0,(anonymous_3)
FNDA:0,(anonymous_4)
FNDA:0,(anonymous_5)
FNDA:0,(anonymous_6)
FNDA:0,(anonymous_7)
FNDA:0,(anonymous_8)
FNDA:0,(anonymous_9)
DA:1,1
DA:2,1
DA:5,1
DA:6,0
DA:18,0
DA:22,0
DA:23,0
DA:31,0
DA:32,0
DA:40,0
DA:42,0
DA:43,0
DA:51,0
DA:52,0
DA:60,0
DA:61,0
DA:69,0
DA:70,0
DA:78,0
DA:82,0
DA:83,0
DA:91,0
DA:92,0
DA:94,0
DA:95,0
DA:97,0
DA:98,0
DA:100,0
DA:101,0
DA:103,0
DA:111,0
DA:112,0
DA:115,0
DA:129,0
DA:130,0
DA:135,0
DA:151,0
DA:152,0
DA:153,0
DA:154,0
DA:155,0
DA:157,0
DA:166,0
DA:186,0
DA:215,0
DA:218,0
DA:220,0
DA:247,0
DA:250,0
DA:251,0
DA:252,0
LF:51
LH:3
BRDA:22,0,0,0
BRDA:22,0,1,0
BRDA:31,1,0,0
BRDA:31,1,1,0
BRDA:42,2,0,0
BRDA:42,2,1,0
BRDA:42,3,0,0
BRDA:42,3,1,0
BRDA:51,4,0,0
BRDA:51,4,1,0
BRDA:51,5,0,0
BRDA:51,5,1,0
BRDA:60,6,0,0
BRDA:60,6,1,0
BRDA:60,7,0,0
BRDA:60,7,1,0
BRDA:69,8,0,0
BRDA:69,8,1,0
BRDA:82,9,0,0
BRDA:82,9,1,0
BRDA:92,10,0,0
BRDA:92,10,1,0
BRDA:92,10,2,0
BRDA:92,10,3,0
BRDA:111,11,0,0
BRDA:111,11,1,0
BRDA:111,12,0,0
BRDA:111,12,1,0
BRDA:151,13,0,0
BRDA:151,13,1,0
BRDA:152,14,0,0
BRDA:152,14,1,0
BRDA:155,15,0,0
BRDA:155,15,1,0
BRDA:191,16,0,0
BRDA:191,16,1,0
BRDA:193,17,0,0
BRDA:193,17,1,0
BRDA:195,18,0,0
BRDA:195,18,1,0
BRDA:196,19,0,0
BRDA:196,19,1,0
BRDA:218,20,0,0
BRDA:218,20,1,0
BRDA:226,21,0,0
BRDA:226,21,1,0
BRDA:228,22,0,0
BRDA:228,22,1,0
BRDA:232,23,0,0
BRDA:232,23,1,0
BRDA:236,24,0,0
BRDA:236,24,1,0
BRDA:240,25,0,0
BRDA:240,25,1,0
BRDA:241,26,0,0
BRDA:241,26,1,0
BRDA:250,27,0,0
BRDA:250,27,1,0
BRDA:6,28,0,1
BRDA:6,28,1,0
BRDA:6,29,0,1
BRDA:6,29,1,1
BRF:62
BRH:3
end_of_record
TN:
SF:src\modules\developer\developer.controller.ts
FN:17,(anonymous_4)
FN:21,(anonymous_5)
FN:34,(anonymous_6)
FN:40,(anonymous_7)
FN:46,(anonymous_8)
FN:59,(anonymous_9)
FN:80,(anonymous_10)
FN:86,(anonymous_11)
FN:92,(anonymous_12)
FNF:9
FNH:0
FNDA:0,(anonymous_4)
FNDA:0,(anonymous_5)
FNDA:0,(anonymous_6)
FNDA:0,(anonymous_7)
FNDA:0,(anonymous_8)
FNDA:0,(anonymous_9)
FNDA:0,(anonymous_10)
FNDA:0,(anonymous_11)
FNDA:0,(anonymous_12)
DA:1,0
DA:12,0
DA:13,0
DA:16,0
DA:17,0
DA:21,0
DA:25,0
DA:34,0
DA:35,0
DA:40,0
DA:41,0
DA:46,0
DA:53,0
DA:54,0
DA:59,0
DA:69,0
DA:80,0
DA:81,0
DA:86,0
DA:87,0
DA:92,0
DA:93,0
LF:22
LH:0
BRDA:28,0,0,0
BRDA:28,0,1,0
BRDA:53,1,0,0
BRDA:53,1,1,0
BRDA:53,2,0,0
BRDA:53,2,1,0
BRDA:17,3,0,0
BRDA:17,3,1,0
BRDA:17,4,0,0
BRDA:17,4,1,0
BRF:10
BRH:0
end_of_record
TN:
SF:src\modules\developer\developer.module.ts
FNF:0
FNH:0
DA:1,0
DA:2,0
DA:3,0
DA:4,0
DA:11,0
LF:5
LH:0
BRF:0
BRH:0
end_of_record
TN:
SF:src\modules\developer\developer.service.ts
FN:29,(anonymous_11)
FN:31,(anonymous_12)
FN:35,(anonymous_13)
FN:63,(anonymous_14)
FN:83,(anonymous_15)
FN:97,(anonymous_16)
FN:113,(anonymous_17)
FN:145,(anonymous_18)
FN:156,(anonymous_19)
FN:171,(anonymous_20)
FN:191,(anonymous_21)
FN:208,(anonymous_22)
FN:214,(anonymous_23)
FN:253,(anonymous_24)
FN:273,(anonymous_25)
FN:277,(anonymous_26)
FN:278,(anonymous_27)
FN:285,(anonymous_28)
FN:286,(anonymous_29)
FNF:19
FNH:0
FNDA:0,(anonymous_11)
FNDA:0,(anonymous_12)
FNDA:0,(anonymous_13)
FNDA:0,(anonymous_14)
FNDA:0,(anonymous_15)
FNDA:0,(anonymous_16)
FNDA:0,(anonymous_17)
FNDA:0,(anonymous_18)
FNDA:0,(anonymous_19)
FNDA:0,(anonymous_20)
FNDA:0,(anonymous_21)
FNDA:0,(anonymous_22)
FNDA:0,(anonymous_23)
FNDA:0,(anonymous_24)
FNDA:0,(anonymous_25)
FNDA:0,(anonymous_26)
FNDA:0,(anonymous_27)
FNDA:0,(anonymous_28)
FNDA:0,(anonymous_29)
DA:1,0
DA:7,0
DA:8,0
DA:9,0
DA:17,0
DA:28,0
DA:29,0
DA:32,0
DA:36,0
DA:39,0
DA:40,0
DA:42,0
DA:43,0
DA:45,0
DA:55,0
DA:64,0
DA:65,0
DA:68,0
DA:69,0
DA:71,0
DA:76,0
DA:84,0
DA:85,0
DA:86,0
DA:87,0
DA:89,0
DA:94,0
DA:98,0
DA:118,0
DA:122,0
DA:123,0
DA:124,0
DA:126,0
DA:127,0
DA:128,0
DA:131,0
DA:136,0
DA:151,0
DA:157,0
DA:161,0
DA:162,0
DA:163,0
DA:165,0
DA:178,0
DA:182,0
DA:183,0
DA:184,0
DA:186,0
DA:192,0
DA:195,0
DA:197,0
DA:201,0
DA:202,0
DA:204,0
DA:205,0
DA:209,0
DA:213,0
DA:215,0
DA:216,0
DA:217,0
DA:227,0
DA:237,0
DA:250,0
DA:254,0
DA:257,0
DA:259,0
DA:263,0
DA:264,0
DA:266,0
DA:274,0
DA:278,0
DA:279,0
DA:280,0
DA:281,0
DA:286,0
DA:287,0
DA:288,0
DA:289,0
LF:78
LH:0
BRDA:39,0,0,0
BRDA:39,0,1,0
BRDA:68,1,0,0
BRDA:68,1,1,0
BRDA:69,2,0,0
BRDA:69,2,1,0
BRDA:85,3,0,0
BRDA:85,3,1,0
BRDA:86,4,0,0
BRDA:86,4,1,0
BRDA:122,5,0,0
BRDA:122,5,1,0
BRDA:123,6,0,0
BRDA:123,6,1,0
BRDA:127,7,0,0
BRDA:127,7,1,0
BRDA:161,8,0,0
BRDA:161,8,1,0
BRDA:162,9,0,0
BRDA:162,9,1,0
BRDA:182,10,0,0
BRDA:182,10,1,0
BRDA:183,11,0,0
BRDA:183,11,1,0
BRDA:195,12,0,0
BRDA:195,12,1,0
BRDA:201,13,0,0
BRDA:201,13,1,0
BRDA:201,14,0,0
BRDA:201,14,1,0
BRDA:257,15,0,0
BRDA:257,15,1,0
BRDA:263,16,0,0
BRDA:263,16,1,0
BRDA:263,17,0,0
BRDA:263,17,1,0
BRDA:274,18,0,0
BRDA:274,18,1,0
BRDA:280,19,0,0
BRDA:280,19,1,0
BRDA:288,20,0,0
BRDA:288,20,1,0
BRDA:29,21,0,0
BRDA:29,21,1,0
BRDA:29,22,0,0
BRDA:29,22,1,0
BRF:46
BRH:0
end_of_record
TN:
SF:src\modules\finance\finance.controller.ts
FN:11,(anonymous_4)
FN:14,(anonymous_5)
FN:19,(anonymous_6)
FN:24,(anonymous_7)
FN:29,(anonymous_8)
FN:34,(anonymous_9)
FN:39,(anonymous_10)
FN:49,(anonymous_11)
FN:54,(anonymous_12)
FN:64,(anonymous_13)
FN:75,(anonymous_14)
FN:80,(anonymous_15)
FN:85,(anonymous_16)
FN:92,(anonymous_17)
FN:100,(anonymous_18)
FN:105,(anonymous_19)
FN:110,(anonymous_20)
FN:115,(anonymous_21)
FN:120,(anonymous_22)
FNF:19
FNH:0
FNDA:0,(anonymous_4)
FNDA:0,(anonymous_5)
FNDA:0,(anonymous_6)
FNDA:0,(anonymous_7)
[...]
FNDA:0,(anonymous_10)
FNDA:0,(anonymous_11)
FNDA:0,(anonymous_12)
FNDA:0,(anonymous_13)
FNDA:0,(anonymous_14)
FNDA:0,(anonymous_15)
FNDA:0,(anonymous_16)
FNDA:0,(anonymous_17)
FNDA:0,(anonymous_18)
FNDA:0,(anonymous_19)
FNDA:0,(anonymous_20)
FNDA:0,(anonymous_21)
DA:1,0
DA:10,0
DA:11,0
DA:12,0
DA:13,0
DA:16,0
DA:18,0
DA:19,0
DA:20,0
DA:24,0
DA:39,0
DA:54,0
DA:56,0
DA:60,0
DA:62,0
DA:66,0
DA:68,0
DA:73,0
DA:75,0
DA:78,0
DA:83,0
DA:88,0
DA:92,0
DA:98,0
DA:99,0
DA:103,0
DA:104,0
DA:108,0
DA:109,0
DA:113,0
DA:117,0
DA:118,0
DA:123,0
DA:127,0
DA:128,0
DA:133,0
DA:134,0
DA:142,0
DA:146,0
DA:154,0
DA:155,0
DA:159,0
DA:160,0
DA:165,0
DA:166,0
DA:167,0
DA:171,0
DA:172,0
DA:178,0
DA:179,0
DA:183,0
DA:184,0
DA:190,0
DA:191,0
DA:197,0
DA:201,0
LF:56
LH:0
BRDA:41,0,0,0
BRDA:41,0,1,0
BRDA:42,1,0,0
BRDA:42,1,1,0
BRDA:43,2,0,0
BRDA:43,2,1,0
BRDA:47,3,0,0
BRDA:47,3,1,0
BRDA:47,4,0,0
BRDA:47,4,1,0
BRDA:49,5,0,0
BRDA:49,5,1,0
BRDA:50,6,0,0
BRDA:50,6,1,0
BRDA:54,7,0,0
BRDA:54,7,1,0
BRDA:54,7,2,0
BRDA:54,7,3,0
BRDA:57,8,0,0
BRDA:57,8,1,0
BRDA:63,9,0,0
BRDA:63,9,1,0
BRDA:70,10,0,0
BRDA:70,10,1,0
BRDA:75,11,0,0
BRDA:75,11,1,0
BRDA:80,12,0,0
BRDA:80,12,1,0
BRDA:81,13,0,0
BRDA:81,13,1,0
BRDA:93,14,0,0
BRDA:93,14,1,0
BRDA:99,15,0,0
BRDA:99,15,1,0
BRDA:104,16,0,0
BRDA:104,16,1,0
BRDA:109,17,0,0
BRDA:109,17,1,0
BRDA:117,18,0,0
BRDA:117,18,1,0
BRDA:120,19,0,0
BRDA:120,19,1,0
BRDA:123,20,0,0
BRDA:123,20,1,0
BRDA:128,21,0,0
BRDA:128,21,1,0
BRDA:136,22,0,0
BRDA:136,22,1,0
BRDA:160,23,0,0
BRDA:160,23,1,0
BRDA:173,24,0,0
BRDA:173,24,1,0
BRDA:185,25,0,0
BRDA:185,25,1,0
BRDA:192,26,0,0
BRDA:192,26,1,0
BRDA:18,27,0,0
BRDA:18,27,1,0
BRDA:18,28,0,0
BRDA:18,28,1,0
BRDA:18,29,0,0
BRDA:18,29,1,0
BRDA:18,30,0,0
BRDA:18,30,1,0
BRDA:19,31,0,0
BRDA:19,31,1,0
BRDA:19,32,0,0
BRDA:19,32,1,0
BRF:68
BRH:0
end_of_record
TN:
SF:src\modules\search\search.module.ts
FNF:0
FNH:0
DA:1,0
DA:2,0
DA:3,0
DA:4,0
DA:5,0
DA:6,0
DA:7,0
DA:8,0
DA:9,0
DA:24,0
LF:10
LH:0
BRF:0
BRH:0
end_of_record
TN:
SF:src\modules\search\search.service.ts
FN:30,(anonymous_2)
FN:34,(anonymous_3)
FN:125,(anonymous_4)
FN:147,(anonymous_5)
FN:155,(anonymous_6)
FN:165,(anonymous_7)
FN:202,(anonymous_8)
FN:210,(anonymous_9)
FN:213,(anonymous_10)
FN:236,(anonymous_11)
FN:253,(anonymous_12)
FN:258,(anonymous_13)
FN:261,(anonymous_14)
FN:270,(anonymous_15)
FN:293,(anonymous_16)
FN:308,(anonymous_17)
FN:312,(anonymous_18)
FN:324,(anonymous_19)
FN:347,(anonymous_20)
FN:357,(anonymous_21)
FN:359,(anonymous_22)
FN:371,(anonymous_23)
FN:375,(anonymous_24)
FN:376,(anonymous_25)
FNF:24
FNH:0
FNDA:0,(anonymous_2)
FNDA:0,(anonymous_3)
FNDA:0,(anonymous_4)
FNDA:0,(anonymous_5)
FNDA:0,(anonymous_6)
FNDA:0,(anonymous_7)
FNDA:0,(anonymous_8)
FNDA:0,(anonymous_9)
FNDA:0,(anonymous_10)
FNDA:0,(anonymous_11)
FNDA:0,(anonymous_12)
FNDA:0,(anonymous_13)
FNDA:0,(anonymous_14)
FNDA:0,(anonymous_15)
FNDA:0,(anonymous_16)
FNDA:0,(anonymous_17)
FNDA:0,(anonymous_18)
FNDA:0,(anonymous_19)
FNDA:0,(anonymous_20)
FNDA:0,(anonymous_21)
FNDA:0,(anonymous_22)
FNDA:0,(anonymous_23)
FNDA:0,(anonymous_24)
FNDA:0,(anonymous_25)
DA:1,0
DA:2,0
DA:27,0
DA:30,0
DA:31,0
DA:38,0
DA:39,0
DA:40,0
DA:42,0
DA:46,0
DA:47,0
DA:54,0
DA:55,0
DA:58,0
DA:59,0
DA:62,0
DA:63,0
DA:66,0
DA:67,0
DA:70,0
DA:71,0
DA:74,0
DA:75,0
DA:78,0
DA:79,0
DA:82,0
DA:83,0
DA:85,0
DA:86,0
DA:88,0
DA:89,0
DA:91,0
DA:92,0
DA:94,0
DA:95,0
DA:97,0
DA:98,0
DA:101,0
DA:116,0
DA:126,0
DA:128,0
DA:138,0
DA:146,0
DA:147,0
DA:155,0
DA:162,0
DA:166,0
DA:168,0
DA:175,0
DA:176,0
DA:188,0
DA:189,0
DA:199,0
DA:203,0
DA:210,0
DA:214,0
DA:215,0
DA:217,0
DA:233,0
DA:237,0
DA:251,0
DA:252,0
DA:254,0
DA:255,0
DA:256,0
DA:258,0
DA:262,0
DA:269,0
DA:270,0
DA:273,0
DA:274,0
DA:277,0
DA:290,0
DA:294,0
DA:303,0
DA:305,0
DA:309,0
DA:313,0
DA:315,0
DA:325,0
DA:326,0
DA:328,0
DA:346,0
DA:347,0
DA:350,0
DA:357,0
DA:359,0
DA:360,0
DA:363,0
DA:371,0
DA:375,0
DA:376,0
DA:379,0
LF:93
LH:0
BRDA:38,0,0,0
BRDA:38,0,1,0
BRDA:39,1,0,0
BRDA:39,1,1,0
BRDA:46,2,0,0
BRDA:46,2,1,0
BRDA:54,3,0,0
BRDA:54,3,1,0
BRDA:58,4,0,0
BRDA:58,4,1,0
BRDA:59,5,0,0
BRDA:59,5,1,0
BRDA:62,6,0,0
BRDA:62,6,1,0
BRDA:63,7,0,0
BRDA:63,7,1,0
BRDA:66,8,0,0
BRDA:66,8,1,0
BRDA:70,9,0,0
BRDA:70,9,1,0
BRDA:74,10,0,0
BRDA:74,10,1,0
BRDA:78,11,0,0
BRDA:78,11,1,0
BRDA:83,12,0,0
BRDA:83,12,1,0
BRDA:83,12,2,0
BRDA:83,12,3,0
BRDA:83,12,4,0
BRDA:126,13,0,0
BRDA:126,13,1,0
BRDA:166,14,0,0
BRDA:166,14,1,0
BRDA:175,15,0,0
BRDA:175,15,1,0
BRDA:188,16,0,0
BRDA:188,16,1,0
BRDA:202,17,0,0
BRDA:213,18,0,0
BRDA:236,19,0,0
BRDA:254,20,0,0
BRDA:254,20,1,0
BRDA:261,21,0,0
BRDA:273,22,0,0
BRDA:273,22,1,0
BRDA:303,23,0,0
BRDA:303,23,1,0
BRDA:313,24,0,0
BRDA:313,24,1,0
BRDA:326,25,0,0
BRDA:326,25,1,0
BRDA:350,26,0,0
BRDA:350,26,1,0
BRDA:359,27,0,0
BRDA:359,27,1,0
BRDA:384,28,0,0
BRDA:384,28,1,0
BRDA:385,29,0,0
BRDA:385,29,1,0
BRDA:30,30,0,0
BRDA:30,30,1,0
BRDA:30,31,0,0
BRDA:30,31,1,0
BRF:63
BRH:0
end_of_record
TN:
SF:src\modules\seller\seller.controller.ts
FN:24,(anonymous_4)
FN:27,(anonymous_5)
FN:32,(anonymous_6)
FN:50,(anonymous_7)
FN:55,(anonymous_8)
FN:65,(anonymous_9)
FN:70,(anonymous_10)
FN:86,(anonymous_11)
FN:95,(anonymous_12)
FN:109,(anonymous_13)
FN:118,(anonymous_14)
FN:123,(anonymous_15)
FN:128,(anonymous_16)
FN:133,(anonymous_17)
FNF:14
FNH:0
FNDA:0,(anonymous_4)
FNDA:0,(anonymous_5)
FNDA:0,(anonymous_6)
FNDA:0,(anonymous_7)
FNDA:0,(anonymous_8)
FNDA:0,(anonymous_9)
FNDA:0,(anonymous_10)
FNDA:0,(anonymous_11)
FNDA:0,(anonymous_12)
FNDA:0,(anonymous_13)
FNDA:0,(anonymous_14)
FNDA:0,(anonymous_15)
FNDA:0,(anonymous_16)
FNDA:0,(anonymous_17)
DA:1,0
DA:15,0
DA:16,0
DA:17,0
DA:18,0
DA:23,0
DA:24,0
DA:27,0
DA:28,0
DA:32,0
DA:40,0
DA:50,0
DA:51,0
DA:55,0
DA:60,0
DA:65,0
DA:66,0
DA:70,0
DA:77,0
DA:86,0
DA:91,0
DA:95,0
DA:101,0
DA:109,0
DA:114,0
DA:118,0
DA:119,0
DA:123,0
DA:124,0
DA:128,0
DA:129,0
DA:133,0
DA:134,0
LF:33
LH:0
BRDA:41,0,0,0
BRDA:41,0,1,0
BRDA:42,1,0,0
BRDA:42,1,1,0
BRDA:78,2,0,0
BRDA:78,2,1,0
BRDA:79,3,0,0
BRDA:79,3,1,0
BRDA:102,4,0,0
BRDA:102,4,1,0
BRDA:103,5,0,0
BRDA:103,5,1,0
BRDA:24,6,0,0
BRDA:24,6,1,0
BRDA:24,7,0,0
BRDA:24,7,1,0
BRF:16
BRH:0
end_of_record
TN:
SF:src\modules\seller\seller.module.ts
FN:8,(anonymous_1)
FNF:1
FNH:0
FNDA:0,(anonymous_1)
DA:1,0
DA:2,0
DA:3,0
DA:4,0
DA:5,0
DA:8,0
DA:13,0
LF:7
LH:0
BRF:0
BRH:0
end_of_record
TN:
SF:src\modules\seller\seller.service.ts
FN:9,generateSlug
FN:20,(anonymous_3)
FN:22,(anonymous_4)
FN:31,(anonymous_5)
FN:94,(anonymous_6)
FN:96,(anonymous_7)
FN:112,(anonymous_8)
FN:162,(anonymous_9)
FN:204,(anonymous_10)
FN:224,(anonymous_11)
FN:243,(anonymous_12)
FN:282,(anonymous_13)
FN:302,(anonymous_14)
FN:351,(anonymous_15)
FN:421,(anonymous_16)
FN:434,(anonymous_17)
FN:450,(anonymous_18)
FN:473,(anonymous_19)
FN:483,(anonymous_20)
FN:490,(anonymous_21)
FN:516,(anonymous_22)
FN:554,(anonymous_23)
FNF:22
FNH:0
FNDA:0,generateSlug
FNDA:0,(anonymous_3)
FNDA:0,(anonymous_4)
FNDA:0,(anonymous_5)
FNDA:0,(anonymous_6)
FNDA:0,(anonymous_7)
FNDA:0,(anonymous_8)
FNDA:0,(anonymous_9)
FNDA:0,(anonymous_10)
FNDA:0,(anonymous_11)
FNDA:0,(anonymous_12)
FNDA:0,(anonymous_13)
FNDA:0,(anonymous_14)
FNDA:0,(anonymous_15)
FNDA:0,(anonymous_16)
FNDA:0,(anonymous_17)
FNDA:0,(anonymous_18)
FNDA:0,(anonymous_19)
FNDA:0,(anonymous_20)
FNDA:0,(anonymous_21)
FNDA:0,(anonymous_22)
FNDA:0,(anonymous_23)
DA:1,0
DA:7,0
DA:10,0
DA:14,0
DA:15,0
DA:19,0
DA:20,0
DA:23,0
DA:26,0
DA:27,0
DA:28,0
DA:32,0
DA:33,0
DA:34,0
DA:42,0
DA:88,0
DA:89,0
DA:90,0
DA:91,0
DA:92,0
DA:94,0
DA:96,0
DA:97,0
DA:100,0
DA:122,0
DA:123,0
DA:124,0
DA:125,0
DA:127,0
DA:128,0
DA:129,0
DA:130,0
DA:131,0
DA:139,0
DA:153,0
DA:163,0
DA:165,0
DA:168,0
DA:170,0
DA:172,0
DA:196,0
DA:201,0
DA:205,0
DA:206,0
DA:209,0
DA:210,0
DA:211,0
DA:213,0
DA:214,0
DA:217,0
DA:225,0
DA:226,0
DA:229,0
DA:230,0
DA:231,0
DA:233,0
DA:235,0
DA:240,0
DA:247,0
DA:248,0
DA:249,0
DA:250,0
DA:252,0
DA:255,0
DA:257,0
DA:279,0
DA:287,0
DA:288,0
DA:292,0
DA:293,0
DA:294,0
DA:296,0
DA:306,0
DA:307,0
DA:308,0
DA:309,0
DA:311,0
DA:312,0
DA:313,0
DA:316,0
DA:337,0
DA:341,0
DA:355,0
DA:356,0
DA:357,0
DA:360,0
DA:363,0
DA:400,0
DA:401,0
DA:402,0
DA:403,0
DA:404,0
DA:405,0
DA:406,0
DA:407,0
DA:409,0
DA:410,0
DA:414,0
DA:415,0
DA:416,0
DA:417,0
DA:420,0
DA:422,0
DA:425,0
DA:434,0
DA:436,0
DA:440,0
DA:451,0
DA:452,0
DA:456,0
DA:473,0
DA:475,0
DA:483,0
DA:491,0
DA:492,0
DA:513,0
DA:517,0
DA:518,0
DA:519,0
DA:520,0
DA:521,0
DA:522,0
DA:523,0
DA:525,0
DA:526,0
DA:532,0
DA:537,0
DA:538,0
DA:539,0
DA:540,0
DA:541,0
DA:542,0
DA:543,0
DA:545,0
DA:551,0
DA:555,0
DA:576,0
DA:577,0
DA:584,0
LF:139
LH:0
BRDA:26,0,0,0
BRDA:26,0,1,0
BRDA:103,1,0,0
BRDA:103,1,1,0
BRDA:123,2,0,0
BRDA:123,2,1,0
BRDA:124,3,0,0
BRDA:124,3,1,0
BRDA:128,4,0,0
BRDA:128,4,1,0
BRDA:129,5,0,0
BRDA:129,5,1,0
BRDA:130,6,0,0
BRDA:130,6,1,0
BRDA:168,7,0,0
BRDA:168,7,1,0
BRDA:180,8,0,0
BRDA:180,8,1,0
BRDA:181,9,0,0
BRDA:181,9,1,0
BRDA:186,10,0,0
BRDA:186,10,1,0
BRDA:209,11,0,0
BRDA:209,11,1,0
BRDA:210,12,0,0
BRDA:210,12,1,0
BRDA:213,13,0,0
BRDA:213,13,1,0
BRDA:229,14,0,0
BRDA:229,14,1,0
BRDA:230,15,0,0
BRDA:230,15,1,0
BRDA:248,16,0,0
BRDA:248,16,1,0
BRDA:249,17,0,0
BRDA:249,17,1,0
BRDA:255,18,0,0
BRDA:255,18,1,0
BRDA:292,19,0,0
BRDA:292,19,1,0
BRDA:293,20,0,0
BRDA:293,20,1,0
BRDA:307,21,0,0
BRDA:307,21,1,0
BRDA:308,22,0,0
BRDA:308,22,1,0
BRDA:312,23,0,0
BRDA:312,23,1,0
BRDA:357,24,0,0
BRDA:357,24,1,0
BRDA:360,25,0,0
BRDA:360,25,1,0
BRDA:404,26,0,0
BRDA:404,26,1,0
BRDA:416,27,0,0
BRDA:416,27,1,0
BRDA:427,28,0,0
BRDA:427,28,1,0
BRDA:429,29,0,0
BRDA:429,29,1,0
BRDA:436,30,0,0
BRDA:436,30,1,0
BRDA:476,31,0,0
BRDA:476,31,1,0
BRDA:519,32,0,0
BRDA:519,32,1,0
BRDA:520,33,0,0
BRDA:520,33,1,0
BRDA:522,34,0,0
BRDA:522,34,1,0
BRDA:523,35,0,0
BRDA:523,35,1,0
BRDA:525,36,0,0
BRDA:525,36,1,0
BRDA:532,37,0,0
BRDA:532,37,1,0
BRDA:533,38,0,0
BRDA:533,38,1,0
BRDA:533,38,2,0
BRDA:538,39,0,0
BRDA:538,39,1,0
BRDA:540,40,0,0
BRDA:540,40,1,0
BRDA:542,41,0,0
BRDA:542,41,1,0
BRDA:576,42,0,0
BRDA:576,42,1,0
BRDA:20,43,0,0
BRDA:20,43,1,0
BRDA:20,44,0,0
BRDA:20,44,1,0
BRF:91
BRH:0
end_of_record
TN:
SF:src\modules\support\support.controller.ts
FN:18,(anonymous_4)
FN:21,(anonymous_5)
FN:26,(anonymous_6)
FN:40,(anonymous_7)
FN:49,(anonymous_8)
FN:54,(anonymous_9)
FNF:6
FNH:0
FNDA:0,(anonymous_4)
FNDA:0,(anonymous_5)
FNDA:0,(anonymous_6)
FNDA:0,(anonymous_7)
FNDA:0,(anonymous_8)
FNDA:0,(anonymous_9)
DA:1,0
DA:12,0
DA:13,0
DA:17,0
DA:18,0
DA:21,0
DA:22,0
DA:26,0
DA:32,0
DA:40,0
DA:45,0
DA:49,0
DA:50,0
DA:54,0
DA:55,0
LF:15
LH:0
BRDA:33,0,0,0
BRDA:33,0,1,0
BRDA:34,1,0,0
BRDA:34,1,1,0
BRDA:18,2,0,0
BRDA:18,2,1,0
BRDA:18,3,0,0
BRDA:18,3,1,0
BRF:8
BRH:0
end_of_record
TN:
SF:src\modules\support\support.module.ts
FNF:0
FNH:0
DA:1,0
DA:2,0
DA:3,0
DA:4,0
DA:11,0
LF:5
LH:0
BRF:0
BRH:0
end_of_record
TN:
SF:src\modules\support\support.service.ts
FN:8,(anonymous_2)
FN:12,(anonymous_3)
FN:34,(anonymous_4)
FN:63,(anonymous_5)
FN:101,(anonymous_6)
FN:128,(anonymous_7)
FN:140,(anonymous_8)
FN:150,(anonymous_9)
FNF:8
FNH:0
FNDA:0,(anonymous_2)
FNDA:0,(anonymous_3)
FNDA:0,(anonymous_4)
FNDA:0,(anonymous_5)
FNDA:0,(anonymous_6)
FNDA:0,(anonymous_7)
FNDA:0,(anonymous_8)
FNDA:0,(anonymous_9)
DA:1,0
DA:2,0
DA:5,0
DA:8,0
DA:9,0
DA:21,0
DA:38,0
DA:39,0
DA:40,0
DA:41,0
DA:42,0
DA:44,0
DA:54,0
DA:70,0
DA:71,0
DA:72,0
DA:73,0
DA:75,0
DA:76,0
DA:77,0
DA:79,0
DA:92,0
DA:106,0
DA:109,0
DA:111,0
DA:112,0
DA:118,0
DA:129,0
DA:132,0
DA:134,0
DA:141,0
DA:142,0
DA:144,0
DA:151,0
DA:159,0
LF:35
LH:0
BRDA:27,0,0,0
BRDA:27,0,1,0
BRDA:38,1,0,0
BRDA:38,1,1,0
BRDA:39,2,0,0
BRDA:39,2,1,0
BRDA:42,3,0,0
BRDA:42,3,1,0
BRDA:70,4,0,0
BRDA:70,4,1,0
BRDA:71,5,0,0
BRDA:71,5,1,0
BRDA:75,6,0,0
BRDA:75,6,1,0
BRDA:76,7,0,0
BRDA:76,7,1,0
BRDA:77,8,0,0
BRDA:77,8,1,0
BRDA:109,9,0,0
BRDA:109,9,1,0
BRDA:111,10,0,0
BRDA:111,10,1,0
BRDA:123,11,0,0
BRDA:123,11,1,0
BRDA:132,12,0,0
BRDA:132,12,1,0
BRDA:142,13,0,0
BRDA:142,13,1,0
BRDA:166,14,0,0
BRDA:166,14,1,0
BRDA:8,15,0,0
BRDA:8,15,1,0
BRDA:8,16,0,0
BRDA:8,16,1,0
BRF:34
BRH:0
end_of_record
TN:
SF:src\modules\wallet\wallet.controller.ts
FN:16,(anonymous_4)
FN:19,(anonymous_5)
FN:24,(anonymous_6)
FN:38,(anonymous_7)
FN:46,(anonymous_8)
FNF:5
FNH:0
FNDA:0,(anonymous_4)
FNDA:0,(anonymous_5)
FNDA:0,(anonymous_6)
FNDA:0,(anonymous_7)
FNDA:0,(anonymous_8)
DA:1,0
DA:10,0
DA:11,0
DA:15,0
DA:16,0
DA:19,0
DA:20,0
DA:24,0
DA:30,0
DA:38,0
DA:42,0
DA:46,0
DA:50,0
LF:13
LH:0
BRDA:31,0,0,0
BRDA:31,0,1,0
BRDA:32,1,0,0
BRDA:32,1,1,0
BRDA:16,2,0,0
BRDA:16,2,1,0
BRDA:16,3,0,0
BRDA:16,3,1,0
BRF:8
BRH:0
end_of_record
TN:
SF:src\modules\wallet\wallet.module.ts
FNF:0
FNH:0
DA:1,0
DA:2,0
DA:3,0
DA:4,0
DA:11,0
LF:5
LH:0
BRF:0
BRH:0
end_of_record
TN:
SF:src\modules\wallet\wallet.service.ts
FN:12,(anonymous_2)
FN:16,(anonymous_3)
FN:24,(anonymous_4)
FN:35,(anonymous_5)
FN:69,(anonymous_6)
FN:104,(anonymous_7)
FN:137,(anonymous_8)
FN:174,(anonymous_9)
FN:205,(anonymous_10)
FN:273,(anonymous_11)
FNF:10
FNH:5
FNDA:5,(anonymous_2)
FNDA:2,(anonymous_3)
FNDA:0,(anonymous_4)
FNDA:2,(anonymous_5)
FNDA:1,(anonymous_6)
FNDA:0,(anonymous_7)
FNDA:0,(anonymous_8)
FNDA:0,(anonymous_9)
FNDA:1,(anonymous_10)
FNDA:0,(anonymous_11)
DA:1,1
DA:6,1
DA:9,1
DA:12,5
DA:13,5
DA:17,2
DA:25,0
DA:26,0
DA:36,2
DA:37,1
DA:39,1
DA:40,1
DA:42,1
DA:47,1
DA:61,1
DA:70,1
DA:71,1
DA:72,1
DA:73,1
DA:75,0
DA:76,0
DA:78,0
DA:83,0
DA:97,0
DA:105,0
DA:106,0
DA:108,0
DA:109,0
DA:111,0
DA:116,0
DA:130,0
DA:138,0
DA:139,0
DA:141,0
DA:142,0
DA:144,0
DA:153,0
DA:167,0
DA:178,0
DA:179,0
DA:180,0
DA:181,0
DA:182,0
DA:184,0
DA:186,0
DA:196,0
DA:206,1
DA:208,1
DA:211,1
DA:213,0
DA:214,0
DA:215,0
DA:217,0
DA:221,0
DA:222,0
DA:223,0
DA:224,0
DA:225,0
DA:226,0
DA:228,0
DA:229,0
DA:231,0
DA:243,0
DA:244,0
DA:246,0
DA:251,0
DA:266,0
DA:274,0
DA:277,0
DA:278,0
DA:279,0
DA:281,0
LF:72
LH:20
BRDA:36,0,0,1
BRDA:36,0,1,1
BRDA:70,1,0,0
BRDA:70,1,1,1
BRDA:72,2,0,1
BRDA:72,2,1,0
BRDA:105,3,0,0
BRDA:105,3,1,0
BRDA:138,4,0,0
BRDA:138,4,1,0
BRDA:179,5,0,0
BRDA:179,5,1,0
BRDA:180,6,0,0
BRDA:180,6,1,0
BRDA:184,7,0,0
BRDA:184,7,1,0
BRDA:206,8,0,0
BRDA:206,8,1,1
BRDA:211,9,0,1
BRDA:211,9,1,0
BRDA:214,10,0,0
BRDA:214,10,1,0
BRDA:221,11,0,0
BRDA:221,11,1,0
BRDA:222,12,0,0
BRDA:222,12,1,0
BRDA:223,13,0,0
BRDA:223,13,1,0
BRDA:224,14,0,0
BRDA:224,14,1,0
BRDA:225,15,0,0
BRDA:225,15,1,0
BRDA:226,16,0,0
BRDA:226,16,1,0
BRDA:277,17,0,0
BRDA:277,17,1,0
BRDA:278,18,0,0
BRDA:278,18,1,0
BRDA:12,19,0,1
BRDA:12,19,1,0
BRDA:12,20,0,1
BRDA:12,20,1,1
BRF:42
BRH:9
end_of_record
TN:
SF:src\modules\wms\barcode.service.ts
FN:5,(anonymous_1)
FN:7,(anonymous_2)
FN:11,(anonymous_3)
FN:21,(anonymous_4)
FN:25,(anonymous_5)
FNF:5
FNH:0
FNDA:0,(anonymous_1)
FNDA:0,(anonymous_2)
FNDA:0,(anonymous_3)
FNDA:0,(anonymous_4)
FNDA:0,(anonymous_5)
DA:1,0
DA:4,0
DA:7,0
DA:8,0
DA:12,0
DA:13,0
DA:14,0
DA:22,0
DA:26,0
DA:27,0
DA:28,0
DA:30,0
LF:12
LH:0
BRDA:13,0,0,0
BRDA:13,0,1,0
BRF:2
BRH:0
end_of_record
TN:
SF:src\modules\wms\wms.controller.ts
FN:17,(anonymous_4)
FN:20,(anonymous_5)
FN:36,(anonymous_6)
FN:48,(anonymous_7)
FN:53,(anonymous_8)
FN:58,(anonymous_9)
FN:63,(anonymous_10)
FN:68,(anonymous_11)
FN:79,(anonymous_12)
FN:95,(anonymous_13)
FN:100,(anonymous_14)
FN:105,(anonymous_15)
FN:110,(anonymous_16)
FN:115,(anonymous_17)
FN:123,(anonymous_18)
FN:131,(anonymous_19)
FN:136,(anonymous_20)
FNF:17
FNH:0
FNDA:0,(anonymous_4)
FNDA:0,(anonymous_5)
FNDA:0,(anonymous_6)
FNDA:0,(anonymous_7)
FNDA:0,(anonymous_8)
FNDA:0,(anonymous_9)
FNDA:0,(anonymous_10)
FNDA:0,(anonymous_11)
FNDA:0,(anonymous_12)
FNDA:0,(anonymous_13)
FNDA:0,(anonymous_14)
FNDA:0,(anonymous_15)
FNDA:0,(anonymous_16)
FNDA:0,(anonymous_17)
FNDA:0,(anonymous_18)
FNDA:0,(anonymous_19)
FNDA:0,(anonymous_20)
DA:1,0
DA:11,0
DA:12,0
DA:16,0
DA:17,0
DA:20,0
DA:32,0
DA:36,0
DA:44,0
DA:48,0
DA:49,0
DA:53,0
DA:54,0
DA:58,0
DA:59,0
DA:63,0
DA:64,0
DA:68,0
DA:75,0
DA:79,0
DA:87,0
DA:95,0
DA:96,0
DA:100,0
DA:101,0
DA:105,0
DA:106,0
DA:110,0
DA:111,0
DA:115,0
DA:119,0
DA:123,0
DA:127,0
DA:131,0
DA:132,0
DA:136,0
DA:137,0
LF:37
LH:0
BRDA:17,0,0,0
BRDA:17,0,1,0
BRDA:17,1,0,0
BRDA:17,1,1,0
BRF:4
BRH:0
end_of_record
TN:
SF:src\modules\wms\wms.module.ts
FNF:0
FNH:0
DA:1,0
DA:2,0
DA:3,0
DA:4,0
DA:5,0
DA:12,0
LF:6
LH:0
BRF:0
BRH:0
end_of_record
TN:
SF:src\modules\wms\wms.service.ts
FN:12,(anonymous_2)
FN:16,(anonymous_3)
FN:59,(anonymous_4)
FN:60,(anonymous_5)
FN:81,(anonymous_6)
FN:88,(anonymous_7)
FN:89,(anonymous_8)
FN:99,(anonymous_9)
FN:108,(anonymous_10)
FN:123,(anonymous_11)
FN:136,(anonymous_12)
FN:154,(anonymous_13)
FN:220,(anonymous_14)
FN:221,(anonymous_15)
FN:240,(anonymous_16)
FN:312,(anonymous_17)
FN:367,(anonymous_18)
FN:387,(anonymous_19)
FN:406,(anonymous_20)
FN:428,(anonymous_21)
FN:498,(anonymous_22)
FN:540,(anonymous_23)
FN:563,(anonymous_24)
FN:593,(anonymous_25)
FN:607,(anonymous_26)
FN:623,(anonymous_27)
FN:636,(anonymous_28)
FN:650,(anonymous_29)
FN:654,(anonymous_30)
FNF:29
FNH:0
FNDA:0,(anonymous_2)
FNDA:0,(anonymous_3)
FNDA:0,(anonymous_4)
FNDA:0,(anonymous_5)
FNDA:0,(anonymous_6)
FNDA:0,(anonymous_7)
FNDA:0,(anonymous_8)
FNDA:0,(anonymous_9)
FNDA:0,(anonymous_10)
FNDA:0,(anonymous_11)
FNDA:0,(anonymous_12)
FNDA:0,(anonymous_13)
FNDA:0,(anonymous_14)
FNDA:0,(anonymous_15)
FNDA:0,(anonymous_16)
FNDA:0,(anonymous_17)
FNDA:0,(anonymous_18)
FNDA:0,(anonymous_19)
FNDA:0,(anonymous_20)
FNDA:0,(anonymous_21)
FNDA:0,(anonymous_22)
FNDA:0,(anonymous_23)
FNDA:0,(anonymous_24)
FNDA:0,(anonymous_25)
FNDA:0,(anonymous_26)
FNDA:0,(anonymous_27)
FNDA:0,(anonymous_28)
FNDA:0,(anonymous_29)
FNDA:0,(anonymous_30)
DA:1,0
DA:6,0
DA:9,0
DA:12,0
DA:13,0
DA:17,0
DA:20,0
DA:22,0
DA:23,0
DA:36,0
DA:59,0
DA:60,0
DA:62,0
DA:82,0
DA:87,0
DA:88,0
DA:89,0
DA:100,0
DA:101,0
DA:102,0
DA:113,0
DA:114,0
DA:116,0
DA:123,0
DA:145,0
DA:149,0
DA:150,0
DA:151,0
DA:153,0
DA:154,0
DA:155,0
DA:156,0
DA:160,0
DA:169,0
DA:184,0
DA:185,0
DA:198,0
DA:199,0
DA:209,0
DA:220,0
DA:221,0
DA:222,0
DA:225,0
DA:226,0
DA:231,0
DA:237,0
DA:241,0
DA:252,0
DA:254,0
DA:257,0
DA:259,0
DA:260,0
DA:262,0
DA:263,0
DA:264,0
DA:265,0
DA:274,0
DA:285,0
DA:302,0
DA:303,0
DA:309,0
DA:313,0
DA:317,0
DA:318,0
DA:319,0
DA:321,0
DA:324,0
DA:326,0
DA:331,0
DA:332,0
DA:335,0
DA:364,0
DA:371,0
DA:375,0
DA:377,0
DA:378,0
DA:380,0
DA:387,0
DA:398,0
DA:403,0
DA:411,0
DA:415,0
DA:417,0
DA:418,0
DA:420,0
DA:428,0
DA:437,0
DA:438,0
DA:446,0
DA:447,0
DA:451,0
DA:455,0
DA:465,0
DA:479,0
DA:490,0
DA:495,0
DA:499,0
DA:502,0
DA:504,0
DA:505,0
DA:507,0
DA:508,0
DA:510,0
DA:515,0
DA:516,0
DA:517,0
DA:518,0
DA:528,0
DA:541,0
DA:544,0
DA:546,0
DA:549,0
DA:551,0
DA:554,0
DA:556,0
DA:560,0
DA:564,0
DA:567,0
DA:568,0
DA:569,0
DA:571,0
DA:590,0
DA:594,0
DA:595,0
DA:596,0
DA:608,0
DA:609,0
DA:610,0
DA:624,0
DA:625,0
DA:626,0
DA:637,0
DA:650,0
DA:654,0
LF:134
LH:0
BRDA:20,0,0,0
BRDA:20,0,1,0
BRDA:101,1,0,0
BRDA:101,1,1,0
BRDA:126,2,0,0
BRDA:126,2,1,0
BRDA:149,3,0,0
BRDA:149,3,1,0
BRDA:150,4,0,0
BRDA:150,4,1,0
BRDA:155,5,0,0
BRDA:155,5,1,0
BRDA:164,6,0,0
BRDA:164,6,1,0
BRDA:184,7,0,0
BRDA:184,7,1,0
BRDA:198,8,0,0
BRDA:198,8,1,0
BRDA:198,9,0,0
BRDA:198,9,1,0
BRDA:222,10,0,0
BRDA:222,10,1,0
BRDA:225,11,0,0
BRDA:225,11,1,0
BRDA:252,12,0,0
BRDA:252,12,1,0
BRDA:257,13,0,0
BRDA:257,13,1,0
BRDA:279,14,0,0
BRDA:279,14,1,0
BRDA:317,15,0,0
BRDA:317,15,1,0
BRDA:318,16,0,0
BRDA:318,16,1,0
BRDA:324,17,0,0
BRDA:324,17,1,0
BRDA:331,18,0,0
BRDA:331,18,1,0
BRDA:331,19,0,0
BRDA:331,19,1,0
BRDA:375,20,0,0
BRDA:375,20,1,0
BRDA:415,21,0,0
BRDA:415,21,1,0
BRDA:415,22,0,0
BRDA:415,22,1,0
BRDA:446,23,0,0
BRDA:446,23,1,0
BRDA:446,24,0,0
BRDA:446,24,1,0
BRDA:502,25,0,0
BRDA:502,25,1,0
BRDA:508,26,0,0
BRDA:508,26,1,0
BRDA:544,27,0,0
BRDA:544,27,1,0
BRDA:549,28,0,0
BRDA:549,28,1,0
BRDA:554,29,0,0
BRDA:554,29,1,0
BRDA:567,30,0,0
BRDA:567,30,1,0
BRDA:568,31,0,0
BRDA:568,31,1,0
BRDA:595,32,0,0
BRDA:595,32,1,0
BRDA:609,33,0,0
BRDA:609,33,1,0
BRDA:625,34,0,0
BRDA:625,34,1,0
BRDA:12,35,0,0
BRDA:12,35,1,0
BRDA:12,36,0,0
BRDA:12,36,1,0
BRF:74
BRH:0
end_of_record
TN:
SF:src\observability\opentelemetry.ts
FN:9,setupObservability
FNF:1
FNH:0
FNDA:0,setupObservability
DA:1,0
DA:2,0
DA:3,0
DA:4,0
DA:5,0
DA:6,0
DA:7,0
DA:9,0
DA:11,0
DA:15,0
DA:17,0
DA:27,0
DA:37,0
DA:38,0
LF:14
LH:0
BRDA:11,0,0,0
BRDA:11,0,1,0
BRDA:11,0,2,0
BRDA:20,1,0,0
BRDA:20,1,1,0
BRDA:20,1,2,0
BRF:6
BRH:0
end_of_record
